{
  "C:/FRONT/RS-React/secret-shop/src/components/CurrentPage.tsx": {
    "path": "C:/FRONT/RS-React/secret-shop/src/components/CurrentPage.tsx",
    "statementMap": {
      "0": {
        "start": {
          "line": 5,
          "column": 0
        },
        "end": {
          "line": 15,
          "column": 1
        }
      },
      "1": {
        "start": {
          "line": 6,
          "column": 2
        },
        "end": {
          "line": 8,
          "column": 3
        }
      },
      "2": {
        "start": {
          "line": 7,
          "column": 4
        },
        "end": {
          "line": 7,
          "column": 165
        }
      },
      "3": {
        "start": {
          "line": 9,
          "column": 2
        },
        "end": {
          "line": 9,
          "column": 39
        }
      },
      "4": {
        "start": {
          "line": 10,
          "column": 2
        },
        "end": {
          "line": 10,
          "column": 39
        }
      },
      "5": {
        "start": {
          "line": 11,
          "column": 2
        },
        "end": {
          "line": 13,
          "column": 4
        }
      },
      "6": {
        "start": {
          "line": 12,
          "column": 4
        },
        "end": {
          "line": 12,
          "column": 104
        }
      },
      "7": {
        "start": {
          "line": 14,
          "column": 2
        },
        "end": {
          "line": 14,
          "column": 75
        }
      },
      "8": {
        "start": {
          "line": 16,
          "column": 20
        },
        "end": {
          "line": 31,
          "column": 1
        }
      },
      "9": {
        "start": {
          "line": 19,
          "column": 2
        },
        "end": {
          "line": 30,
          "column": 11
        }
      },
      "10": {
        "start": {
          "line": 32,
          "column": 0
        },
        "end": {
          "line": 32,
          "column": 17
        }
      },
      "11": {
        "start": {
          "line": 35,
          "column": 0
        },
        "end": {
          "line": 35,
          "column": 32
        }
      },
      "12": {
        "start": {
          "line": 36,
          "column": 0
        },
        "end": {
          "line": 52,
          "column": 1
        }
      },
      "13": {
        "start": {
          "line": 37,
          "column": 2
        },
        "end": {
          "line": 37,
          "column": 39
        }
      },
      "14": {
        "start": {
          "line": 38,
          "column": 2
        },
        "end": {
          "line": 38,
          "column": 39
        }
      },
      "15": {
        "start": {
          "line": 39,
          "column": 2
        },
        "end": {
          "line": 51,
          "column": 5
        }
      },
      "16": {
        "start": {
          "line": 43,
          "column": 4
        },
        "end": {
          "line": 43,
          "column": 130
        }
      },
      "17": {
        "start": {
          "line": 44,
          "column": 4
        },
        "end": {
          "line": 50,
          "column": 7
        }
      },
      "18": {
        "start": {
          "line": 45,
          "column": 6
        },
        "end": {
          "line": 46,
          "column": 15
        }
      },
      "19": {
        "start": {
          "line": 46,
          "column": 8
        },
        "end": {
          "line": 46,
          "column": 15
        }
      },
      "20": {
        "start": {
          "line": 47,
          "column": 32
        },
        "end": {
          "line": 47,
          "column": 115
        }
      },
      "21": {
        "start": {
          "line": 48,
          "column": 6
        },
        "end": {
          "line": 49,
          "column": 54
        }
      },
      "22": {
        "start": {
          "line": 49,
          "column": 8
        },
        "end": {
          "line": 49,
          "column": 54
        }
      }
    },
    "fnMap": {
      "0": {
        "name": "(anonymous_0)",
        "decl": {
          "start": {
            "line": 11,
            "column": 24
          },
          "end": {
            "line": 11,
            "column": 25
          }
        },
        "loc": {
          "start": {
            "line": 11,
            "column": 38
          },
          "end": {
            "line": 13,
            "column": 3
          }
        },
        "line": 11
      },
      "1": {
        "name": "(anonymous_1)",
        "decl": {
          "start": {
            "line": 16,
            "column": 20
          },
          "end": {
            "line": 16,
            "column": 21
          }
        },
        "loc": {
          "start": {
            "line": 18,
            "column": 6
          },
          "end": {
            "line": 31,
            "column": 1
          }
        },
        "line": 18
      },
      "2": {
        "name": "(anonymous_2)",
        "decl": {
          "start": {
            "line": 42,
            "column": 9
          },
          "end": {
            "line": 42,
            "column": 10
          }
        },
        "loc": {
          "start": {
            "line": 42,
            "column": 29
          },
          "end": {
            "line": 51,
            "column": 3
          }
        },
        "line": 42
      },
      "3": {
        "name": "(anonymous_3)",
        "decl": {
          "start": {
            "line": 44,
            "column": 27
          },
          "end": {
            "line": 44,
            "column": 28
          }
        },
        "loc": {
          "start": {
            "line": 44,
            "column": 44
          },
          "end": {
            "line": 50,
            "column": 5
          }
        },
        "line": 44
      }
    },
    "branchMap": {
      "0": {
        "loc": {
          "start": {
            "line": 5,
            "column": 0
          },
          "end": {
            "line": 15,
            "column": 1
          }
        },
        "type": "if",
        "locations": [
          {
            "start": {
              "line": 5,
              "column": 0
            },
            "end": {
              "line": 15,
              "column": 1
            }
          },
          {
            "start": {},
            "end": {}
          }
        ],
        "line": 5
      },
      "1": {
        "loc": {
          "start": {
            "line": 6,
            "column": 2
          },
          "end": {
            "line": 8,
            "column": 3
          }
        },
        "type": "if",
        "locations": [
          {
            "start": {
              "line": 6,
              "column": 2
            },
            "end": {
              "line": 8,
              "column": 3
            }
          },
          {
            "start": {},
            "end": {}
          }
        ],
        "line": 6
      },
      "2": {
        "loc": {
          "start": {
            "line": 36,
            "column": 0
          },
          "end": {
            "line": 52,
            "column": 1
          }
        },
        "type": "if",
        "locations": [
          {
            "start": {
              "line": 36,
              "column": 0
            },
            "end": {
              "line": 52,
              "column": 1
            }
          },
          {
            "start": {},
            "end": {}
          }
        ],
        "line": 36
      },
      "3": {
        "loc": {
          "start": {
            "line": 45,
            "column": 6
          },
          "end": {
            "line": 46,
            "column": 15
          }
        },
        "type": "if",
        "locations": [
          {
            "start": {
              "line": 45,
              "column": 6
            },
            "end": {
              "line": 46,
              "column": 15
            }
          },
          {
            "start": {},
            "end": {}
          }
        ],
        "line": 45
      },
      "4": {
        "loc": {
          "start": {
            "line": 48,
            "column": 6
          },
          "end": {
            "line": 49,
            "column": 54
          }
        },
        "type": "if",
        "locations": [
          {
            "start": {
              "line": 48,
              "column": 6
            },
            "end": {
              "line": 49,
              "column": 54
            }
          },
          {
            "start": {},
            "end": {}
          }
        ],
        "line": 48
      }
    },
    "s": {
      "0": 3,
      "1": 3,
      "2": 0,
      "3": 3,
      "4": 3,
      "5": 3,
      "6": 3,
      "7": 3,
      "8": 3,
      "9": 4,
      "10": 3,
      "11": 3,
      "12": 3,
      "13": 3,
      "14": 3,
      "15": 3,
      "16": 3,
      "17": 3,
      "18": 0,
      "19": 0,
      "20": 0,
      "21": 0,
      "22": 0
    },
    "f": {
      "0": 3,
      "1": 4,
      "2": 3,
      "3": 0
    },
    "b": {
      "0": [
        3,
        0
      ],
      "1": [
        0,
        3
      ],
      "2": [
        3,
        0
      ],
      "3": [
        0,
        0
      ],
      "4": [
        0,
        0
      ]
    },
    "inputSourceMap": {
      "version": 3,
      "mappings": "AAII,mBACE,cADF;AAJJ,2BAAyB;AAAQ,IAAgB;AAAA;AAAA;AAAA;AAAA;AAAA;AAAA;AAAA;AAAA;AAAA;AAAA;AAAA;AAAA;AAEjD,MAAMA,cAAcA,CAAC;AAAA,EAAEC;AAAuB,MAAM;AAClD,SACE,mCACE,iCAAC,QAAG;AAAA;AAAA,IAAeA;AAAAA,OAAnB;AAAA;AAAA;AAAA;AAAA,SAAwB,KAD1B;AAAA;AAAA;AAAA;AAAA,SAEA;AAEJ;AAAEC,KANIF;AAQN,eAAeA;AAAY;AAAAG",
      "names": [
        "CurrentPage",
        "page",
        "_c",
        "$RefreshReg$"
      ],
      "sources": [
        "C:/FRONT/RS-React/secret-shop/src/components/CurrentPage.tsx"
      ],
      "file": "C:/FRONT/RS-React/secret-shop/src/components/CurrentPage.tsx"
    },
    "_coverageSchema": "1a1c01bbd47fc00a2c39e90264f33305004495a9",
    "hash": "8b2e5c91fd54b3381dec3a45af7e3ce074d6d860"
  },
  "C:/FRONT/RS-React/secret-shop/src/components/Header.tsx": {
    "path": "C:/FRONT/RS-React/secret-shop/src/components/Header.tsx",
    "statementMap": {
      "0": {
        "start": {
          "line": 5,
          "column": 0
        },
        "end": {
          "line": 15,
          "column": 1
        }
      },
      "1": {
        "start": {
          "line": 6,
          "column": 2
        },
        "end": {
          "line": 8,
          "column": 3
        }
      },
      "2": {
        "start": {
          "line": 7,
          "column": 4
        },
        "end": {
          "line": 7,
          "column": 165
        }
      },
      "3": {
        "start": {
          "line": 9,
          "column": 2
        },
        "end": {
          "line": 9,
          "column": 39
        }
      },
      "4": {
        "start": {
          "line": 10,
          "column": 2
        },
        "end": {
          "line": 10,
          "column": 39
        }
      },
      "5": {
        "start": {
          "line": 11,
          "column": 2
        },
        "end": {
          "line": 13,
          "column": 4
        }
      },
      "6": {
        "start": {
          "line": 12,
          "column": 4
        },
        "end": {
          "line": 12,
          "column": 99
        }
      },
      "7": {
        "start": {
          "line": 14,
          "column": 2
        },
        "end": {
          "line": 14,
          "column": 75
        }
      },
      "8": {
        "start": {
          "line": 20,
          "column": 15
        },
        "end": {
          "line": 84,
          "column": 1
        }
      },
      "9": {
        "start": {
          "line": 23,
          "column": 25
        },
        "end": {
          "line": 25,
          "column": 3
        }
      },
      "10": {
        "start": {
          "line": 24,
          "column": 4
        },
        "end": {
          "line": 24,
          "column": 87
        }
      },
      "11": {
        "start": {
          "line": 26,
          "column": 2
        },
        "end": {
          "line": 83,
          "column": 11
        }
      },
      "12": {
        "start": {
          "line": 51,
          "column": 12
        },
        "end": {
          "line": 51,
          "column": 36
        }
      },
      "13": {
        "start": {
          "line": 58,
          "column": 12
        },
        "end": {
          "line": 58,
          "column": 36
        }
      },
      "14": {
        "start": {
          "line": 65,
          "column": 12
        },
        "end": {
          "line": 65,
          "column": 36
        }
      },
      "15": {
        "start": {
          "line": 85,
          "column": 0
        },
        "end": {
          "line": 85,
          "column": 12
        }
      },
      "16": {
        "start": {
          "line": 88,
          "column": 0
        },
        "end": {
          "line": 88,
          "column": 27
        }
      },
      "17": {
        "start": {
          "line": 89,
          "column": 0
        },
        "end": {
          "line": 105,
          "column": 1
        }
      },
      "18": {
        "start": {
          "line": 90,
          "column": 2
        },
        "end": {
          "line": 90,
          "column": 39
        }
      },
      "19": {
        "start": {
          "line": 91,
          "column": 2
        },
        "end": {
          "line": 91,
          "column": 39
        }
      },
      "20": {
        "start": {
          "line": 92,
          "column": 2
        },
        "end": {
          "line": 104,
          "column": 5
        }
      },
      "21": {
        "start": {
          "line": 96,
          "column": 4
        },
        "end": {
          "line": 96,
          "column": 125
        }
      },
      "22": {
        "start": {
          "line": 97,
          "column": 4
        },
        "end": {
          "line": 103,
          "column": 7
        }
      },
      "23": {
        "start": {
          "line": 98,
          "column": 6
        },
        "end": {
          "line": 99,
          "column": 15
        }
      },
      "24": {
        "start": {
          "line": 99,
          "column": 8
        },
        "end": {
          "line": 99,
          "column": 15
        }
      },
      "25": {
        "start": {
          "line": 100,
          "column": 32
        },
        "end": {
          "line": 100,
          "column": 115
        }
      },
      "26": {
        "start": {
          "line": 101,
          "column": 6
        },
        "end": {
          "line": 102,
          "column": 54
        }
      },
      "27": {
        "start": {
          "line": 102,
          "column": 8
        },
        "end": {
          "line": 102,
          "column": 54
        }
      }
    },
    "fnMap": {
      "0": {
        "name": "(anonymous_0)",
        "decl": {
          "start": {
            "line": 11,
            "column": 24
          },
          "end": {
            "line": 11,
            "column": 25
          }
        },
        "loc": {
          "start": {
            "line": 11,
            "column": 38
          },
          "end": {
            "line": 13,
            "column": 3
          }
        },
        "line": 11
      },
      "1": {
        "name": "(anonymous_1)",
        "decl": {
          "start": {
            "line": 20,
            "column": 15
          },
          "end": {
            "line": 20,
            "column": 16
          }
        },
        "loc": {
          "start": {
            "line": 22,
            "column": 6
          },
          "end": {
            "line": 84,
            "column": 1
          }
        },
        "line": 22
      },
      "2": {
        "name": "(anonymous_2)",
        "decl": {
          "start": {
            "line": 23,
            "column": 25
          },
          "end": {
            "line": 23,
            "column": 26
          }
        },
        "loc": {
          "start": {
            "line": 23,
            "column": 39
          },
          "end": {
            "line": 25,
            "column": 3
          }
        },
        "line": 23
      },
      "3": {
        "name": "(anonymous_3)",
        "decl": {
          "start": {
            "line": 49,
            "column": 60
          },
          "end": {
            "line": 49,
            "column": 61
          }
        },
        "loc": {
          "start": {
            "line": 51,
            "column": 12
          },
          "end": {
            "line": 51,
            "column": 36
          }
        },
        "line": 51
      },
      "4": {
        "name": "(anonymous_4)",
        "decl": {
          "start": {
            "line": 56,
            "column": 65
          },
          "end": {
            "line": 56,
            "column": 66
          }
        },
        "loc": {
          "start": {
            "line": 58,
            "column": 12
          },
          "end": {
            "line": 58,
            "column": 36
          }
        },
        "line": 58
      },
      "5": {
        "name": "(anonymous_5)",
        "decl": {
          "start": {
            "line": 63,
            "column": 64
          },
          "end": {
            "line": 63,
            "column": 65
          }
        },
        "loc": {
          "start": {
            "line": 65,
            "column": 12
          },
          "end": {
            "line": 65,
            "column": 36
          }
        },
        "line": 65
      },
      "6": {
        "name": "(anonymous_6)",
        "decl": {
          "start": {
            "line": 95,
            "column": 9
          },
          "end": {
            "line": 95,
            "column": 10
          }
        },
        "loc": {
          "start": {
            "line": 95,
            "column": 29
          },
          "end": {
            "line": 104,
            "column": 3
          }
        },
        "line": 95
      },
      "7": {
        "name": "(anonymous_7)",
        "decl": {
          "start": {
            "line": 97,
            "column": 27
          },
          "end": {
            "line": 97,
            "column": 28
          }
        },
        "loc": {
          "start": {
            "line": 97,
            "column": 44
          },
          "end": {
            "line": 103,
            "column": 5
          }
        },
        "line": 97
      }
    },
    "branchMap": {
      "0": {
        "loc": {
          "start": {
            "line": 5,
            "column": 0
          },
          "end": {
            "line": 15,
            "column": 1
          }
        },
        "type": "if",
        "locations": [
          {
            "start": {
              "line": 5,
              "column": 0
            },
            "end": {
              "line": 15,
              "column": 1
            }
          },
          {
            "start": {},
            "end": {}
          }
        ],
        "line": 5
      },
      "1": {
        "loc": {
          "start": {
            "line": 6,
            "column": 2
          },
          "end": {
            "line": 8,
            "column": 3
          }
        },
        "type": "if",
        "locations": [
          {
            "start": {
              "line": 6,
              "column": 2
            },
            "end": {
              "line": 8,
              "column": 3
            }
          },
          {
            "start": {},
            "end": {}
          }
        ],
        "line": 6
      },
      "2": {
        "loc": {
          "start": {
            "line": 24,
            "column": 11
          },
          "end": {
            "line": 24,
            "column": 86
          }
        },
        "type": "cond-expr",
        "locations": [
          {
            "start": {
              "line": 24,
              "column": 22
            },
            "end": {
              "line": 24,
              "column": 65
            }
          },
          {
            "start": {
              "line": 24,
              "column": 68
            },
            "end": {
              "line": 24,
              "column": 86
            }
          }
        ],
        "line": 24
      },
      "3": {
        "loc": {
          "start": {
            "line": 89,
            "column": 0
          },
          "end": {
            "line": 105,
            "column": 1
          }
        },
        "type": "if",
        "locations": [
          {
            "start": {
              "line": 89,
              "column": 0
            },
            "end": {
              "line": 105,
              "column": 1
            }
          },
          {
            "start": {},
            "end": {}
          }
        ],
        "line": 89
      },
      "4": {
        "loc": {
          "start": {
            "line": 98,
            "column": 6
          },
          "end": {
            "line": 99,
            "column": 15
          }
        },
        "type": "if",
        "locations": [
          {
            "start": {
              "line": 98,
              "column": 6
            },
            "end": {
              "line": 99,
              "column": 15
            }
          },
          {
            "start": {},
            "end": {}
          }
        ],
        "line": 98
      },
      "5": {
        "loc": {
          "start": {
            "line": 101,
            "column": 6
          },
          "end": {
            "line": 102,
            "column": 54
          }
        },
        "type": "if",
        "locations": [
          {
            "start": {
              "line": 101,
              "column": 6
            },
            "end": {
              "line": 102,
              "column": 54
            }
          },
          {
            "start": {},
            "end": {}
          }
        ],
        "line": 101
      }
    },
    "s": {
      "0": 3,
      "1": 3,
      "2": 0,
      "3": 3,
      "4": 3,
      "5": 3,
      "6": 3,
      "7": 3,
      "8": 3,
      "9": 4,
      "10": 12,
      "11": 4,
      "12": 4,
      "13": 4,
      "14": 4,
      "15": 3,
      "16": 3,
      "17": 3,
      "18": 3,
      "19": 3,
      "20": 3,
      "21": 3,
      "22": 3,
      "23": 0,
      "24": 0,
      "25": 0,
      "26": 0,
      "27": 0
    },
    "f": {
      "0": 3,
      "1": 4,
      "2": 12,
      "3": 4,
      "4": 4,
      "5": 4,
      "6": 3,
      "7": 0
    },
    "b": {
      "0": [
        3,
        0
      ],
      "1": [
        0,
        3
      ],
      "2": [
        4,
        8
      ],
      "3": [
        3,
        0
      ],
      "4": [
        0,
        0
      ],
      "5": [
        0,
        0
      ]
    },
    "inputSourceMap": {
      "version": 3,
      "mappings": "AAeU;AAfV,2BAAwB;AAAkB;AAAA;AAAA;AAAA;AAAA;AAAA;AAAA;AAAA;AAAA;AAAA;AAAA;AAAA;AAAA;AAAA;AAC1C,OAAOA,UAAU;AACjB,OAAO;AACP,OAAOC,iBAAiB;AAGxB,MAAMC,SAASA,CAAC;AAAA,EAAEC;AAAuB,MAAM;AAC7C,QAAMC,iBAAiBA,CAACC,aAAsB;AAC5C,WAAOA,WAAW,8CAA8C;AAAA,EAClE;AAEA,SACE,uBAAC,YAAO,WAAU,UAChB,iCAAC,SAAI,WAAU,0BACb;AAAA,2BAAC,WAAQ,IAAG,KAAI,WAAU,gBACxB;AAAA,6BAAC,SAAI,KAAKL,MAAM,WAAU,qBAAoB,KAAI,MAAlD;AAAA;AAAA;AAAA;AAAA,aAAoD;AAAA,MACpD,uBAAC,QAAG,WAAU,qBAAoB,2BAAlC;AAAA;AAAA;AAAA;AAAA,aAA6C;AAAA,SAF/C;AAAA;AAAA;AAAA;AAAA,WAGA;AAAA,IACA,uBAAC,eAAY,QAAb;AAAA;AAAA;AAAA;AAAA,WAAwB;AAAA,IACxB,uBAAC,SAAI,WAAU,eACb;AAAA,6BAAC,WAAQ,IAAG,KAAI,WAAW,CAAC;AAAA,QAAEK;AAAAA,MAAS,MAAMD,eAAeC,QAAQ,GAAG,oBAAvE;AAAA;AAAA;AAAA;AAAA,aAEA;AAAA,MACA,uBAAC,WAAQ,IAAG,UAAS,WAAW,CAAC;AAAA,QAAEA;AAAAA,MAAS,MAAMD,eAAeC,QAAQ,GAAG,wBAA5E;AAAA;AAAA;AAAA;AAAA,aAEA;AAAA,MACA,uBAAC,WAAQ,IAAG,SAAQ,WAAW,CAAC;AAAA,QAAEA;AAAAA,MAAS,MAAMD,eAAeC,QAAQ,GAAG,oBAA3E;AAAA;AAAA;AAAA;AAAA,aAEA;AAAA,SATF;AAAA;AAAA;AAAA;AAAA,WAUA;AAAA,OAhBF;AAAA;AAAA;AAAA;AAAA,SAiBA,KAlBF;AAAA;AAAA;AAAA;AAAA,SAmBA;AAEJ;AAAEC,KA3BIJ;AA6BN,eAAeA;AAAO;AAAAK",
      "names": [
        "logo",
        "CurrentPage",
        "Header",
        "page",
        "getActiveClass",
        "isActive",
        "_c",
        "$RefreshReg$"
      ],
      "sources": [
        "C:/FRONT/RS-React/secret-shop/src/components/Header.tsx"
      ],
      "file": "C:/FRONT/RS-React/secret-shop/src/components/Header.tsx"
    },
    "_coverageSchema": "1a1c01bbd47fc00a2c39e90264f33305004495a9",
    "hash": "4b07ad7d33e308fbeb32d3d2713727da32060024"
  },
  "C:/FRONT/RS-React/secret-shop/src/pages/AboutUsPage.tsx": {
    "path": "C:/FRONT/RS-React/secret-shop/src/pages/AboutUsPage.tsx",
    "statementMap": {
      "0": {
        "start": {
          "line": 5,
          "column": 0
        },
        "end": {
          "line": 15,
          "column": 1
        }
      },
      "1": {
        "start": {
          "line": 6,
          "column": 2
        },
        "end": {
          "line": 8,
          "column": 3
        }
      },
      "2": {
        "start": {
          "line": 7,
          "column": 4
        },
        "end": {
          "line": 7,
          "column": 165
        }
      },
      "3": {
        "start": {
          "line": 9,
          "column": 2
        },
        "end": {
          "line": 9,
          "column": 39
        }
      },
      "4": {
        "start": {
          "line": 10,
          "column": 2
        },
        "end": {
          "line": 10,
          "column": 39
        }
      },
      "5": {
        "start": {
          "line": 11,
          "column": 2
        },
        "end": {
          "line": 13,
          "column": 4
        }
      },
      "6": {
        "start": {
          "line": 12,
          "column": 4
        },
        "end": {
          "line": 12,
          "column": 99
        }
      },
      "7": {
        "start": {
          "line": 14,
          "column": 2
        },
        "end": {
          "line": 14,
          "column": 75
        }
      },
      "8": {
        "start": {
          "line": 17,
          "column": 20
        },
        "end": {
          "line": 40,
          "column": 1
        }
      },
      "9": {
        "start": {
          "line": 20,
          "column": 2
        },
        "end": {
          "line": 39,
          "column": 11
        }
      },
      "10": {
        "start": {
          "line": 41,
          "column": 0
        },
        "end": {
          "line": 41,
          "column": 17
        }
      },
      "11": {
        "start": {
          "line": 44,
          "column": 0
        },
        "end": {
          "line": 44,
          "column": 32
        }
      },
      "12": {
        "start": {
          "line": 45,
          "column": 0
        },
        "end": {
          "line": 61,
          "column": 1
        }
      },
      "13": {
        "start": {
          "line": 46,
          "column": 2
        },
        "end": {
          "line": 46,
          "column": 39
        }
      },
      "14": {
        "start": {
          "line": 47,
          "column": 2
        },
        "end": {
          "line": 47,
          "column": 39
        }
      },
      "15": {
        "start": {
          "line": 48,
          "column": 2
        },
        "end": {
          "line": 60,
          "column": 5
        }
      },
      "16": {
        "start": {
          "line": 52,
          "column": 4
        },
        "end": {
          "line": 52,
          "column": 125
        }
      },
      "17": {
        "start": {
          "line": 53,
          "column": 4
        },
        "end": {
          "line": 59,
          "column": 7
        }
      },
      "18": {
        "start": {
          "line": 54,
          "column": 6
        },
        "end": {
          "line": 55,
          "column": 15
        }
      },
      "19": {
        "start": {
          "line": 55,
          "column": 8
        },
        "end": {
          "line": 55,
          "column": 15
        }
      },
      "20": {
        "start": {
          "line": 56,
          "column": 32
        },
        "end": {
          "line": 56,
          "column": 115
        }
      },
      "21": {
        "start": {
          "line": 57,
          "column": 6
        },
        "end": {
          "line": 58,
          "column": 54
        }
      },
      "22": {
        "start": {
          "line": 58,
          "column": 8
        },
        "end": {
          "line": 58,
          "column": 54
        }
      }
    },
    "fnMap": {
      "0": {
        "name": "(anonymous_0)",
        "decl": {
          "start": {
            "line": 11,
            "column": 24
          },
          "end": {
            "line": 11,
            "column": 25
          }
        },
        "loc": {
          "start": {
            "line": 11,
            "column": 38
          },
          "end": {
            "line": 13,
            "column": 3
          }
        },
        "line": 11
      },
      "1": {
        "name": "(anonymous_1)",
        "decl": {
          "start": {
            "line": 17,
            "column": 20
          },
          "end": {
            "line": 17,
            "column": 21
          }
        },
        "loc": {
          "start": {
            "line": 19,
            "column": 6
          },
          "end": {
            "line": 40,
            "column": 1
          }
        },
        "line": 19
      },
      "2": {
        "name": "(anonymous_2)",
        "decl": {
          "start": {
            "line": 51,
            "column": 9
          },
          "end": {
            "line": 51,
            "column": 10
          }
        },
        "loc": {
          "start": {
            "line": 51,
            "column": 29
          },
          "end": {
            "line": 60,
            "column": 3
          }
        },
        "line": 51
      },
      "3": {
        "name": "(anonymous_3)",
        "decl": {
          "start": {
            "line": 53,
            "column": 27
          },
          "end": {
            "line": 53,
            "column": 28
          }
        },
        "loc": {
          "start": {
            "line": 53,
            "column": 44
          },
          "end": {
            "line": 59,
            "column": 5
          }
        },
        "line": 53
      }
    },
    "branchMap": {
      "0": {
        "loc": {
          "start": {
            "line": 5,
            "column": 0
          },
          "end": {
            "line": 15,
            "column": 1
          }
        },
        "type": "if",
        "locations": [
          {
            "start": {
              "line": 5,
              "column": 0
            },
            "end": {
              "line": 15,
              "column": 1
            }
          },
          {
            "start": {},
            "end": {}
          }
        ],
        "line": 5
      },
      "1": {
        "loc": {
          "start": {
            "line": 6,
            "column": 2
          },
          "end": {
            "line": 8,
            "column": 3
          }
        },
        "type": "if",
        "locations": [
          {
            "start": {
              "line": 6,
              "column": 2
            },
            "end": {
              "line": 8,
              "column": 3
            }
          },
          {
            "start": {},
            "end": {}
          }
        ],
        "line": 6
      },
      "2": {
        "loc": {
          "start": {
            "line": 45,
            "column": 0
          },
          "end": {
            "line": 61,
            "column": 1
          }
        },
        "type": "if",
        "locations": [
          {
            "start": {
              "line": 45,
              "column": 0
            },
            "end": {
              "line": 61,
              "column": 1
            }
          },
          {
            "start": {},
            "end": {}
          }
        ],
        "line": 45
      },
      "3": {
        "loc": {
          "start": {
            "line": 54,
            "column": 6
          },
          "end": {
            "line": 55,
            "column": 15
          }
        },
        "type": "if",
        "locations": [
          {
            "start": {
              "line": 54,
              "column": 6
            },
            "end": {
              "line": 55,
              "column": 15
            }
          },
          {
            "start": {},
            "end": {}
          }
        ],
        "line": 54
      },
      "4": {
        "loc": {
          "start": {
            "line": 57,
            "column": 6
          },
          "end": {
            "line": 58,
            "column": 54
          }
        },
        "type": "if",
        "locations": [
          {
            "start": {
              "line": 57,
              "column": 6
            },
            "end": {
              "line": 58,
              "column": 54
            }
          },
          {
            "start": {},
            "end": {}
          }
        ],
        "line": 57
      }
    },
    "s": {
      "0": 3,
      "1": 3,
      "2": 0,
      "3": 3,
      "4": 3,
      "5": 3,
      "6": 3,
      "7": 3,
      "8": 3,
      "9": 0,
      "10": 3,
      "11": 3,
      "12": 3,
      "13": 3,
      "14": 3,
      "15": 3,
      "16": 3,
      "17": 3,
      "18": 0,
      "19": 0,
      "20": 0,
      "21": 0,
      "22": 0
    },
    "f": {
      "0": 3,
      "1": 0,
      "2": 3,
      "3": 0
    },
    "b": {
      "0": [
        3,
        0
      ],
      "1": [
        0,
        3
      ],
      "2": [
        3,
        0
      ],
      "3": [
        0,
        0
      ],
      "4": [
        0,
        0
      ]
    },
    "inputSourceMap": {
      "version": 3,
      "mappings": "AAKI,mBACE,cADF;AALJ,OAAOA,oBAAY;AAAsB;AAAA;AAAA;AAAA;AAAA;AAAA;AAAA;AAAA;AAAA;AAAA;AAAA;AAAA;AAAA;AAAA;AAGzC,MAAMC,cAAcA,CAAC;AAAA,EAAEC;AAAuB,MAAM;AAClD,SACE,mCACE;AAAA,2BAAC,UAAO,QAAR;AAAA;AAAA;AAAA;AAAA,WAAmB;AAAA,IACnB,uBAAC,UACC,iCAAC,SAAI,wBAAL;AAAA;AAAA;AAAA;AAAA,WAAa,KADf;AAAA;AAAA;AAAA;AAAA,WAEA;AAAA,OAJF;AAAA;AAAA;AAAA;AAAA,SAKA;AAEJ;AAAEC,KATIF;AAWN,eAAeA;AAAY;AAAAG",
      "names": [
        "Header",
        "AboutUsPage",
        "page",
        "_c",
        "$RefreshReg$"
      ],
      "sources": [
        "C:/FRONT/RS-React/secret-shop/src/pages/AboutUsPage.tsx"
      ],
      "file": "C:/FRONT/RS-React/secret-shop/src/pages/AboutUsPage.tsx"
    },
    "_coverageSchema": "1a1c01bbd47fc00a2c39e90264f33305004495a9",
    "hash": "b4e9ce1f71fe013134fe55235de3da1da7453eff"
  },
  "C:/FRONT/RS-React/secret-shop/src/helper/helper.ts": {
    "path": "C:/FRONT/RS-React/secret-shop/src/helper/helper.ts",
    "statementMap": {
      "0": {
        "start": {
          "line": 1,
          "column": 27
        },
        "end": {
          "line": 10,
          "column": 1
        }
      },
      "1": {
        "start": {
          "line": 2,
          "column": 2
        },
        "end": {
          "line": 8,
          "column": 3
        }
      },
      "2": {
        "start": {
          "line": 3,
          "column": 4
        },
        "end": {
          "line": 3,
          "column": 30
        }
      },
      "3": {
        "start": {
          "line": 4,
          "column": 9
        },
        "end": {
          "line": 8,
          "column": 3
        }
      },
      "4": {
        "start": {
          "line": 5,
          "column": 4
        },
        "end": {
          "line": 5,
          "column": 33
        }
      },
      "5": {
        "start": {
          "line": 6,
          "column": 9
        },
        "end": {
          "line": 8,
          "column": 3
        }
      },
      "6": {
        "start": {
          "line": 7,
          "column": 4
        },
        "end": {
          "line": 7,
          "column": 31
        }
      },
      "7": {
        "start": {
          "line": 9,
          "column": 2
        },
        "end": {
          "line": 9,
          "column": 34
        }
      }
    },
    "fnMap": {
      "0": {
        "name": "(anonymous_0)",
        "decl": {
          "start": {
            "line": 1,
            "column": 27
          },
          "end": {
            "line": 1,
            "column": 28
          }
        },
        "loc": {
          "start": {
            "line": 1,
            "column": 39
          },
          "end": {
            "line": 10,
            "column": 1
          }
        },
        "line": 1
      }
    },
    "branchMap": {
      "0": {
        "loc": {
          "start": {
            "line": 2,
            "column": 2
          },
          "end": {
            "line": 8,
            "column": 3
          }
        },
        "type": "if",
        "locations": [
          {
            "start": {
              "line": 2,
              "column": 2
            },
            "end": {
              "line": 8,
              "column": 3
            }
          },
          {
            "start": {
              "line": 4,
              "column": 9
            },
            "end": {
              "line": 8,
              "column": 3
            }
          }
        ],
        "line": 2
      },
      "1": {
        "loc": {
          "start": {
            "line": 4,
            "column": 9
          },
          "end": {
            "line": 8,
            "column": 3
          }
        },
        "type": "if",
        "locations": [
          {
            "start": {
              "line": 4,
              "column": 9
            },
            "end": {
              "line": 8,
              "column": 3
            }
          },
          {
            "start": {
              "line": 6,
              "column": 9
            },
            "end": {
              "line": 8,
              "column": 3
            }
          }
        ],
        "line": 4
      },
      "2": {
        "loc": {
          "start": {
            "line": 6,
            "column": 9
          },
          "end": {
            "line": 8,
            "column": 3
          }
        },
        "type": "if",
        "locations": [
          {
            "start": {
              "line": 6,
              "column": 9
            },
            "end": {
              "line": 8,
              "column": 3
            }
          },
          {
            "start": {},
            "end": {}
          }
        ],
        "line": 6
      }
    },
    "s": {
      "0": 3,
      "1": 1,
      "2": 0,
      "3": 1,
      "4": 0,
      "5": 1,
      "6": 0,
      "7": 1
    },
    "f": {
      "0": 1
    },
    "b": {
      "0": [
        0,
        1
      ],
      "1": [
        0,
        1
      ],
      "2": [
        0,
        1
      ]
    },
    "inputSourceMap": {
      "version": 3,
      "sources": [
        "C:/FRONT/RS-React/secret-shop/src/helper/helper.ts"
      ],
      "mappings": "AAAA,MAAM,qBAAqB,CAAC,WAAmB;AAC7C,MAAI,SAAS,GAAG;AACd,WAAO;AAAA,EACT,WAAW,SAAS,GAAG;AACrB,WAAO;AAAA,EACT,WAAW,SAAS,GAAG;AACrB,WAAO;AAAA,EACT;AACA,SAAO;AACT;AAEA,SAAS;",
      "names": []
    },
    "_coverageSchema": "1a1c01bbd47fc00a2c39e90264f33305004495a9",
    "hash": "3a9a75cd4dcec37b68b7930d507b7212b6ea84ba"
  },
  "C:/FRONT/RS-React/secret-shop/src/components/Card/CardModal.tsx": {
    "path": "C:/FRONT/RS-React/secret-shop/src/components/Card/CardModal.tsx",
    "statementMap": {
      "0": {
        "start": {
          "line": 5,
          "column": 0
        },
        "end": {
          "line": 15,
          "column": 1
        }
      },
      "1": {
        "start": {
          "line": 6,
          "column": 2
        },
        "end": {
          "line": 8,
          "column": 3
        }
      },
      "2": {
        "start": {
          "line": 7,
          "column": 4
        },
        "end": {
          "line": 7,
          "column": 165
        }
      },
      "3": {
        "start": {
          "line": 9,
          "column": 2
        },
        "end": {
          "line": 9,
          "column": 39
        }
      },
      "4": {
        "start": {
          "line": 10,
          "column": 2
        },
        "end": {
          "line": 10,
          "column": 39
        }
      },
      "5": {
        "start": {
          "line": 11,
          "column": 2
        },
        "end": {
          "line": 13,
          "column": 4
        }
      },
      "6": {
        "start": {
          "line": 12,
          "column": 4
        },
        "end": {
          "line": 12,
          "column": 107
        }
      },
      "7": {
        "start": {
          "line": 14,
          "column": 2
        },
        "end": {
          "line": 14,
          "column": 75
        }
      },
      "8": {
        "start": {
          "line": 17,
          "column": 18
        },
        "end": {
          "line": 139,
          "column": 1
        }
      },
      "9": {
        "start": {
          "line": 21,
          "column": 2
        },
        "end": {
          "line": 138,
          "column": 11
        }
      },
      "10": {
        "start": {
          "line": 22,
          "column": 79
        },
        "end": {
          "line": 22,
          "column": 96
        }
      },
      "11": {
        "start": {
          "line": 28,
          "column": 105
        },
        "end": {
          "line": 28,
          "column": 122
        }
      },
      "12": {
        "start": {
          "line": 81,
          "column": 36
        },
        "end": {
          "line": 81,
          "column": 42
        }
      },
      "13": {
        "start": {
          "line": 89,
          "column": 37
        },
        "end": {
          "line": 89,
          "column": 43
        }
      },
      "14": {
        "start": {
          "line": 97,
          "column": 39
        },
        "end": {
          "line": 97,
          "column": 45
        }
      },
      "15": {
        "start": {
          "line": 140,
          "column": 0
        },
        "end": {
          "line": 140,
          "column": 15
        }
      },
      "16": {
        "start": {
          "line": 143,
          "column": 0
        },
        "end": {
          "line": 143,
          "column": 30
        }
      },
      "17": {
        "start": {
          "line": 144,
          "column": 0
        },
        "end": {
          "line": 160,
          "column": 1
        }
      },
      "18": {
        "start": {
          "line": 145,
          "column": 2
        },
        "end": {
          "line": 145,
          "column": 39
        }
      },
      "19": {
        "start": {
          "line": 146,
          "column": 2
        },
        "end": {
          "line": 146,
          "column": 39
        }
      },
      "20": {
        "start": {
          "line": 147,
          "column": 2
        },
        "end": {
          "line": 159,
          "column": 5
        }
      },
      "21": {
        "start": {
          "line": 151,
          "column": 4
        },
        "end": {
          "line": 151,
          "column": 133
        }
      },
      "22": {
        "start": {
          "line": 152,
          "column": 4
        },
        "end": {
          "line": 158,
          "column": 7
        }
      },
      "23": {
        "start": {
          "line": 153,
          "column": 6
        },
        "end": {
          "line": 154,
          "column": 15
        }
      },
      "24": {
        "start": {
          "line": 154,
          "column": 8
        },
        "end": {
          "line": 154,
          "column": 15
        }
      },
      "25": {
        "start": {
          "line": 155,
          "column": 32
        },
        "end": {
          "line": 155,
          "column": 115
        }
      },
      "26": {
        "start": {
          "line": 156,
          "column": 6
        },
        "end": {
          "line": 157,
          "column": 54
        }
      },
      "27": {
        "start": {
          "line": 157,
          "column": 8
        },
        "end": {
          "line": 157,
          "column": 54
        }
      }
    },
    "fnMap": {
      "0": {
        "name": "(anonymous_0)",
        "decl": {
          "start": {
            "line": 11,
            "column": 24
          },
          "end": {
            "line": 11,
            "column": 25
          }
        },
        "loc": {
          "start": {
            "line": 11,
            "column": 38
          },
          "end": {
            "line": 13,
            "column": 3
          }
        },
        "line": 11
      },
      "1": {
        "name": "(anonymous_1)",
        "decl": {
          "start": {
            "line": 17,
            "column": 18
          },
          "end": {
            "line": 17,
            "column": 19
          }
        },
        "loc": {
          "start": {
            "line": 20,
            "column": 6
          },
          "end": {
            "line": 139,
            "column": 1
          }
        },
        "line": 20
      },
      "2": {
        "name": "(anonymous_2)",
        "decl": {
          "start": {
            "line": 22,
            "column": 73
          },
          "end": {
            "line": 22,
            "column": 74
          }
        },
        "loc": {
          "start": {
            "line": 22,
            "column": 79
          },
          "end": {
            "line": 22,
            "column": 96
          }
        },
        "line": 22
      },
      "3": {
        "name": "(anonymous_3)",
        "decl": {
          "start": {
            "line": 28,
            "column": 99
          },
          "end": {
            "line": 28,
            "column": 100
          }
        },
        "loc": {
          "start": {
            "line": 28,
            "column": 105
          },
          "end": {
            "line": 28,
            "column": 122
          }
        },
        "line": 28
      },
      "4": {
        "name": "(anonymous_4)",
        "decl": {
          "start": {
            "line": 81,
            "column": 29
          },
          "end": {
            "line": 81,
            "column": 30
          }
        },
        "loc": {
          "start": {
            "line": 81,
            "column": 36
          },
          "end": {
            "line": 81,
            "column": 42
          }
        },
        "line": 81
      },
      "5": {
        "name": "(anonymous_5)",
        "decl": {
          "start": {
            "line": 89,
            "column": 30
          },
          "end": {
            "line": 89,
            "column": 31
          }
        },
        "loc": {
          "start": {
            "line": 89,
            "column": 37
          },
          "end": {
            "line": 89,
            "column": 43
          }
        },
        "line": 89
      },
      "6": {
        "name": "(anonymous_6)",
        "decl": {
          "start": {
            "line": 97,
            "column": 32
          },
          "end": {
            "line": 97,
            "column": 33
          }
        },
        "loc": {
          "start": {
            "line": 97,
            "column": 39
          },
          "end": {
            "line": 97,
            "column": 45
          }
        },
        "line": 97
      },
      "7": {
        "name": "(anonymous_7)",
        "decl": {
          "start": {
            "line": 150,
            "column": 9
          },
          "end": {
            "line": 150,
            "column": 10
          }
        },
        "loc": {
          "start": {
            "line": 150,
            "column": 29
          },
          "end": {
            "line": 159,
            "column": 3
          }
        },
        "line": 150
      },
      "8": {
        "name": "(anonymous_8)",
        "decl": {
          "start": {
            "line": 152,
            "column": 27
          },
          "end": {
            "line": 152,
            "column": 28
          }
        },
        "loc": {
          "start": {
            "line": 152,
            "column": 44
          },
          "end": {
            "line": 158,
            "column": 5
          }
        },
        "line": 152
      }
    },
    "branchMap": {
      "0": {
        "loc": {
          "start": {
            "line": 5,
            "column": 0
          },
          "end": {
            "line": 15,
            "column": 1
          }
        },
        "type": "if",
        "locations": [
          {
            "start": {
              "line": 5,
              "column": 0
            },
            "end": {
              "line": 15,
              "column": 1
            }
          },
          {
            "start": {},
            "end": {}
          }
        ],
        "line": 5
      },
      "1": {
        "loc": {
          "start": {
            "line": 6,
            "column": 2
          },
          "end": {
            "line": 8,
            "column": 3
          }
        },
        "type": "if",
        "locations": [
          {
            "start": {
              "line": 6,
              "column": 2
            },
            "end": {
              "line": 8,
              "column": 3
            }
          },
          {
            "start": {},
            "end": {}
          }
        ],
        "line": 6
      },
      "2": {
        "loc": {
          "start": {
            "line": 44,
            "column": 76
          },
          "end": {
            "line": 48,
            "column": 14
          }
        },
        "type": "binary-expr",
        "locations": [
          {
            "start": {
              "line": 44,
              "column": 76
            },
            "end": {
              "line": 44,
              "column": 118
            }
          },
          {
            "start": {
              "line": 44,
              "column": 138
            },
            "end": {
              "line": 48,
              "column": 14
            }
          }
        ],
        "line": 44
      },
      "3": {
        "loc": {
          "start": {
            "line": 59,
            "column": 10
          },
          "end": {
            "line": 59,
            "column": 61
          }
        },
        "type": "binary-expr",
        "locations": [
          {
            "start": {
              "line": 59,
              "column": 10
            },
            "end": {
              "line": 59,
              "column": 35
            }
          },
          {
            "start": {
              "line": 59,
              "column": 39
            },
            "end": {
              "line": 59,
              "column": 61
            }
          }
        ],
        "line": 59
      },
      "4": {
        "loc": {
          "start": {
            "line": 108,
            "column": 6
          },
          "end": {
            "line": 128,
            "column": 14
          }
        },
        "type": "binary-expr",
        "locations": [
          {
            "start": {
              "line": 108,
              "column": 6
            },
            "end": {
              "line": 108,
              "column": 33
            }
          },
          {
            "start": {
              "line": 108,
              "column": 53
            },
            "end": {
              "line": 128,
              "column": 14
            }
          }
        ],
        "line": 108
      },
      "5": {
        "loc": {
          "start": {
            "line": 144,
            "column": 0
          },
          "end": {
            "line": 160,
            "column": 1
          }
        },
        "type": "if",
        "locations": [
          {
            "start": {
              "line": 144,
              "column": 0
            },
            "end": {
              "line": 160,
              "column": 1
            }
          },
          {
            "start": {},
            "end": {}
          }
        ],
        "line": 144
      },
      "6": {
        "loc": {
          "start": {
            "line": 153,
            "column": 6
          },
          "end": {
            "line": 154,
            "column": 15
          }
        },
        "type": "if",
        "locations": [
          {
            "start": {
              "line": 153,
              "column": 6
            },
            "end": {
              "line": 154,
              "column": 15
            }
          },
          {
            "start": {},
            "end": {}
          }
        ],
        "line": 153
      },
      "7": {
        "loc": {
          "start": {
            "line": 156,
            "column": 6
          },
          "end": {
            "line": 157,
            "column": 54
          }
        },
        "type": "if",
        "locations": [
          {
            "start": {
              "line": 156,
              "column": 6
            },
            "end": {
              "line": 157,
              "column": 54
            }
          },
          {
            "start": {},
            "end": {}
          }
        ],
        "line": 156
      }
    },
    "s": {
      "0": 3,
      "1": 3,
      "2": 0,
      "3": 3,
      "4": 3,
      "5": 3,
      "6": 3,
      "7": 3,
      "8": 3,
      "9": 0,
      "10": 0,
      "11": 0,
      "12": 0,
      "13": 0,
      "14": 0,
      "15": 3,
      "16": 3,
      "17": 3,
      "18": 3,
      "19": 3,
      "20": 3,
      "21": 3,
      "22": 3,
      "23": 0,
      "24": 0,
      "25": 0,
      "26": 0,
      "27": 0
    },
    "f": {
      "0": 3,
      "1": 0,
      "2": 0,
      "3": 0,
      "4": 0,
      "5": 0,
      "6": 0,
      "7": 3,
      "8": 0
    },
    "b": {
      "0": [
        3,
        0
      ],
      "1": [
        0,
        3
      ],
      "2": [
        0,
        0
      ],
      "3": [
        0,
        0
      ],
      "4": [
        0,
        0
      ],
      "5": [
        3,
        0
      ],
      "6": [
        0,
        0
      ],
      "7": [
        0,
        0
      ]
    },
    "inputSourceMap": {
      "version": 3,
      "mappings": "AAMM;AANN,OAAO;AAAgC;AAAA;AAAA;AAAA;AAAA;AAAA;AAAA;AAAA;AAAA;AAAA;AAAA;AAAA;AAAA;AAAA;AAGvC,MAAMA,YAAYA,CAAC;AAAA,EAAEC;AAAAA,EAAOC;AAA2B,MAAM;AAC3D,SACE,uBAAC,SAAI,WAAU,SACb;AAAA,2BAAC,SAAI,WAAU,iBAAgB,SAAS,MAAMA,WAAW,KAAK,KAA9D;AAAA;AAAA;AAAA;AAAA,WAAiE;AAAA,IACjE,uBAAC,SAAI,WAAU,iBACb;AAAA,6BAAC,YAAO,WAAU,eAAc,cAAW,SAAQ,SAAS,MAAMA,WAAW,KAAK,GAChF;AAAA,+BAAC,UAAK,WAAU,uBAAhB;AAAA;AAAA;AAAA;AAAA,eAAoC;AAAA,QACpC,uBAAC,UAAK,WAAU,uBAAhB;AAAA;AAAA;AAAA;AAAA,eAAoC;AAAA,WAFtC;AAAA;AAAA;AAAA;AAAA,aAGA;AAAA,MAEA,uBAAC,SAAI,WAAU,iBACZC,kBAAQF,OAAOG,QAAQC,WAAW,CAAC,GAAGC,GAAG,KACxC,uBAAC,YACC,WAAU,yBACV,OAAM,OACN,QAAO,OACP,KAAKL,OAAOG,QAAQC,WAAW,CAAC,GAAGC,KACnC,OAAM,wBACN,aAAY,KACZ,OAAM,uGACN,iBAAe,MACf,OAAM,WATR;AAAA;AAAA;AAAA;AAAA,aAUC,KAZL;AAAA;AAAA;AAAA;AAAA,aAcA;AAAA,MACA,uBAAC,SAAI,WAAU,cACb;AAAA,+BAAC,QAAG,WAAU,oBACXL;AAAAA,iBAAOM;AAAAA,UAAK;AAAA,UAAGN,OAAOO;AAAAA,UAAK;AAAA,UAAGL,QAAQF,OAAOQ,SAAS,KAAM,GAAER,OAAOQ;AAAAA,aADxE;AAAA;AAAA;AAAA;AAAA,eAEA;AAAA,QACA,uBAAC,UAAK,WAAU,6BAA6BR,iBAAOS,mBAApD;AAAA;AAAA;AAAA;AAAA,eAAoE;AAAA,QACpE,uBAAC,UAAK,WAAU,2CAA0C;AAAA;AAAA,UACzCT,OAAOU;AAAAA,UAAY;AAAA,aADpC;AAAA;AAAA;AAAA;AAAA,eAEA;AAAA,QACA,uBAAC,UAAK,WAAU,qCAAoC;AAAA;AAAA,UAC1CV,OAAOW,QAAQC,IAAKC,OAAMA,EAAEP,IAAI,EAAEQ,KAAK,IAAI;AAAA,aADrD;AAAA;AAAA;AAAA;AAAA,eAEA;AAAA,QACA,uBAAC,UAAK,WAAU,oBAAmB;AAAA;AAAA,UACxBd,OAAOe,SAASH,IAAKC,OAAMA,EAAEP,IAAI,EAAEQ,KAAK,IAAI;AAAA,aADvD;AAAA;AAAA;AAAA;AAAA,eAEA;AAAA,QACA,uBAAC,UAAK,WAAU,oBAAmB;AAAA;AAAA,UACxBd,OAAOgB,WAAWJ,IAAKC,OAAMA,EAAEP,IAAI,EAAEQ,KAAK,IAAI;AAAA,aADzD;AAAA;AAAA;AAAA;AAAA,eAEA;AAAA,WAhBF;AAAA;AAAA;AAAA;AAAA,aAiBA;AAAA,MACCZ,QAAQF,OAAOiB,WAAW,KACzB,uBAAC,SAAI,WAAU,qBACb;AAAA,+BAAC,UAAK,WAAU,4BAA2B,qBAA3C;AAAA;AAAA;AAAA;AAAA,eAAgD;AAAA,QAChD,uBAAC,SAAI,WAAU,6BAAf;AAAA;AAAA;AAAA;AAAA,eAAyC;AAAA,QACzC,uBAAC,OAAE,WAAU,2BAA2BjB,iBAAOiB,eAA/C;AAAA;AAAA;AAAA;AAAA,eAA2D;AAAA,WAH7D;AAAA;AAAA;AAAA;AAAA,aAIA;AAAA,SA5CJ;AAAA;AAAA;AAAA;AAAA,WA8CA;AAAA,OAhDF;AAAA;AAAA;AAAA;AAAA,SAiDA;AAEJ;AAAEC,KArDInB;AAuDN,eAAeA;AAAU;AAAAoB",
      "names": [
        "CardModal",
        "movie",
        "closeModal",
        "Boolean",
        "videos",
        "trailers",
        "url",
        "name",
        "year",
        "ageRating",
        "alternativeName",
        "movieLength",
        "genres",
        "map",
        "x",
        "join",
        "persons",
        "countries",
        "description",
        "_c",
        "$RefreshReg$"
      ],
      "sources": [
        "C:/FRONT/RS-React/secret-shop/src/components/Card/CardModal.tsx"
      ],
      "file": "C:/FRONT/RS-React/secret-shop/src/components/Card/CardModal.tsx"
    },
    "_coverageSchema": "1a1c01bbd47fc00a2c39e90264f33305004495a9",
    "hash": "b70331e0c1456b14c7e6b554a5114791060a9580"
  },
  "C:/FRONT/RS-React/secret-shop/src/components/Card/CardModalLoader.tsx": {
    "path": "C:/FRONT/RS-React/secret-shop/src/components/Card/CardModalLoader.tsx",
    "statementMap": {
      "0": {
        "start": {
          "line": 5,
          "column": 0
        },
        "end": {
          "line": 15,
          "column": 1
        }
      },
      "1": {
        "start": {
          "line": 6,
          "column": 2
        },
        "end": {
          "line": 8,
          "column": 3
        }
      },
      "2": {
        "start": {
          "line": 7,
          "column": 4
        },
        "end": {
          "line": 7,
          "column": 165
        }
      },
      "3": {
        "start": {
          "line": 9,
          "column": 2
        },
        "end": {
          "line": 9,
          "column": 39
        }
      },
      "4": {
        "start": {
          "line": 10,
          "column": 2
        },
        "end": {
          "line": 10,
          "column": 39
        }
      },
      "5": {
        "start": {
          "line": 11,
          "column": 2
        },
        "end": {
          "line": 13,
          "column": 4
        }
      },
      "6": {
        "start": {
          "line": 12,
          "column": 4
        },
        "end": {
          "line": 12,
          "column": 113
        }
      },
      "7": {
        "start": {
          "line": 14,
          "column": 2
        },
        "end": {
          "line": 14,
          "column": 75
        }
      },
      "8": {
        "start": {
          "line": 17,
          "column": 24
        },
        "end": {
          "line": 34,
          "column": 1
        }
      },
      "9": {
        "start": {
          "line": 18,
          "column": 2
        },
        "end": {
          "line": 33,
          "column": 11
        }
      },
      "10": {
        "start": {
          "line": 35,
          "column": 0
        },
        "end": {
          "line": 35,
          "column": 21
        }
      },
      "11": {
        "start": {
          "line": 38,
          "column": 0
        },
        "end": {
          "line": 38,
          "column": 36
        }
      },
      "12": {
        "start": {
          "line": 39,
          "column": 0
        },
        "end": {
          "line": 55,
          "column": 1
        }
      },
      "13": {
        "start": {
          "line": 40,
          "column": 2
        },
        "end": {
          "line": 40,
          "column": 39
        }
      },
      "14": {
        "start": {
          "line": 41,
          "column": 2
        },
        "end": {
          "line": 41,
          "column": 39
        }
      },
      "15": {
        "start": {
          "line": 42,
          "column": 2
        },
        "end": {
          "line": 54,
          "column": 5
        }
      },
      "16": {
        "start": {
          "line": 46,
          "column": 4
        },
        "end": {
          "line": 46,
          "column": 139
        }
      },
      "17": {
        "start": {
          "line": 47,
          "column": 4
        },
        "end": {
          "line": 53,
          "column": 7
        }
      },
      "18": {
        "start": {
          "line": 48,
          "column": 6
        },
        "end": {
          "line": 49,
          "column": 15
        }
      },
      "19": {
        "start": {
          "line": 49,
          "column": 8
        },
        "end": {
          "line": 49,
          "column": 15
        }
      },
      "20": {
        "start": {
          "line": 50,
          "column": 32
        },
        "end": {
          "line": 50,
          "column": 115
        }
      },
      "21": {
        "start": {
          "line": 51,
          "column": 6
        },
        "end": {
          "line": 52,
          "column": 54
        }
      },
      "22": {
        "start": {
          "line": 52,
          "column": 8
        },
        "end": {
          "line": 52,
          "column": 54
        }
      }
    },
    "fnMap": {
      "0": {
        "name": "(anonymous_0)",
        "decl": {
          "start": {
            "line": 11,
            "column": 24
          },
          "end": {
            "line": 11,
            "column": 25
          }
        },
        "loc": {
          "start": {
            "line": 11,
            "column": 38
          },
          "end": {
            "line": 13,
            "column": 3
          }
        },
        "line": 11
      },
      "1": {
        "name": "(anonymous_1)",
        "decl": {
          "start": {
            "line": 17,
            "column": 24
          },
          "end": {
            "line": 17,
            "column": 25
          }
        },
        "loc": {
          "start": {
            "line": 17,
            "column": 30
          },
          "end": {
            "line": 34,
            "column": 1
          }
        },
        "line": 17
      },
      "2": {
        "name": "(anonymous_2)",
        "decl": {
          "start": {
            "line": 45,
            "column": 9
          },
          "end": {
            "line": 45,
            "column": 10
          }
        },
        "loc": {
          "start": {
            "line": 45,
            "column": 29
          },
          "end": {
            "line": 54,
            "column": 3
          }
        },
        "line": 45
      },
      "3": {
        "name": "(anonymous_3)",
        "decl": {
          "start": {
            "line": 47,
            "column": 27
          },
          "end": {
            "line": 47,
            "column": 28
          }
        },
        "loc": {
          "start": {
            "line": 47,
            "column": 44
          },
          "end": {
            "line": 53,
            "column": 5
          }
        },
        "line": 47
      }
    },
    "branchMap": {
      "0": {
        "loc": {
          "start": {
            "line": 5,
            "column": 0
          },
          "end": {
            "line": 15,
            "column": 1
          }
        },
        "type": "if",
        "locations": [
          {
            "start": {
              "line": 5,
              "column": 0
            },
            "end": {
              "line": 15,
              "column": 1
            }
          },
          {
            "start": {},
            "end": {}
          }
        ],
        "line": 5
      },
      "1": {
        "loc": {
          "start": {
            "line": 6,
            "column": 2
          },
          "end": {
            "line": 8,
            "column": 3
          }
        },
        "type": "if",
        "locations": [
          {
            "start": {
              "line": 6,
              "column": 2
            },
            "end": {
              "line": 8,
              "column": 3
            }
          },
          {
            "start": {},
            "end": {}
          }
        ],
        "line": 6
      },
      "2": {
        "loc": {
          "start": {
            "line": 39,
            "column": 0
          },
          "end": {
            "line": 55,
            "column": 1
          }
        },
        "type": "if",
        "locations": [
          {
            "start": {
              "line": 39,
              "column": 0
            },
            "end": {
              "line": 55,
              "column": 1
            }
          },
          {
            "start": {},
            "end": {}
          }
        ],
        "line": 39
      },
      "3": {
        "loc": {
          "start": {
            "line": 48,
            "column": 6
          },
          "end": {
            "line": 49,
            "column": 15
          }
        },
        "type": "if",
        "locations": [
          {
            "start": {
              "line": 48,
              "column": 6
            },
            "end": {
              "line": 49,
              "column": 15
            }
          },
          {
            "start": {},
            "end": {}
          }
        ],
        "line": 48
      },
      "4": {
        "loc": {
          "start": {
            "line": 51,
            "column": 6
          },
          "end": {
            "line": 52,
            "column": 54
          }
        },
        "type": "if",
        "locations": [
          {
            "start": {
              "line": 51,
              "column": 6
            },
            "end": {
              "line": 52,
              "column": 54
            }
          },
          {
            "start": {},
            "end": {}
          }
        ],
        "line": 51
      }
    },
    "s": {
      "0": 3,
      "1": 3,
      "2": 0,
      "3": 3,
      "4": 3,
      "5": 3,
      "6": 3,
      "7": 3,
      "8": 3,
      "9": 0,
      "10": 3,
      "11": 3,
      "12": 3,
      "13": 3,
      "14": 3,
      "15": 3,
      "16": 3,
      "17": 3,
      "18": 0,
      "19": 0,
      "20": 0,
      "21": 0,
      "22": 0
    },
    "f": {
      "0": 3,
      "1": 0,
      "2": 3,
      "3": 0
    },
    "b": {
      "0": [
        3,
        0
      ],
      "1": [
        0,
        3
      ],
      "2": [
        3,
        0
      ],
      "3": [
        0,
        0
      ],
      "4": [
        0,
        0
      ]
    },
    "inputSourceMap": {
      "version": 3,
      "mappings": "AAKM;AALN,OAAO;AAAA;AAA4C;AAAA;AAAA;AAAA;AAAA;AAAA;AAAA;AAAA;AAAA;AAAA;AAAA;AAAA;AAAA;AAEnD,MAAMA,kBAAkBA,MAAM;AAC5B,SACE,uBAAC,SAAI,WAAU,0BACb;AAAA,2BAAC,UAAK,WAAU,+BAAhB;AAAA;AAAA;AAAA;AAAA,WAA4C;AAAA,IAC5C,uBAAC,UAAK,WAAU,uBAAhB;AAAA;AAAA;AAAA;AAAA,WAAoC;AAAA,OAFtC;AAAA;AAAA;AAAA;AAAA,SAGA;AAEJ;AAAEC,KAPID;AASN,eAAeA;AAAgB;AAAAE",
      "names": [
        "CardModalLoader",
        "_c",
        "$RefreshReg$"
      ],
      "sources": [
        "C:/FRONT/RS-React/secret-shop/src/components/Card/CardModalLoader.tsx"
      ],
      "file": "C:/FRONT/RS-React/secret-shop/src/components/Card/CardModalLoader.tsx"
    },
    "_coverageSchema": "1a1c01bbd47fc00a2c39e90264f33305004495a9",
    "hash": "2d8d02089939f8a4b6bb017b877d85e09e6d18a6"
  },
  "C:/FRONT/RS-React/secret-shop/src/services/MovieService.ts": {
    "path": "C:/FRONT/RS-React/secret-shop/src/services/MovieService.ts",
    "statementMap": {
      "0": {
        "start": {
          "line": 3,
          "column": 16
        },
        "end": {
          "line": 3,
          "column": 44
        }
      },
      "1": {
        "start": {
          "line": 4,
          "column": 24
        },
        "end": {
          "line": 39,
          "column": 2
        }
      },
      "2": {
        "start": {
          "line": 11,
          "column": 25
        },
        "end": {
          "line": 38,
          "column": 3
        }
      },
      "3": {
        "start": {
          "line": 13,
          "column": 40
        },
        "end": {
          "line": 20,
          "column": 7
        }
      },
      "4": {
        "start": {
          "line": 23,
          "column": 53
        },
        "end": {
          "line": 30,
          "column": 7
        }
      },
      "5": {
        "start": {
          "line": 33,
          "column": 22
        },
        "end": {
          "line": 36,
          "column": 7
        }
      }
    },
    "fnMap": {
      "0": {
        "name": "(anonymous_0)",
        "decl": {
          "start": {
            "line": 11,
            "column": 13
          },
          "end": {
            "line": 11,
            "column": 14
          }
        },
        "loc": {
          "start": {
            "line": 11,
            "column": 25
          },
          "end": {
            "line": 38,
            "column": 3
          }
        },
        "line": 11
      },
      "1": {
        "name": "(anonymous_1)",
        "decl": {
          "start": {
            "line": 13,
            "column": 13
          },
          "end": {
            "line": 13,
            "column": 14
          }
        },
        "loc": {
          "start": {
            "line": 13,
            "column": 40
          },
          "end": {
            "line": 20,
            "column": 7
          }
        },
        "line": 13
      },
      "2": {
        "name": "(anonymous_2)",
        "decl": {
          "start": {
            "line": 23,
            "column": 13
          },
          "end": {
            "line": 23,
            "column": 14
          }
        },
        "loc": {
          "start": {
            "line": 23,
            "column": 53
          },
          "end": {
            "line": 30,
            "column": 7
          }
        },
        "line": 23
      },
      "3": {
        "name": "(anonymous_3)",
        "decl": {
          "start": {
            "line": 33,
            "column": 13
          },
          "end": {
            "line": 33,
            "column": 14
          }
        },
        "loc": {
          "start": {
            "line": 33,
            "column": 22
          },
          "end": {
            "line": 36,
            "column": 7
          }
        },
        "line": 33
      }
    },
    "branchMap": {
      "0": {
        "loc": {
          "start": {
            "line": 13,
            "column": 14
          },
          "end": {
            "line": 13,
            "column": 24
          }
        },
        "type": "default-arg",
        "locations": [
          {
            "start": {
              "line": 13,
              "column": 22
            },
            "end": {
              "line": 13,
              "column": 24
            }
          }
        ],
        "line": 13
      },
      "1": {
        "loc": {
          "start": {
            "line": 13,
            "column": 26
          },
          "end": {
            "line": 13,
            "column": 34
          }
        },
        "type": "default-arg",
        "locations": [
          {
            "start": {
              "line": 13,
              "column": 33
            },
            "end": {
              "line": 13,
              "column": 34
            }
          }
        ],
        "line": 13
      },
      "2": {
        "loc": {
          "start": {
            "line": 23,
            "column": 27
          },
          "end": {
            "line": 23,
            "column": 37
          }
        },
        "type": "default-arg",
        "locations": [
          {
            "start": {
              "line": 23,
              "column": 35
            },
            "end": {
              "line": 23,
              "column": 37
            }
          }
        ],
        "line": 23
      },
      "3": {
        "loc": {
          "start": {
            "line": 23,
            "column": 39
          },
          "end": {
            "line": 23,
            "column": 47
          }
        },
        "type": "default-arg",
        "locations": [
          {
            "start": {
              "line": 23,
              "column": 46
            },
            "end": {
              "line": 23,
              "column": 47
            }
          }
        ],
        "line": 23
      }
    },
    "s": {
      "0": 3,
      "1": 3,
      "2": 3,
      "3": 0,
      "4": 0,
      "5": 0
    },
    "f": {
      "0": 3,
      "1": 0,
      "2": 0,
      "3": 0
    },
    "b": {
      "0": [
        0
      ],
      "1": [
        0
      ],
      "2": [
        0
      ],
      "3": [
        0
      ]
    },
    "inputSourceMap": {
      "version": 3,
      "sources": [
        "C:/FRONT/RS-React/secret-shop/src/services/MovieService.ts"
      ],
      "mappings": "AAAA,SAAS,WAAW,sBAAsB;AAE1C,OAAO,WAAW;AAClB,MAAM,UAAU,YAAY,IAAI;AAEzB,aAAM,WAAW,UAAU;AAAA,EAChC,aAAa;AAAA,EACb,WAAW,eAAe;AAAA,IACxB,SAAS;AAAA,IACT,SAAS;AAAA,IACT,SAAS,EAAE,aAAa,QAAQ;AAAA,EAClC,CAAC;AAAA,EACD,WAAW,CAAC,WAAW;AAAA,IACrB,aAAa,MAAM,MAA2B;AAAA,MAC5C,OAAO,CAAC,QAAQ,IAAI,OAAO,OAAO;AAAA,QAChC,KAAK;AAAA,QACL,QAAQ;AAAA,UACN,QAAQ;AAAA,UACR,OAAO;AAAA,UACP,QAAQ;AAAA,QACV;AAAA,MACF;AAAA,IACF,CAAC;AAAA,IACD,kBAAkB,MAAM,MAA2B;AAAA,MACjD,OAAO,CAAC,aAAa,QAAQ,IAAI,OAAO,OAAO;AAAA,QAC7C,KAAK;AAAA,QACL,QAAQ;AAAA,UACN,QAAQ;AAAA,UACR,OAAO;AAAA,UACP,MAAM;AAAA,QACR;AAAA,MACF;AAAA,IACF,CAAC;AAAA,IACD,YAAY,MAAM,MAAoB;AAAA,MACpC,OAAO,CAAC,QAAQ;AAAA,QACd,KAAK,UAAU;AAAA,QACf,QAAQ,CAAC;AAAA,MACX;AAAA,IACF,CAAC;AAAA,EACH;AACF,CAAC;",
      "names": []
    },
    "_coverageSchema": "1a1c01bbd47fc00a2c39e90264f33305004495a9",
    "hash": "ed594315ff266ac90445360ebc53eb0c9f44e158"
  },
  "C:/FRONT/RS-React/secret-shop/src/components/Card/CardItem.tsx": {
    "path": "C:/FRONT/RS-React/secret-shop/src/components/Card/CardItem.tsx",
    "statementMap": {
      "0": {
        "start": {
          "line": 5,
          "column": 0
        },
        "end": {
          "line": 15,
          "column": 1
        }
      },
      "1": {
        "start": {
          "line": 6,
          "column": 2
        },
        "end": {
          "line": 8,
          "column": 3
        }
      },
      "2": {
        "start": {
          "line": 7,
          "column": 4
        },
        "end": {
          "line": 7,
          "column": 165
        }
      },
      "3": {
        "start": {
          "line": 9,
          "column": 2
        },
        "end": {
          "line": 9,
          "column": 39
        }
      },
      "4": {
        "start": {
          "line": 10,
          "column": 2
        },
        "end": {
          "line": 10,
          "column": 39
        }
      },
      "5": {
        "start": {
          "line": 11,
          "column": 2
        },
        "end": {
          "line": 13,
          "column": 4
        }
      },
      "6": {
        "start": {
          "line": 12,
          "column": 4
        },
        "end": {
          "line": 12,
          "column": 106
        }
      },
      "7": {
        "start": {
          "line": 14,
          "column": 2
        },
        "end": {
          "line": 14,
          "column": 75
        }
      },
      "8": {
        "start": {
          "line": 16,
          "column": 9
        },
        "end": {
          "line": 16,
          "column": 23
        }
      },
      "9": {
        "start": {
          "line": 24,
          "column": 17
        },
        "end": {
          "line": 119,
          "column": 1
        }
      },
      "10": {
        "start": {
          "line": 27,
          "column": 2
        },
        "end": {
          "line": 27,
          "column": 7
        }
      },
      "11": {
        "start": {
          "line": 28,
          "column": 30
        },
        "end": {
          "line": 28,
          "column": 45
        }
      },
      "12": {
        "start": {
          "line": 29,
          "column": 36
        },
        "end": {
          "line": 29,
          "column": 48
        }
      },
      "13": {
        "start": {
          "line": 30,
          "column": 36
        },
        "end": {
          "line": 30,
          "column": 51
        }
      },
      "14": {
        "start": {
          "line": 31,
          "column": 22
        },
        "end": {
          "line": 31,
          "column": 34
        }
      },
      "15": {
        "start": {
          "line": 36,
          "column": 6
        },
        "end": {
          "line": 36,
          "column": 37
        }
      },
      "16": {
        "start": {
          "line": 37,
          "column": 20
        },
        "end": {
          "line": 42,
          "column": 3
        }
      },
      "17": {
        "start": {
          "line": 38,
          "column": 4
        },
        "end": {
          "line": 38,
          "column": 27
        }
      },
      "18": {
        "start": {
          "line": 39,
          "column": 19
        },
        "end": {
          "line": 39,
          "column": 38
        }
      },
      "19": {
        "start": {
          "line": 40,
          "column": 16
        },
        "end": {
          "line": 40,
          "column": 36
        }
      },
      "20": {
        "start": {
          "line": 41,
          "column": 4
        },
        "end": {
          "line": 41,
          "column": 15
        }
      },
      "21": {
        "start": {
          "line": 43,
          "column": 2
        },
        "end": {
          "line": 54,
          "column": 43
        }
      },
      "22": {
        "start": {
          "line": 44,
          "column": 4
        },
        "end": {
          "line": 53,
          "column": 5
        }
      },
      "23": {
        "start": {
          "line": 45,
          "column": 6
        },
        "end": {
          "line": 45,
          "column": 35
        }
      },
      "24": {
        "start": {
          "line": 46,
          "column": 6
        },
        "end": {
          "line": 46,
          "column": 33
        }
      },
      "25": {
        "start": {
          "line": 47,
          "column": 6
        },
        "end": {
          "line": 52,
          "column": 7
        }
      },
      "26": {
        "start": {
          "line": 48,
          "column": 8
        },
        "end": {
          "line": 50,
          "column": 11
        }
      },
      "27": {
        "start": {
          "line": 51,
          "column": 8
        },
        "end": {
          "line": 51,
          "column": 18
        }
      },
      "28": {
        "start": {
          "line": 55,
          "column": 2
        },
        "end": {
          "line": 55,
          "column": 78
        }
      },
      "29": {
        "start": {
          "line": 56,
          "column": 2
        },
        "end": {
          "line": 118,
          "column": 11
        }
      },
      "30": {
        "start": {
          "line": 57,
          "column": 106
        },
        "end": {
          "line": 57,
          "column": 122
        }
      },
      "31": {
        "start": {
          "line": 120,
          "column": 0
        },
        "end": {
          "line": 122,
          "column": 3
        }
      },
      "32": {
        "start": {
          "line": 121,
          "column": 2
        },
        "end": {
          "line": 121,
          "column": 39
        }
      },
      "33": {
        "start": {
          "line": 123,
          "column": 0
        },
        "end": {
          "line": 123,
          "column": 14
        }
      },
      "34": {
        "start": {
          "line": 126,
          "column": 0
        },
        "end": {
          "line": 126,
          "column": 29
        }
[...]
          },
          "end": {
            "line": 55,
            "column": 3
          }
        },
        "line": 46
      },
      "3": {
        "name": "(anonymous_3)",
        "decl": {
          "start": {
            "line": 48,
            "column": 27
          },
          "end": {
            "line": 48,
            "column": 28
          }
        },
        "loc": {
          "start": {
            "line": 48,
            "column": 44
          },
          "end": {
            "line": 54,
            "column": 5
          }
        },
        "line": 48
      }
    },
    "branchMap": {
      "0": {
        "loc": {
          "start": {
            "line": 5,
            "column": 0
          },
          "end": {
            "line": 15,
            "column": 1
          }
        },
        "type": "if",
        "locations": [
          {
            "start": {
              "line": 5,
              "column": 0
            },
            "end": {
              "line": 15,
              "column": 1
            }
          },
          {
            "start": {},
            "end": {}
          }
        ],
        "line": 5
      },
      "1": {
        "loc": {
          "start": {
            "line": 6,
            "column": 2
          },
          "end": {
            "line": 8,
            "column": 3
          }
        },
        "type": "if",
        "locations": [
          {
            "start": {
              "line": 6,
              "column": 2
            },
            "end": {
              "line": 8,
              "column": 3
            }
          },
          {
            "start": {},
            "end": {}
          }
        ],
        "line": 6
      },
      "2": {
        "loc": {
          "start": {
            "line": 40,
            "column": 0
          },
          "end": {
            "line": 56,
            "column": 1
          }
        },
        "type": "if",
        "locations": [
          {
            "start": {
              "line": 40,
              "column": 0
            },
            "end": {
              "line": 56,
              "column": 1
            }
          },
          {
            "start": {},
            "end": {}
          }
        ],
        "line": 40
      },
      "3": {
        "loc": {
          "start": {
            "line": 49,
            "column": 6
          },
          "end": {
            "line": 50,
            "column": 15
          }
        },
        "type": "if",
        "locations": [
          {
            "start": {
              "line": 49,
              "column": 6
            },
            "end": {
              "line": 50,
              "column": 15
            }
          },
          {
            "start": {},
            "end": {}
          }
        ],
        "line": 49
      },
      "4": {
        "loc": {
          "start": {
            "line": 52,
            "column": 6
          },
          "end": {
            "line": 53,
            "column": 54
          }
        },
        "type": "if",
        "locations": [
          {
            "start": {
              "line": 52,
              "column": 6
            },
            "end": {
              "line": 53,
              "column": 54
            }
          },
          {
            "start": {},
            "end": {}
          }
        ],
        "line": 52
      }
    },
    "s": {
      "0": 3,
      "1": 3,
      "2": 0,
      "3": 3,
      "4": 3,
      "5": 3,
      "6": 3,
      "7": 3,
      "8": 3,
      "9": 3,
      "10": 3,
      "11": 3,
      "12": 3,
      "13": 3,
      "14": 3,
      "15": 3,
      "16": 3,
      "17": 3,
      "18": 0,
      "19": 0,
      "20": 0,
      "21": 0,
      "22": 0
    },
    "f": {
      "0": 3,
      "1": 3,
      "2": 3,
      "3": 0
    },
    "b": {
      "0": [
        3,
        0
      ],
      "1": [
        0,
        3
      ],
      "2": [
        3,
        0
      ],
      "3": [
        0,
        0
      ],
      "4": [
        0,
        0
      ]
    },
    "inputSourceMap": {
      "version": 3,
      "mappings": "AAKI,mBACE,cADF;AALJ,OAAOA,oBAAY;AAAU;AAAA;AAAA;AAAA;AAAA;AAAA;AAAA;AAAA;AAAA;AAAA;AAAA;AAAA;AAAA;AAAA;AAC7B,SAASC,cAAc;AAEvB,MAAMC,SAASA,MAAM;AACnB,SACE,mCACE;AAAA,2BAAC,YAAD;AAAA;AAAA;AAAA;AAAA,WAAO;AAAA,IACP,uBAAC,YAAD;AAAA;AAAA;AAAA;AAAA,WAAO;AAAA,OAFT;AAAA;AAAA;AAAA;AAAA,SAGA;AAEJ;AAAEC,KAPID;AASN,eAAeA;AAAO;AAAAE",
      "names": [
        "Footer",
        "Outlet",
        "Layout",
        "_c",
        "$RefreshReg$"
      ],
      "sources": [
        "C:/FRONT/RS-React/secret-shop/src/components/Layout.tsx"
      ],
      "file": "C:/FRONT/RS-React/secret-shop/src/components/Layout.tsx"
    },
    "_coverageSchema": "1a1c01bbd47fc00a2c39e90264f33305004495a9",
    "hash": "da97d5649f0ac1ff8df57e3a79d12673a4bd7d1d"
  },
  "C:/FRONT/RS-React/secret-shop/src/App.tsx": {
    "path": "C:/FRONT/RS-React/secret-shop/src/App.tsx",
    "statementMap": {
      "0": {
        "start": {
          "line": 5,
          "column": 0
        },
        "end": {
          "line": 15,
          "column": 1
        }
      },
      "1": {
        "start": {
          "line": 6,
          "column": 2
        },
        "end": {
          "line": 8,
          "column": 3
        }
      },
      "2": {
        "start": {
          "line": 7,
          "column": 4
        },
        "end": {
          "line": 7,
          "column": 165
        }
      },
      "3": {
        "start": {
          "line": 9,
          "column": 2
        },
        "end": {
          "line": 9,
          "column": 39
        }
      },
      "4": {
        "start": {
          "line": 10,
          "column": 2
        },
        "end": {
          "line": 10,
          "column": 39
        }
      },
      "5": {
        "start": {
          "line": 11,
          "column": 2
        },
        "end": {
          "line": 13,
          "column": 4
        }
      },
      "6": {
        "start": {
          "line": 12,
          "column": 4
        },
        "end": {
          "line": 12,
          "column": 85
        }
      },
      "7": {
        "start": {
          "line": 14,
          "column": 2
        },
        "end": {
          "line": 14,
          "column": 75
        }
      },
      "8": {
        "start": {
          "line": 27,
          "column": 12
        },
        "end": {
          "line": 82,
          "column": 1
        }
      },
      "9": {
        "start": {
          "line": 28,
          "column": 2
        },
        "end": {
          "line": 81,
          "column": 11
        }
      },
      "10": {
        "start": {
          "line": 83,
          "column": 0
        },
        "end": {
          "line": 83,
          "column": 9
        }
      },
      "11": {
        "start": {
          "line": 86,
          "column": 0
        },
        "end": {
          "line": 86,
          "column": 24
        }
      },
      "12": {
        "start": {
          "line": 87,
          "column": 0
        },
        "end": {
          "line": 103,
          "column": 1
        }
      },
      "13": {
        "start": {
          "line": 88,
          "column": 2
        },
        "end": {
          "line": 88,
          "column": 39
        }
      },
      "14": {
        "start": {
          "line": 89,
          "column": 2
        },
        "end": {
          "line": 89,
          "column": 39
        }
      },
      "15": {
        "start": {
          "line": 90,
          "column": 2
        },
        "end": {
          "line": 102,
          "column": 5
        }
      },
      "16": {
        "start": {
          "line": 94,
          "column": 4
        },
        "end": {
          "line": 94,
          "column": 111
        }
      },
      "17": {
        "start": {
          "line": 95,
          "column": 4
        },
        "end": {
          "line": 101,
          "column": 7
        }
      },
      "18": {
        "start": {
          "line": 96,
          "column": 6
        },
        "end": {
          "line": 97,
          "column": 15
        }
      },
      "19": {
        "start": {
          "line": 97,
          "column": 8
        },
        "end": {
          "line": 97,
          "column": 15
        }
      },
      "20": {
        "start": {
          "line": 98,
          "column": 32
        },
        "end": {
          "line": 98,
          "column": 115
        }
      },
      "21": {
        "start": {
          "line": 99,
          "column": 6
        },
        "end": {
          "line": 100,
          "column": 54
        }
      },
      "22": {
        "start": {
          "line": 100,
          "column": 8
        },
        "end": {
          "line": 100,
          "column": 54
        }
      }
    },
    "fnMap": {
      "0": {
        "name": "(anonymous_0)",
        "decl": {
          "start": {
            "line": 11,
            "column": 24
          },
          "end": {
            "line": 11,
            "column": 25
          }
        },
        "loc": {
          "start": {
            "line": 11,
            "column": 38
          },
          "end": {
            "line": 13,
            "column": 3
          }
        },
        "line": 11
      },
      "1": {
        "name": "(anonymous_1)",
        "decl": {
          "start": {
            "line": 27,
            "column": 12
          },
          "end": {
            "line": 27,
            "column": 13
          }
        },
        "loc": {
          "start": {
            "line": 27,
            "column": 18
          },
          "end": {
            "line": 82,
            "column": 1
          }
        },
        "line": 27
      },
      "2": {
        "name": "(anonymous_2)",
        "decl": {
          "start": {
            "line": 93,
            "column": 9
          },
          "end": {
            "line": 93,
            "column": 10
          }
        },
        "loc": {
          "start": {
            "line": 93,
            "column": 29
          },
          "end": {
            "line": 102,
            "column": 3
          }
        },
        "line": 93
      },
      "3": {
        "name": "(anonymous_3)",
        "decl": {
          "start": {
            "line": 95,
            "column": 27
          },
          "end": {
            "line": 95,
            "column": 28
          }
        },
        "loc": {
          "start": {
            "line": 95,
            "column": 44
          },
          "end": {
            "line": 101,
            "column": 5
          }
        },
        "line": 95
      }
    },
    "branchMap": {
      "0": {
        "loc": {
          "start": {
            "line": 5,
            "column": 0
          },
          "end": {
            "line": 15,
            "column": 1
          }
        },
        "type": "if",
        "locations": [
          {
            "start": {
              "line": 5,
              "column": 0
            },
            "end": {
              "line": 15,
              "column": 1
            }
          },
          {
            "start": {},
            "end": {}
          }
        ],
        "line": 5
      },
      "1": {
        "loc": {
          "start": {
            "line": 6,
            "column": 2
          },
          "end": {
            "line": 8,
            "column": 3
          }
        },
        "type": "if",
        "locations": [
          {
            "start": {
              "line": 6,
              "column": 2
            },
            "end": {
              "line": 8,
              "column": 3
            }
          },
          {
            "start": {},
            "end": {}
          }
        ],
        "line": 6
      },
      "2": {
        "loc": {
          "start": {
            "line": 87,
            "column": 0
          },
          "end": {
            "line": 103,
            "column": 1
          }
        },
        "type": "if",
        "locations": [
          {
            "start": {
              "line": 87,
              "column": 0
            },
            "end": {
              "line": 103,
              "column": 1
            }
          },
          {
            "start": {},
            "end": {}
          }
        ],
        "line": 87
      },
      "3": {
        "loc": {
          "start": {
            "line": 96,
            "column": 6
          },
          "end": {
            "line": 97,
            "column": 15
          }
        },
        "type": "if",
        "locations": [
          {
            "start": {
              "line": 96,
              "column": 6
            },
            "end": {
              "line": 97,
              "column": 15
            }
          },
          {
            "start": {},
            "end": {}
          }
        ],
        "line": 96
      },
      "4": {
        "loc": {
          "start": {
            "line": 99,
            "column": 6
          },
          "end": {
            "line": 100,
            "column": 54
          }
        },
        "type": "if",
        "locations": [
          {
            "start": {
              "line": 99,
              "column": 6
            },
            "end": {
              "line": 100,
              "column": 54
            }
          },
          {
            "start": {},
            "end": {}
          }
        ],
        "line": 99
      }
    },
    "s": {
      "0": 3,
      "1": 3,
      "2": 0,
      "3": 3,
      "4": 3,
      "5": 3,
      "6": 3,
      "7": 3,
      "8": 3,
      "9": 3,
      "10": 3,
      "11": 3,
      "12": 3,
      "13": 3,
      "14": 3,
      "15": 3,
      "16": 2,
      "17": 2,
      "18": 0,
      "19": 0,
      "20": 0,
      "21": 0,
      "22": 0
    },
    "f": {
      "0": 3,
      "1": 3,
      "2": 2,
      "3": 0
    },
    "b": {
      "0": [
        3,
        0
      ],
      "1": [
        0,
        3
      ],
      "2": [
        3,
        0
      ],
      "3": [
        0,
        0
      ],
      "4": [
        0,
        0
      ]
    },
    "inputSourceMap": {
      "version": 3,
      "mappings": "AAgBI,mBAE6B,cAF7B;AAhBJ,OAAOA,oBAAkB;AAAA;AAAA;AAAA;AAAA;AAAA;AAAA;AAAA;AAAA;AAAA;AAAA;AAAA;AAAA;AAAA;AACzB,SAASC,QAAQC,aAAa;AAC9B,OAAOC,iBAAiB;AACxB,OAAOC,cAAc;AACrB,OAAOC,kBAAkB;AACzB,OAAOC,cAAc;AAErB,OAAOC,YAAY;AACnB,OAAO;AACP,OAAO;AACP,OAAO;AACP,OAAO;AACP,OAAO;AAEP,MAAMC,MAAMA,MAAM;AAChB,SACE,mCACE,iCAAC,UACC,iCAAC,SAAM,MAAK,KAAI,SAAS,uBAAC,YAAD;AAAA;AAAA;AAAA;AAAA,SAAO,GAC9B;AAAA,2BAAC,SAAM,OAAK,MAAC,SAAS,uBAAC,YAAS,MAAM,UAAhB;AAAA;AAAA;AAAA;AAAA,WAAuB,KAA7C;AAAA;AAAA;AAAA;AAAA,WAAiD;AAAA,IACjD,uBAAC,SAAM,MAAK,SAAQ,SAAS,uBAAC,eAAY,MAAM,WAAnB;AAAA;AAAA;AAAA;AAAA,WAA2B,KAAxD;AAAA;AAAA;AAAA;AAAA,WAA4D;AAAA,IAC5D,uBAAC,SAAM,MAAK,QAAO,SAAS,uBAAC,YAAS,MAAM,UAAhB;AAAA;AAAA;AAAA;AAAA,WAAuB,KAAnD;AAAA;AAAA;AAAA;AAAA,WAAuD;AAAA,IACvD,uBAAC,SAAM,MAAK,KAAI,SAAS,uBAAC,gBAAa,MAAM,SAApB;AAAA;AAAA;AAAA;AAAA,WAA0B,KAAnD;AAAA;AAAA;AAAA;AAAA,WAAuD;AAAA,OAJzD;AAAA;AAAA;AAAA;AAAA,SAKA,KANF;AAAA;AAAA;AAAA;AAAA,SAOA,KARF;AAAA;AAAA;AAAA;AAAA,SASA;AAEJ;AAAEC,KAbID;AAeN,eAAeA;AAAI;AAAAE",
      "names": [
        "React",
        "Routes",
        "Route",
        "AboutUsPage",
        "MainPage",
        "NotFoundPage",
        "FormPage",
        "Layout",
        "App",
        "_c",
        "$RefreshReg$"
      ],
      "sources": [
        "C:/FRONT/RS-React/secret-shop/src/App.tsx"
      ],
      "file": "C:/FRONT/RS-React/secret-shop/src/App.tsx"
    },
    "_coverageSchema": "1a1c01bbd47fc00a2c39e90264f33305004495a9",
    "hash": "26219ad81df2363bd2e9a3ff216bb56026fd14d2"
  },
  "C:/FRONT/RS-React/secret-shop/src/redux/store.ts": {
    "path": "C:/FRONT/RS-React/secret-shop/src/redux/store.ts",
    "statementMap": {
      "0": {
        "start": {
          "line": 5,
          "column": 27
        },
        "end": {
          "line": 9,
          "column": 2
        }
      },
      "1": {
        "start": {
          "line": 10,
          "column": 26
        },
        "end": {
          "line": 16,
          "column": 1
        }
      },
      "2": {
        "start": {
          "line": 11,
          "column": 2
        },
        "end": {
          "line": 15,
          "column": 5
        }
      },
      "3": {
        "start": {
          "line": 13,
          "column": 42
        },
        "end": {
          "line": 13,
          "column": 92
        }
      }
    },
    "fnMap": {
      "0": {
        "name": "(anonymous_0)",
        "decl": {
          "start": {
            "line": 10,
            "column": 26
          },
          "end": {
            "line": 10,
            "column": 27
          }
        },
        "loc": {
          "start": {
            "line": 10,
            "column": 46
          },
          "end": {
            "line": 16,
            "column": 1
          }
        },
        "line": 10
      },
      "1": {
        "name": "(anonymous_1)",
        "decl": {
          "start": {
            "line": 13,
            "column": 16
          },
          "end": {
            "line": 13,
            "column": 17
          }
        },
        "loc": {
          "start": {
            "line": 13,
            "column": 42
          },
          "end": {
            "line": 13,
            "column": 92
          }
        },
        "line": 13
      }
    },
    "branchMap": {},
    "s": {
      "0": 3,
      "1": 3,
      "2": 3,
      "3": 3
    },
    "f": {
      "0": 3,
      "1": 3
    },
    "b": {},
    "inputSourceMap": {
      "version": 3,
      "sources": [
        "C:/FRONT/RS-React/secret-shop/src/redux/store.ts"
      ],
      "mappings": "AAAA,SAAS,iBAAiB,sBAAsC;AAChE,SAAS,0BAA0B;AACnC,SAAS,gBAAgB;AACzB,SAAS,wBAAwB;AAE1B,aAAM,cAAc,gBAAgB;AAAA,EACzC;AAAA,EACA,CAAC,SAAS,WAAW,GAAG,SAAS;AAAA,EACjC;AACF,CAAC;AAEM,aAAM,aAAa,CAAC,mBAA+C;AACxE,SAAO,eAAe;AAAA,IACpB,SAAS;AAAA,IACT,YAAY,CAAC,yBAAyB,qBAAqB,EAAE,OAAO,SAAS,UAAU;AAAA,IACvF;AAAA,EACF,CAAC;AACH;",
      "names": []
    },
    "_coverageSchema": "1a1c01bbd47fc00a2c39e90264f33305004495a9",
    "hash": "0282f2f1f3b5bb5d4f254e22c3da28793d51dcbe"
  },
  "C:/FRONT/RS-React/secret-shop/src/entry-client.tsx": {
    "path": "C:/FRONT/RS-React/secret-shop/src/entry-client.tsx",
    "statementMap": {
      "0": {
        "start": {
          "line": 7,
          "column": 14
        },
        "end": {
          "line": 7,
          "column": 52
        }
      },
      "1": {
        "start": {
          "line": 8,
          "column": 0
        },
        "end": {
          "line": 8,
          "column": 34
        }
      },
      "2": {
        "start": {
          "line": 9,
          "column": 0
        },
        "end": {
          "line": 21,
          "column": 10
        }
      }
    },
    "fnMap": {},
    "branchMap": {},
    "s": {
      "0": 3,
      "1": 3,
      "2": 3
    },
    "f": {},
    "b": {},
    "inputSourceMap": {
      "version": 3,
      "mappings": "AAsBM;AAtBN,OAAOA,cAAc;AACrB,OAAOC,SAAS;AAChB,SAASC,qBAAqB;AAC9B,SAASC,gBAAgB;AACzB,SAASC,kBAA6B;AAWtC,MAAMC,QAAQD,WAAWE,OAAOC,mBAAmB;AACnD,OAAOD,OAAOC;AAEdP,SAASQ,YACPC,SAASC,eAAe,MAAM,GAC9B,uBAAC,iBACC,iCAAC,YAAS,OACR,iCAAC,SAAD;AAAA;AAAA;AAAA;AAAA,OAAI,KADN;AAAA;AAAA;AAAA;AAAA,OAEA,KAHF;AAAA;AAAA;AAAA;AAAA,OAIA,CAAgB",
      "names": [
        "ReactDOM",
        "App",
        "BrowserRouter",
        "Provider",
        "setupStore",
        "store",
        "window",
        "__PRELOADED_STATE__",
        "hydrateRoot",
        "document",
        "getElementById"
      ],
      "sources": [
        "C:/FRONT/RS-React/secret-shop/src/entry-client.tsx"
      ],
      "file": "C:/FRONT/RS-React/secret-shop/src/entry-client.tsx"
    },
    "_coverageSchema": "1a1c01bbd47fc00a2c39e90264f33305004495a9",
    "hash": "83c335ea758289e2737c1bc37b1254703c8dd9b3"
  }
}