<?xml version="1.0" encoding="UTF-8"?>
<coverage generated="1682422410424" clover="3.2.0">
  <project timestamp="1682422410424" name="All files">
    <metrics statements="236" coveredstatements="231" conditionals="107" coveredconditionals="92" methods="92" coveredmethods="89" elements="435" coveredelements="412" complexity="0" loc="236" ncloc="236" packages="11" files="37" classes="37"/>
    <package name="src">
      <metrics statements="8" coveredstatements="8" conditionals="1" coveredconditionals="1" methods="2" coveredmethods="2"/>
      <file name="App.tsx" path="C:/FRONT/RS-React/secret-shop/src/App.tsx">
        <metrics statements="5" coveredstatements="5" conditionals="1" coveredconditionals="1" methods="2" coveredmethods="2"/>
        <line num="1" count="91" type="cond" truecount="1" falsecount="0"/>
        <line num="15" count="13" type="stmt"/>
        <line num="16" count="13" type="stmt"/>
        <line num="28" count="13" type="stmt"/>
        <line num="30" count="13" type="stmt"/>
      </file>
      <file name="entry-client.tsx" path="C:/FRONT/RS-React/secret-shop/src/entry-client.tsx">
        <metrics statements="3" coveredstatements="3" conditionals="0" coveredconditionals="0" methods="0" coveredmethods="0"/>
        <line num="16" count="13" type="stmt"/>
        <line num="17" count="13" type="stmt"/>
        <line num="19" count="13" type="stmt"/>
      </file>
    </package>
    <package name="src.assets">
      <metrics statements="1" coveredstatements="1" conditionals="0" coveredconditionals="0" methods="0" coveredmethods="0"/>
      <file name="rarityOptions.ts" path="C:/FRONT/RS-React/secret-shop/src/assets/rarityOptions.ts">
        <metrics statements="1" coveredstatements="1" conditionals="0" coveredconditionals="0" methods="0" coveredmethods="0"/>
        <line num="1" count="13" type="stmt"/>
      </file>
    </package>
    <package name="src.components">
      <metrics statements="39" coveredstatements="39" conditionals="8" coveredconditionals="7" methods="18" coveredmethods="18"/>
      <file name="CurrentPage.tsx" path="C:/FRONT/RS-React/secret-shop/src/components/CurrentPage.tsx">
        <metrics statements="5" coveredstatements="5" conditionals="1" coveredconditionals="1" methods="2" coveredmethods="2"/>
        <line num="1" count="91" type="cond" truecount="1" falsecount="0"/>
        <line num="3" count="13" type="stmt"/>
        <line num="4" count="75" type="stmt"/>
        <line num="9" count="13" type="stmt"/>
        <line num="11" count="13" type="stmt"/>
      </file>
      <file name="Footer.tsx" path="C:/FRONT/RS-React/secret-shop/src/components/Footer.tsx">
        <metrics statements="5" coveredstatements="5" conditionals="1" coveredconditionals="1" methods="2" coveredmethods="2"/>
        <line num="1" count="91" type="cond" truecount="1" falsecount="0"/>
        <line num="4" count="13" type="stmt"/>
        <line num="5" count="13" type="stmt"/>
        <line num="17" count="13" type="stmt"/>
        <line num="19" count="13" type="stmt"/>
      </file>
      <file name="Header.tsx" path="C:/FRONT/RS-React/secret-shop/src/components/Header.tsx">
        <metrics statements="10" coveredstatements="10" conditionals="3" coveredconditionals="3" methods="6" coveredmethods="6"/>
        <line num="1" count="91" type="cond" truecount="1" falsecount="0"/>
        <line num="7" count="13" type="stmt"/>
        <line num="8" count="75" type="stmt"/>
        <line num="9" count="225" type="cond" truecount="2" falsecount="0"/>
        <line num="12" count="75" type="stmt"/>
        <line num="21" count="75" type="stmt"/>
        <line num="24" count="75" type="stmt"/>
        <line num="27" count="75" type="stmt"/>
        <line num="34" count="13" type="stmt"/>
        <line num="36" count="13" type="stmt"/>
      </file>
      <file name="Layout.tsx" path="C:/FRONT/RS-React/secret-shop/src/components/Layout.tsx">
        <metrics statements="5" coveredstatements="5" conditionals="1" coveredconditionals="1" methods="2" coveredmethods="2"/>
        <line num="1" count="91" type="cond" truecount="1" falsecount="0"/>
        <line num="4" count="13" type="stmt"/>
        <line num="5" count="13" type="stmt"/>
        <line num="11" count="13" type="stmt"/>
        <line num="13" count="13" type="stmt"/>
      </file>
      <file name="Search.tsx" path="C:/FRONT/RS-React/secret-shop/src/components/Search.tsx">
        <metrics statements="14" coveredstatements="14" conditionals="2" coveredconditionals="1" methods="6" coveredmethods="6"/>
        <line num="6" count="123" type="stmt"/>
        <line num="7" count="123" type="stmt"/>
        <line num="8" count="243" type="stmt"/>
        <line num="10" count="123" type="cond" truecount="1" falsecount="1"/>
        <line num="12" count="123" type="stmt"/>
        <line num="13" count="60" type="stmt"/>
        <line num="14" count="60" type="stmt"/>
        <line num="17" count="123" type="stmt"/>
        <line num="18" count="5" type="stmt"/>
        <line num="19" count="5" type="stmt"/>
        <line num="22" count="123" type="stmt"/>
        <line num="25" count="5" type="stmt"/>
        <line num="41" count="13" type="stmt"/>
        <line num="43" count="13" type="stmt"/>
      </file>
    </package>
    <package name="src.components.Card">
      <metrics statements="65" coveredstatements="63" conditionals="34" coveredconditionals="30" methods="26" coveredmethods="24"/>
      <file name="CardFormItem.tsx" path="C:/FRONT/RS-React/secret-shop/src/components/Card/CardFormItem.tsx">
        <metrics statements="5" coveredstatements="5" conditionals="7" coveredconditionals="5" methods="2" coveredmethods="2"/>
        <line num="1" count="91" type="cond" truecount="1" falsecount="0"/>
        <line num="5" count="13" type="stmt"/>
        <line num="6" count="1" type="stmt"/>
        <line num="33" count="13" type="stmt"/>
        <line num="35" count="13" type="stmt"/>
      </file>
      <file name="CardFormList.tsx" path="C:/FRONT/RS-React/secret-shop/src/components/Card/CardFormList.tsx">
        <metrics statements="6" coveredstatements="6" conditionals="1" coveredconditionals="1" methods="3" coveredmethods="3"/>
        <line num="1" count="91" type="cond" truecount="1" falsecount="0"/>
        <line num="5" count="13" type="stmt"/>
        <line num="6" count="1" type="stmt"/>
        <line num="11" count="1" type="stmt"/>
        <line num="16" count="13" type="stmt"/>
        <line num="18" count="13" type="stmt"/>
      </file>
      <file name="CardItem.tsx" path="C:/FRONT/RS-React/secret-shop/src/components/Card/CardItem.tsx">
        <metrics statements="23" coveredstatements="23" conditionals="13" coveredconditionals="12" methods="5" coveredmethods="5"/>
        <line num="11" count="367" type="stmt"/>
        <line num="12" count="367" type="stmt"/>
        <line num="13" count="367" type="stmt"/>
        <line num="14" count="367" type="stmt"/>
        <line num="15" count="367" type="stmt"/>
        <line num="16" count="367" type="stmt"/>
        <line num="18" count="367" type="stmt"/>
        <line num="19" count="3" type="stmt"/>
        <line num="20" count="3" type="stmt"/>
        <line num="21" count="3" type="stmt"/>
        <line num="23" count="3" type="stmt"/>
        <line num="29" count="367" type="stmt"/>
        <line num="30" count="167" type="cond" truecount="1" falsecount="0"/>
        <line num="31" count="6" type="stmt"/>
        <line num="32" count="6" type="stmt"/>
        <line num="33" count="6" type="cond" truecount="1" falsecount="0"/>
        <line num="34" count="3" type="stmt"/>
        <line num="35" count="3" type="stmt"/>
        <line num="40" count="367" type="cond" truecount="2" falsecount="0"/>
        <line num="44" count="367" type="stmt"/>
        <line num="46" count="3" type="stmt"/>
        <line num="73" count="13" type="stmt"/>
        <line num="75" count="13" type="stmt"/>
      </file>
      <file name="CardList.tsx" path="C:/FRONT/RS-React/secret-shop/src/components/Card/CardList.tsx">
        <metrics statements="6" coveredstatements="6" conditionals="3" coveredconditionals="2" methods="3" coveredmethods="3"/>
        <line num="1" count="91" type="cond" truecount="1" falsecount="0"/>
        <line num="6" count="13" type="stmt"/>
        <line num="7" count="25" type="stmt"/>
        <line num="14" count="201" type="stmt"/>
        <line num="19" count="13" type="stmt"/>
        <line num="21" count="13" type="stmt"/>
      </file>
      <file name="CardLoader.tsx" path="C:/FRONT/RS-React/secret-shop/src/components/Card/CardLoader.tsx">
        <metrics statements="5" coveredstatements="5" conditionals="1" coveredconditionals="1" methods="2" coveredmethods="2"/>
        <line num="1" count="91" type="cond" truecount="1" falsecount="0"/>
        <line num="3" count="13" type="stmt"/>
        <line num="4" count="38" type="stmt"/>
        <line num="20" count="13" type="stmt"/>
        <line num="22" count="13" type="stmt"/>
      </file>
      <file name="CardModal.tsx" path="C:/FRONT/RS-React/secret-shop/src/components/Card/CardModal.tsx">
        <metrics statements="10" coveredstatements="9" conditionals="7" coveredconditionals="7" methods="7" coveredmethods="6"/>
        <line num="1" count="91" type="cond" truecount="1" falsecount="0"/>
        <line num="4" count="13" type="stmt"/>
        <line num="5" count="8" type="stmt"/>
        <line num="7" count="0" type="stmt"/>
        <line num="9" count="2" type="stmt"/>
        <line num="38" count="24" type="stmt"/>
        <line num="41" count="696" type="stmt"/>
        <line num="44" count="8" type="stmt"/>
        <line num="57" count="13" type="stmt"/>
        <line num="59" count="13" type="stmt"/>
      </file>
      <file name="CardModalLoader.tsx" path="C:/FRONT/RS-React/secret-shop/src/components/Card/CardModalLoader.tsx">
        <metrics statements="5" coveredstatements="5" conditionals="1" coveredconditionals="1" methods="2" coveredmethods="2"/>
        <line num="1" count="91" type="cond" truecount="1" falsecount="0"/>
        <line num="3" count="13" type="stmt"/>
        <line num="4" count="6" type="stmt"/>
        <line num="10" count="13" type="stmt"/>
        <line num="12" count="13" type="stmt"/>
      </file>
      <file name="EmptyResultMessage.tsx" path="C:/FRONT/RS-React/secret-shop/src/components/Card/EmptyResultMessage.tsx">
        <metrics statements="5" coveredstatements="4" conditionals="1" coveredconditionals="1" methods="2" coveredmethods="1"/>
        <line num="1" count="91" type="cond" truecount="1" falsecount="0"/>
        <line num="3" count="13" type="stmt"/>
        <line num="4" count="0" type="stmt"/>
        <line num="5" count="13" type="stmt"/>
        <line num="7" count="13" type="stmt"/>
      </file>
    </package>
    <package name="src.components.Form">
      <metrics statements="63" coveredstatements="63" conditionals="45" coveredconditionals="38" methods="25" coveredmethods="25"/>
      <file name="Form.tsx" path="C:/FRONT/RS-React/secret-shop/src/components/Form/Form.tsx">
        <metrics statements="12" coveredstatements="12" conditionals="11" coveredconditionals="10" methods="4" coveredmethods="4"/>
        <line num="17" count="13" type="stmt"/>
        <line num="18" count="9" type="stmt"/>
        <line num="24" count="13" type="stmt"/>
        <line num="28" count="9" type="stmt"/>
        <line num="29" count="1" type="stmt"/>
        <line num="30" count="1" type="stmt"/>
        <line num="31" count="1" type="stmt"/>
        <line num="32" count="1" type="stmt"/>
        <line num="35" count="9" type="stmt"/>
        <line num="117" count="1" type="cond" truecount="2" falsecount="1"/>
        <line num="143" count="13" type="stmt"/>
        <line num="145" count="13" type="stmt"/>
      </file>
      <file name="FormCheckbox.tsx" path="C:/FRONT/RS-React/secret-shop/src/components/Form/FormCheckbox.tsx">
        <metrics statements="5" coveredstatements="5" conditionals="1" coveredconditionals="1" methods="2" coveredmethods="2"/>
        <line num="1" count="91" type="cond" truecount="1" falsecount="0"/>
        <line num="3" count="13" type="stmt"/>
        <line num="4" count="9" type="stmt"/>
        <line num="18" count="13" type="stmt"/>
        <line num="20" count="13" type="stmt"/>
      </file>
      <file name="FormChekboxWrap.tsx" path="C:/FRONT/RS-React/secret-shop/src/components/Form/FormChekboxWrap.tsx">
        <metrics statements="5" coveredstatements="5" conditionals="3" coveredconditionals="2" methods="2" coveredmethods="2"/>
        <line num="1" count="91" type="cond" truecount="1" falsecount="0"/>
        <line num="4" count="13" type="stmt"/>
        <line num="12" count="9" type="stmt"/>
        <line num="19" count="13" type="stmt"/>
        <line num="21" count="13" type="stmt"/>
      </file>
      <file name="FormDateInput.tsx" path="C:/FRONT/RS-React/secret-shop/src/components/Form/FormDateInput.tsx">
        <metrics statements="5" coveredstatements="5" conditionals="5" coveredconditionals="4" methods="2" coveredmethods="2"/>
        <line num="1" count="91" type="cond" truecount="1" falsecount="0"/>
        <line num="4" count="13" type="stmt"/>
        <line num="12" count="9" type="stmt"/>
        <line num="26" count="13" type="stmt"/>
        <line num="28" count="13" type="stmt"/>
      </file>
      <file name="FormErrorMessage.tsx" path="C:/FRONT/RS-React/secret-shop/src/components/Form/FormErrorMessage.tsx">
        <metrics statements="5" coveredstatements="5" conditionals="1" coveredconditionals="1" methods="2" coveredmethods="2"/>
        <line num="1" count="91" type="cond" truecount="1" falsecount="0"/>
        <line num="3" count="13" type="stmt"/>
        <line num="4" count="12" type="stmt"/>
        <line num="5" count="13" type="stmt"/>
        <line num="7" count="13" type="stmt"/>
      </file>
      <file name="FormFileInput.tsx" path="C:/FRONT/RS-React/secret-shop/src/components/Form/FormFileInput.tsx">
        <metrics statements="5" coveredstatements="5" conditionals="5" coveredconditionals="4" methods="2" coveredmethods="2"/>
        <line num="1" count="91" type="cond" truecount="1" falsecount="0"/>
        <line num="4" count="13" type="stmt"/>
        <line num="12" count="9" type="stmt"/>
        <line num="27" count="13" type="stmt"/>
        <line num="29" count="13" type="stmt"/>
      </file>
      <file name="FormNumberInput.tsx" path="C:/FRONT/RS-React/secret-shop/src/components/Form/FormNumberInput.tsx">
        <metrics statements="5" coveredstatements="5" conditionals="5" coveredconditionals="4" methods="2" coveredmethods="2"/>
        <line num="1" count="91" type="cond" truecount="1" falsecount="0"/>
        <line num="4" count="13" type="stmt"/>
        <line num="12" count="9" type="stmt"/>
        <line num="26" count="13" type="stmt"/>
        <line num="28" count="13" type="stmt"/>
      </file>
      <file name="FormRadio.tsx" path="C:/FRONT/RS-React/secret-shop/src/components/Form/FormRadio.tsx">
        <metrics statements="5" coveredstatements="5" conditionals="1" coveredconditionals="1" methods="2" coveredmethods="2"/>
        <line num="1" count="91" type="cond" truecount="1" falsecount="0"/>
        <line num="3" count="13" type="stmt"/>
        <line num="10" count="18" type="stmt"/>
        <line num="25" count="13" type="stmt"/>
        <line num="27" count="13" type="stmt"/>
      </file>
      <file name="FormRadioWrap.tsx" path="C:/FRONT/RS-React/secret-shop/src/components/Form/FormRadioWrap.tsx">
        <metrics statements="5" coveredstatements="5" conditionals="3" coveredconditionals="3" methods="2" coveredmethods="2"/>
        <line num="1" count="91" type="cond" truecount="1" falsecount="0"/>
        <line num="4" count="13" type="stmt"/>
        <line num="12" count="9" type="stmt"/>
        <line num="19" count="13" type="stmt"/>
        <line num="21" count="13" type="stmt"/>
      </file>
      <file name="FormSelect.tsx" path="C:/FRONT/RS-React/secret-shop/src/components/Form/FormSelect.tsx">
        <metrics statements="6" coveredstatements="6" conditionals="5" coveredconditionals="4" methods="3" coveredmethods="3"/>
        <line num="1" count="91" type="cond" truecount="1" falsecount="0"/>
        <line num="5" count="13" type="stmt"/>
        <line num="13" count="9" type="stmt"/>
        <line num="23" count="72" type="stmt"/>
        <line num="31" count="13" type="stmt"/>
        <line num="33" count="13" type="stmt"/>
      </file>
      <file name="FormTextInput.tsx" path="C:/FRONT/RS-React/secret-shop/src/components/Form/FormTextInput.tsx">
        <metrics statements="5" coveredstatements="5" conditionals="5" coveredconditionals="4" methods="2" coveredmethods="2"/>
        <line num="1" count="91" type="cond" truecount="1" falsecount="0"/>
        <line num="4" count="13" type="stmt"/>
        <line num="12" count="9" type="stmt"/>
        <line num="26" count="13" type="stmt"/>
        <line num="28" count="13" type="stmt"/>
      </file>
    </package>
    <package name="src.helper">
      <metrics statements="8" coveredstatements="6" conditionals="5" coveredconditionals="3" methods="1" coveredmethods="1"/>
      <file name="helper.ts" path="C:/FRONT/RS-React/secret-shop/src/helper/helper.ts">
        <metrics statements="8" coveredstatements="6" conditionals="5" coveredconditionals="3" methods="1" coveredmethods="1"/>
        <line num="1" count="13" type="stmt"/>
        <line num="2" count="368" type="cond" truecount="1" falsecount="1"/>
        <line num="3" count="0" type="stmt"/>
        <line num="4" count="368" type="cond" truecount="1" falsecount="1"/>
        <line num="5" count="0" type="stmt"/>
        <line num="6" count="368" type="cond" truecount="1" falsecount="0"/>
        <line num="7" count="270" type="stmt"/>
        <line num="9" count="98" type="stmt"/>
      </file>
    </package>
    <package name="src.hooks">
      <metrics statements="2" coveredstatements="2" conditionals="0" coveredconditionals="0" methods="1" coveredmethods="1"/>
      <file name="redux.ts" path="C:/FRONT/RS-React/secret-shop/src/hooks/redux.ts">
        <metrics statements="2" coveredstatements="2" conditionals="0" coveredconditionals="0" methods="1" coveredmethods="1"/>
        <line num="4" count="132" type="stmt"/>
        <line num="5" count="13" type="stmt"/>
      </file>
    </package>
    <package name="src.pages">
      <metrics statements="32" coveredstatements="31" conditionals="10" coveredconditionals="10" methods="11" coveredmethods="10"/>
      <file name="AboutUsPage.tsx" path="C:/FRONT/RS-React/secret-shop/src/pages/AboutUsPage.tsx">
        <metrics statements="5" coveredstatements="5" conditionals="1" coveredconditionals="1" methods="2" coveredmethods="2"/>
        <line num="1" count="91" type="cond" truecount="1" falsecount="0"/>
        <line num="4" count="13" type="stmt"/>
        <line num="5" count="6" type="stmt"/>
        <line num="13" count="13" type="stmt"/>
        <line num="15" count="13" type="stmt"/>
      </file>
      <file name="FormPage.tsx" path="C:/FRONT/RS-React/secret-shop/src/pages/FormPage.tsx">
        <metrics statements="5" coveredstatements="5" conditionals="2" coveredconditionals="2" methods="3" coveredmethods="3"/>
        <line num="8" count="13" type="stmt"/>
        <line num="9" count="13" type="stmt"/>
        <line num="11" count="6" type="stmt"/>
        <line num="24" count="13" type="stmt"/>
        <line num="26" count="13" type="stmt"/>
      </file>
      <file name="MainPage.tsx" path="C:/FRONT/RS-React/secret-shop/src/pages/MainPage.tsx">
        <metrics statements="17" coveredstatements="17" conditionals="6" coveredconditionals="6" methods="4" coveredmethods="4"/>
        <line num="11" count="75" type="stmt"/>
        <line num="12" count="210" type="stmt"/>
        <line num="14" count="75" type="stmt"/>
        <line num="15" count="75" type="stmt"/>
        <line num="17" count="75" type="stmt"/>
        <line num="19" count="75" type="stmt"/>
        <line num="21" count="75" type="stmt"/>
        <line num="22" count="32" type="cond" truecount="2" falsecount="0"/>
        <line num="23" count="18" type="stmt"/>
        <line num="24" count="18" type="cond" truecount="1" falsecount="0"/>
        <line num="25" count="6" type="stmt"/>
        <line num="28" count="14" type="stmt"/>
        <line num="29" count="14" type="cond" truecount="1" falsecount="0"/>
        <line num="30" count="14" type="stmt"/>
        <line num="35" count="75" type="stmt"/>
        <line num="48" count="13" type="stmt"/>
        <line num="50" count="13" type="stmt"/>
      </file>
      <file name="NotFoundPage.tsx" path="C:/FRONT/RS-React/secret-shop/src/pages/NotFoundPage.tsx">
        <metrics statements="5" coveredstatements="4" conditionals="1" coveredconditionals="1" methods="2" coveredmethods="1"/>
        <line num="1" count="91" type="cond" truecount="1" falsecount="0"/>
        <line num="5" count="13" type="stmt"/>
        <line num="6" count="0" type="stmt"/>
        <line num="16" count="13" type="stmt"/>
        <line num="18" count="13" type="stmt"/>
      </file>
    </package>
    <package name="src.redux">
      <metrics statements="4" coveredstatements="4" conditionals="0" coveredconditionals="0" methods="2" coveredmethods="2"/>
      <file name="store.ts" path="C:/FRONT/RS-React/secret-shop/src/redux/store.ts">
        <metrics statements="4" coveredstatements="4" conditionals="0" coveredconditionals="0" methods="2" coveredmethods="2"/>
        <line num="6" count="13" type="stmt"/>
        <line num="12" count="13" type="stmt"/>
        <line num="13" count="13" type="stmt"/>
        <line num="15" count="13" type="stmt"/>
      </file>
    </package>
    <package name="src.redux.reducers">
      <metrics statements="8" coveredstatements="8" conditionals="0" coveredconditionals="0" methods="2" coveredmethods="2"/>
      <file name="FormReducer.ts" path="C:/FRONT/RS-React/secret-shop/src/redux/reducers/FormReducer.ts">
        <metrics statements="4" coveredstatements="4" conditionals="0" coveredconditionals="0" methods="1" coveredmethods="1"/>
        <line num="8" count="13" type="stmt"/>
        <line num="12" count="13" type="stmt"/>
        <line num="17" count="1" type="stmt"/>
        <line num="22" count="13" type="stmt"/>
      </file>
      <file name="SearchReducer.ts" path="C:/FRONT/RS-React/secret-shop/src/redux/reducers/SearchReducer.ts">
        <metrics statements="4" coveredstatements="4" conditionals="0" coveredconditionals="0" methods="1" coveredmethods="1"/>
        <line num="3" count="13" type="stmt"/>
        <line num="7" count="13" type="stmt"/>
        <line num="12" count="5" type="stmt"/>
        <line num="17" count="13" type="stmt"/>
      </file>
    </package>
    <package name="src.services">
      <metrics statements="6" coveredstatements="6" conditionals="4" coveredconditionals="3" methods="4" coveredmethods="4"/>
      <file name="MovieService.ts" path="C:/FRONT/RS-React/secret-shop/src/services/MovieService.ts">
        <metrics statements="6" coveredstatements="6" conditionals="4" coveredconditionals="3" methods="4" coveredmethods="4"/>
        <line num="4" count="13" type="stmt"/>
        <line num="6" count="13" type="stmt"/>
        <line num="13" count="13" type="stmt"/>
        <line num="15" count="6" type="cond" truecount="1" falsecount="1"/>
        <line num="25" count="11" type="cond" truecount="2" falsecount="0"/>
        <line num="35" count="21" type="stmt"/>
      </file>
    </package>
  </project>
</coverage>
