{"C:/FRONT/RS-React/secret-shop/src/App.tsx": {"path":"C:/FRONT/RS-React/secret-shop/src/App.tsx","statementMap":{"0":{"start":{"line":1,"column":25},"end":{"line":1,"column":null}},"1":{"start":{"line":15,"column":12},"end":{"line":28,"column":2}},"2":{"start":{"line":16,"column":2},"end":{"line":26,"column":null}},"3":{"start":{"line":28,"column":2},"end":{"line":15,"column":12}},"4":{"start":{"line":30,"column":19},"end":{"line":30,"column":null}}},"fnMap":{"0":{"name":"(anonymous_0)","decl":{"start":{"line":1,"column":25},"end":{"line":1,"column":null}},"loc":{"start":{"line":1,"column":25},"end":{"line":1,"column":null}}},"1":{"name":"(anonymous_1)","decl":{"start":{"line":15,"column":12},"end":{"line":15,"column":18}},"loc":{"start":{"line":15,"column":18},"end":{"line":28,"column":2}}}},"branchMap":{"0":{"loc":{"start":{"line":1,"column":25},"end":{"line":1,"column":null}},"type":"if","locations":[{"start":{"line":1,"column":25},"end":{"line":1,"column":null}}]}},"s":{"0":91,"1":13,"2":13,"3":13,"4":13},"f":{"0":13,"1":13},"b":{"0":[13]}}
,"C:/FRONT/RS-React/secret-shop/src/entry-client.tsx": {"path":"C:/FRONT/RS-React/secret-shop/src/entry-client.tsx","statementMap":{"0":{"start":{"line":16,"column":14},"end":{"line":16,"column":null}},"1":{"start":{"line":17,"column":0},"end":{"line":17,"column":null}},"2":{"start":{"line":19,"column":0},"end":{"line":25,"column":null}}},"fnMap":{},"branchMap":{},"s":{"0":13,"1":13,"2":13},"f":{},"b":{}}
,"C:/FRONT/RS-React/secret-shop/src/assets/rarityOptions.ts": {"path":"C:/FRONT/RS-React/secret-shop/src/assets/rarityOptions.ts","statementMap":{"0":{"start":{"line":1,"column":22},"end":{"line":34,"column":null}}},"fnMap":{},"branchMap":{},"s":{"0":13},"f":{},"b":{}}
,"C:/FRONT/RS-React/secret-shop/src/components/CurrentPage.tsx": {"path":"C:/FRONT/RS-React/secret-shop/src/components/CurrentPage.tsx","statementMap":{"0":{"start":{"line":1,"column":49},"end":{"line":1,"column":null}},"1":{"start":{"line":3,"column":20},"end":{"line":9,"column":2}},"2":{"start":{"line":4,"column":2},"end":{"line":7,"column":null}},"3":{"start":{"line":9,"column":2},"end":{"line":3,"column":20}},"4":{"start":{"line":11,"column":27},"end":{"line":11,"column":null}}},"fnMap":{"0":{"name":"(anonymous_0)","decl":{"start":{"line":1,"column":49},"end":{"line":1,"column":null}},"loc":{"start":{"line":1,"column":49},"end":{"line":1,"column":null}}},"1":{"name":"(anonymous_1)","decl":{"start":{"line":3,"column":20},"end":{"line":3,"column":21}},"loc":{"start":{"line":3,"column":52},"end":{"line":9,"column":2}}}},"branchMap":{"0":{"loc":{"start":{"line":1,"column":49},"end":{"line":1,"column":null}},"type":"if","locations":[{"start":{"line":1,"column":49},"end":{"line":1,"column":null}}]}},"s":{"0":91,"1":13,"2":75,"3":13,"4":13},"f":{"0":13,"1":75},"b":{"0":[13]}}
,"C:/FRONT/RS-React/secret-shop/src/components/Footer.tsx": {"path":"C:/FRONT/RS-React/secret-shop/src/components/Footer.tsx","statementMap":{"0":{"start":{"line":1,"column":48},"end":{"line":1,"column":null}},"1":{"start":{"line":4,"column":15},"end":{"line":17,"column":2}},"2":{"start":{"line":5,"column":2},"end":{"line":15,"column":null}},"3":{"start":{"line":17,"column":2},"end":{"line":4,"column":15}},"4":{"start":{"line":19,"column":22},"end":{"line":19,"column":null}}},"fnMap":{"0":{"name":"(anonymous_0)","decl":{"start":{"line":1,"column":48},"end":{"line":1,"column":null}},"loc":{"start":{"line":1,"column":48},"end":{"line":1,"column":null}}},"1":{"name":"(anonymous_1)","decl":{"start":{"line":4,"column":15},"end":{"line":4,"column":21}},"loc":{"start":{"line":4,"column":21},"end":{"line":17,"column":2}}}},"branchMap":{"0":{"loc":{"start":{"line":1,"column":48},"end":{"line":1,"column":null}},"type":"if","locations":[{"start":{"line":1,"column":48},"end":{"line":1,"column":null}}]}},"s":{"0":91,"1":13,"2":13,"3":13,"4":13},"f":{"0":13,"1":13},"b":{"0":[13]}}
,"C:/FRONT/RS-React/secret-shop/src/components/Header.tsx": {"path":"C:/FRONT/RS-React/secret-shop/src/components/Header.tsx","statementMap":{"0":{"start":{"line":1,"column":42},"end":{"line":1,"column":null}},"1":{"start":{"line":7,"column":15},"end":{"line":34,"column":2}},"2":{"start":{"line":8,"column":25},"end":{"line":10,"column":null}},"3":{"start":{"line":9,"column":4},"end":{"line":9,"column":null}},"4":{"start":{"line":12,"column":2},"end":{"line":32,"column":null}},"5":{"start":{"line":21,"column":55},"end":{"line":21,"column":81}},"6":{"start":{"line":24,"column":60},"end":{"line":24,"column":86}},"7":{"start":{"line":27,"column":59},"end":{"line":27,"column":85}},"8":{"start":{"line":34,"column":2},"end":{"line":7,"column":15}},"9":{"start":{"line":36,"column":22},"end":{"line":36,"column":null}}},"fnMap":{"0":{"name":"(anonymous_0)","decl":{"start":{"line":1,"column":42},"end":{"line":1,"column":null}},"loc":{"start":{"line":1,"column":42},"end":{"line":1,"column":null}}},"1":{"name":"(anonymous_1)","decl":{"start":{"line":7,"column":15},"end":{"line":7,"column":16}},"loc":{"start":{"line":7,"column":47},"end":{"line":34,"column":2}}},"2":{"name":"(anonymous_2)","decl":{"start":{"line":8,"column":25},"end":{"line":8,"column":26}},"loc":{"start":{"line":8,"column":48},"end":{"line":10,"column":null}}},"3":{"name":"(anonymous_3)","decl":{"start":{"line":21,"column":37},"end":{"line":21,"column":38}},"loc":{"start":{"line":21,"column":55},"end":{"line":21,"column":81}}},"4":{"name":"(anonymous_4)","decl":{"start":{"line":24,"column":42},"end":{"line":24,"column":43}},"loc":{"start":{"line":24,"column":60},"end":{"line":24,"column":86}}},"5":{"name":"(anonymous_5)","decl":{"start":{"line":27,"column":41},"end":{"line":27,"column":42}},"loc":{"start":{"line":27,"column":59},"end":{"line":27,"column":85}}}},"branchMap":{"0":{"loc":{"start":{"line":1,"column":42},"end":{"line":1,"column":null}},"type":"if","locations":[{"start":{"line":1,"column":42},"end":{"line":1,"column":null}}]},"1":{"loc":{"start":{"line":9,"column":11},"end":{"line":9,"column":null}},"type":"cond-expr","locations":[{"start":{"line":9,"column":22},"end":{"line":9,"column":68}},{"start":{"line":9,"column":68},"end":{"line":9,"column":null}}]}},"s":{"0":91,"1":13,"2":75,"3":225,"4":75,"5":75,"6":75,"7":75,"8":13,"9":13},"f":{"0":13,"1":75,"2":225,"3":75,"4":75,"5":75},"b":{"0":[13],"1":[75,150]}}
,"C:/FRONT/RS-React/secret-shop/src/components/Layout.tsx": {"path":"C:/FRONT/RS-React/secret-shop/src/components/Layout.tsx","statementMap":{"0":{"start":{"line":1,"column":29},"end":{"line":1,"column":null}},"1":{"start":{"line":4,"column":15},"end":{"line":11,"column":2}},"2":{"start":{"line":5,"column":2},"end":{"line":9,"column":null}},"3":{"start":{"line":11,"column":2},"end":{"line":4,"column":15}},"4":{"start":{"line":13,"column":22},"end":{"line":13,"column":null}}},"fnMap":{"0":{"name":"(anonymous_0)","decl":{"start":{"line":1,"column":29},"end":{"line":1,"column":null}},"loc":{"start":{"line":1,"column":29},"end":{"line":1,"column":null}}},"1":{"name":"(anonymous_1)","decl":{"start":{"line":4,"column":15},"end":{"line":4,"column":21}},"loc":{"start":{"line":4,"column":21},"end":{"line":11,"column":2}}}},"branchMap":{"0":{"loc":{"start":{"line":1,"column":29},"end":{"line":1,"column":null}},"type":"if","locations":[{"start":{"line":1,"column":29},"end":{"line":1,"column":null}}]}},"s":{"0":91,"1":13,"2":13,"3":13,"4":13},"f":{"0":13,"1":13},"b":{"0":[13]}}
,"C:/FRONT/RS-React/secret-shop/src/components/Search.tsx": {"path":"C:/FRONT/RS-React/secret-shop/src/components/Search.tsx","statementMap":{"0":{"start":{"line":6,"column":15},"end":{"line":41,"column":2}},"1":{"start":{"line":6,"column":21},"end":{"line":6,"column":null}},"2":{"start":{"line":7,"column":19},"end":{"line":7,"column":null}},"3":{"start":{"line":8,"column":21},"end":{"line":8,"column":null}},"4":{"start":{"line":8,"column":47},"end":{"line":8,"column":77}},"5":{"start":{"line":10,"column":28},"end":{"line":10,"column":null}},"6":{"start":{"line":12,"column":23},"end":{"line":15,"column":null}},"7":{"start":{"line":13,"column":18},"end":{"line":13,"column":null}},"8":{"start":{"line":14,"column":4},"end":{"line":14,"column":null}},"9":{"start":{"line":17,"column":23},"end":{"line":20,"column":null}},"10":{"start":{"line":18,"column":4},"end":{"line":18,"column":null}},"11":{"start":{"line":19,"column":4},"end":{"line":19,"column":null}},"12":{"start":{"line":22,"column":2},"end":{"line":39,"column":null}},"13":{"start":{"line":25,"column":69},"end":{"line":25,"column":null}},"14":{"start":{"line":41,"column":2},"end":{"line":8,"column":37}},"15":{"start":{"line":6,"column":12},"end":{"line":8,"column":37}},"16":{"start":{"line":8,"column":35},"end":{"line":6,"column":12}},"17":{"start":{"line":43,"column":22},"end":{"line":43,"column":null}}},"fnMap":{"0":{"name":"(anonymous_1)","decl":{"start":{"line":6,"column":15},"end":{"line":6,"column":21}},"loc":{"start":{"line":6,"column":21},"end":{"line":41,"column":2}}},"1":{"name":"(anonymous_2)","decl":{"start":{"line":8,"column":37},"end":{"line":8,"column":47}},"loc":{"start":{"line":8,"column":47},"end":{"line":8,"column":77}}},"2":{"name":"(anonymous_3)","decl":{"start":{"line":12,"column":23},"end":{"line":12,"column":24}},"loc":{"start":{"line":12,"column":65},"end":{"line":15,"column":null}}},"3":{"name":"(anonymous_4)","decl":{"start":{"line":17,"column":23},"end":{"line":17,"column":24}},"loc":{"start":{"line":17,"column":62},"end":{"line":20,"column":null}}},"4":{"name":"(anonymous_5)","decl":{"start":{"line":25,"column":59},"end":{"line":25,"column":69}},"loc":{"start":{"line":25,"column":69},"end":{"line":25,"column":null}}},"5":{"name":"(anonymous_6)","decl":{"start":{"line":6,"column":12},"end":{"line":6,"column":15}},"loc":{"start":{"line":6,"column":12},"end":{"line":8,"column":37}}}},"branchMap":{"0":{"loc":{"start":{"line":10,"column":37},"end":{"line":10,"column":53}},"type":"binary-expr","locations":[{"start":{"line":10,"column":37},"end":{"line":10,"column":51}},{"start":{"line":10,"column":51},"end":{"line":10,"column":53}}]}},"s":{"0":13,"1":123,"2":123,"3":123,"4":243,"5":123,"6":123,"7":60,"8":60,"9":123,"10":5,"11":5,"12":123,"13":5,"14":13,"15":6,"16":13,"17":13},"f":{"0":123,"1":243,"2":60,"3":5,"4":5,"5":6},"b":{"0":[123,0]}}
,"C:/FRONT/RS-React/secret-shop/src/components/Card/CardFormItem.tsx": {"path":"C:/FRONT/RS-React/secret-shop/src/components/Card/CardFormItem.tsx","statementMap":{"0":{"start":{"line":1,"column":49},"end":{"line":1,"column":null}},"1":{"start":{"line":5,"column":21},"end":{"line":33,"column":2}},"2":{"start":{"line":6,"column":2},"end":{"line":31,"column":null}},"3":{"start":{"line":33,"column":2},"end":{"line":5,"column":21}},"4":{"start":{"line":35,"column":28},"end":{"line":35,"column":null}}},"fnMap":{"0":{"name":"(anonymous_0)","decl":{"start":{"line":1,"column":49},"end":{"line":1,"column":null}},"loc":{"start":{"line":1,"column":49},"end":{"line":1,"column":null}}},"1":{"name":"(anonymous_1)","decl":{"start":{"line":5,"column":21},"end":{"line":5,"column":22}},"loc":{"start":{"line":5,"column":50},"end":{"line":33,"column":2}}}},"branchMap":{"0":{"loc":{"start":{"line":1,"column":49},"end":{"line":1,"column":null}},"type":"if","locations":[{"start":{"line":1,"column":49},"end":{"line":1,"column":null}}]},"1":{"loc":{"start":{"line":10,"column":10},"end":{"line":13,"column":null}},"type":"binary-expr","locations":[{"start":{"line":10,"column":10},"end":{"line":10,"column":null}},{"start":{"line":11,"column":10},"end":{"line":13,"column":null}}]},"2":{"loc":{"start":{"line":22,"column":11},"end":{"line":24,"column":null}},"type":"cond-expr","locations":[{"start":{"line":23,"column":15},"end":{"line":23,"column":null}},{"start":{"line":24,"column":15},"end":{"line":24,"column":null}}]},"3":{"loc":{"start":{"line":27,"column":10},"end":{"line":29,"column":null}},"type":"cond-expr","locations":[{"start":{"line":28,"column":13},"end":{"line":28,"column":null}},{"start":{"line":29,"column":13},"end":{"line":29,"column":null}}]}},"s":{"0":91,"1":13,"2":1,"3":13,"4":13},"f":{"0":13,"1":1},"b":{"0":[13],"1":[1,1],"2":[1,0],"3":[1,0]}}
,"C:/FRONT/RS-React/secret-shop/src/components/Card/CardFormList.tsx": {"path":"C:/FRONT/RS-React/secret-shop/src/components/Card/CardFormList.tsx","statementMap":{"0":{"start":{"line":1,"column":41},"end":{"line":1,"column":null}},"1":{"start":{"line":5,"column":21},"end":{"line":16,"column":2}},"2":{"start":{"line":6,"column":2},"end":{"line":14,"column":null}},"3":{"start":{"line":11,"column":10},"end":{"line":11,"column":null}},"4":{"start":{"line":16,"column":2},"end":{"line":5,"column":21}},"5":{"start":{"line":18,"column":28},"end":{"line":18,"column":null}}},"fnMap":{"0":{"name":"(anonymous_0)","decl":{"start":{"line":1,"column":41},"end":{"line":1,"column":null}},"loc":{"start":{"line":1,"column":41},"end":{"line":1,"column":null}}},"1":{"name":"(anonymous_1)","decl":{"start":{"line":5,"column":21},"end":{"line":5,"column":22}},"loc":{"start":{"line":5,"column":55},"end":{"line":16,"column":2}}},"2":{"name":"(anonymous_2)","decl":{"start":{"line":10,"column":19},"end":{"line":10,"column":20}},"loc":{"start":{"line":11,"column":10},"end":{"line":11,"column":null}}}},"branchMap":{"0":{"loc":{"start":{"line":1,"column":41},"end":{"line":1,"column":null}},"type":"if","locations":[{"start":{"line":1,"column":41},"end":{"line":1,"column":null}}]}},"s":{"0":91,"1":13,"2":1,"3":1,"4":13,"5":13},"f":{"0":13,"1":1,"2":1},"b":{"0":[13]}}
,"C:/FRONT/RS-React/secret-shop/src/components/Card/CardItem.tsx": {"path":"C:/FRONT/RS-React/secret-shop/src/components/Card/CardItem.tsx","statementMap":{"0":{"start":{"line":11,"column":17},"end":{"line":73,"column":2}},"1":{"start":{"line":11,"column":42},"end":{"line":11,"column":null}},"2":{"start":{"line":12,"column":30},"end":{"line":12,"column":null}},"3":{"start":{"line":13,"column":36},"end":{"line":13,"column":null}},"4":{"start":{"line":14,"column":36},"end":{"line":14,"column":null}},"5":{"start":{"line":15,"column":22},"end":{"line":15,"column":null}},"6":{"start":{"line":16,"column":62},"end":{"line":16,"column":null}},"7":{"start":{"line":18,"column":20},"end":{"line":24,"column":null}},"8":{"start":{"line":19,"column":4},"end":{"line":19,"column":null}},"9":{"start":{"line":20,"column":19},"end":{"line":20,"column":null}},"10":{"start":{"line":21,"column":15},"end":{"line":21,"column":null}},"11":{"start":{"line":23,"column":4},"end":{"line":23,"column":null}},"12":{"start":{"line":29,"column":2},"end":{"line":38,"column":null}},"13":{"start":{"line":30,"column":4},"end":{"line":37,"column":null}},"14":{"start":{"line":31,"column":6},"end":{"line":31,"column":null}},"15":{"start":{"line":32,"column":6},"end":{"line":32,"column":null}},"16":{"start":{"line":33,"column":6},"end":{"line":36,"column":null}},"17":{"start":{"line":34,"column":8},"end":{"line":34,"column":null}},"18":{"start":{"line":35,"column":8},"end":{"line":35,"column":null}},"19":{"start":{"line":40,"column":2},"end":{"line":42,"column":null}},"20":{"start":{"line":44,"column":2},"end":{"line":71,"column":null}},"21":{"start":{"line":46,"column":77},"end":{"line":46,"column":null}},"22":{"start":{"line":73,"column":2},"end":{"line":16,"column":90}},"23":{"start":{"line":11,"column":14},"end":{"line":16,"column":90}},"24":{"start":{"line":16,"column":89},"end":{"line":11,"column":14}},"25":{"start":{"line":75,"column":24},"end":{"line":75,"column":null}}},"fnMap":{"0":{"name":"(anonymous_1)","decl":{"start":{"line":11,"column":17},"end":{"line":11,"column":18}},"loc":{"start":{"line":11,"column":42},"end":{"line":73,"column":2}}},"1":{"name":"(anonymous_2)","decl":{"start":{"line":18,"column":20},"end":{"line":18,"column":27}},"loc":{"start":{"line":18,"column":86},"end":{"line":24,"column":null}}},"2":{"name":"(anonymous_3)","decl":{"start":{"line":29,"column":12},"end":{"line":29,"column":18}},"loc":{"start":{"line":29,"column":18},"end":{"line":38,"column":5}}},"3":{"name":"(anonymous_4)","decl":{"start":{"line":46,"column":67},"end":{"line":46,"column":77}},"loc":{"start":{"line":46,"column":77},"end":{"line":46,"column":null}}},"4":{"name":"(anonymous_5)","decl":{"start":{"line":11,"column":14},"end":{"line":11,"column":17}},"loc":{"start":{"line":11,"column":14},"end":{"line":16,"column":90}}}},"branchMap":{"0":{"loc":{"start":{"line":30,"column":4},"end":{"line":37,"column":null}},"type":"if","locations":[{"start":{"line":30,"column":4},"end":{"line":37,"column":null}}]},"1":{"loc":{"start":{"line":33,"column":6},"end":{"line":36,"column":null}},"type":"if","locations":[{"start":{"line":33,"column":6},"end":{"line":36,"column":null}}]},"2":{"loc":{"start":{"line":40,"column":2},"end":{"line":42,"column":null}},"type":"cond-expr","locations":[{"start":{"line":41,"column":6},"end":{"line":41,"column":null}},{"start":{"line":42,"column":6},"end":{"line":42,"column":null}}]},"3":{"loc":{"start":{"line":48,"column":11},"end":{"line":48,"column":null}},"type":"binary-expr","locations":[{"start":{"line":48,"column":11},"end":{"line":48,"column":24}},{"start":{"line":48,"column":24},"end":{"line":48,"column":null}}]},"4":{"loc":{"start":{"line":52,"column":14},"end":{"line":53,"column":null}},"type":"binary-expr","locations":[{"start":{"line":52,"column":14},"end":{"line":52,"column":null}},{"start":{"line":53,"column":14},"end":{"line":53,"column":null}}]},"5":{"loc":{"start":{"line":62,"column":11},"end":{"line":63,"column":null}},"type":"binary-expr","locations":[{"start":{"line":62,"column":11},"end":{"line":62,"column":null}},{"start":{"line":63,"column":12},"end":{"line":63,"column":null}}]},"6":{"loc":{"start":{"line":70,"column":7},"end":{"line":70,"column":null}},"type":"binary-expr","locations":[{"start":{"line":70,"column":7},"end":{"line":70,"column":17}},{"start":{"line":70,"column":17},"end":{"line":70,"column":31}},{"start":{"line":70,"column":31},"end":{"line":70,"column":null}}]}},"s":{"0":13,"1":367,"2":367,"3":367,"4":367,"5":367,"6":367,"7":367,"8":3,"9":3,"10":3,"11":3,"12":367,"13":167,"14":6,"15":6,"16":6,"17":3,"18":3,"19":367,"20":367,"21":3,"22":13,"23":6,"24":13,"25":13},"f":{"0":367,"1":3,"2":167,"3":3,"4":6},"b":{"0":[6],"1":[3],"2":[8,359],"3":[367,6],"4":[367,0],"5":[367,313],"6":[367,8,8]}}
,"C:/FRONT/RS-React/secret-shop/src/components/Card/CardList.tsx": {"path":"C:/FRONT/RS-React/secret-shop/src/components/Card/CardList.tsx","statementMap":{"0":{"start":{"line":1,"column":33},"end":{"line":1,"column":null}},"1":{"start":{"line":6,"column":17},"end":{"line":19,"column":2}},"2":{"start":{"line":7,"column":2},"end":{"line":17,"column":null}},"3":{"start":{"line":14,"column":30},"end":{"line":14,"column":68}},"4":{"start":{"line":19,"column":2},"end":{"line":6,"column":17}},"5":{"start":{"line":21,"column":24},"end":{"line":21,"column":null}}},"fnMap":{"0":{"name":"(anonymous_0)","decl":{"start":{"line":1,"column":33},"end":{"line":1,"column":null}},"loc":{"start":{"line":1,"column":33},"end":{"line":1,"column":null}}},"1":{"name":"(anonymous_1)","decl":{"start":{"line":6,"column":17},"end":{"line":6,"column":18}},"loc":{"start":{"line":6,"column":47},"end":{"line":19,"column":2}}},"2":{"name":"(anonymous_2)","decl":{"start":{"line":14,"column":21},"end":{"line":14,"column":30}},"loc":{"start":{"line":14,"column":30},"end":{"line":14,"column":68}}}},"branchMap":{"0":{"loc":{"start":{"line":1,"column":33},"end":{"line":1,"column":null}},"type":"if","locations":[{"start":{"line":1,"column":33},"end":{"line":1,"column":null}}]},"1":{"loc":{"start":{"line":11,"column":9},"end":{"line":14,"column":null}},"type":"cond-expr","locations":[{"start":{"line":12,"column":10},"end":{"line":12,"column":null}},{"start":{"line":14,"column":10},"end":{"line":14,"column":null}}]}},"s":{"0":91,"1":13,"2":25,"3":201,"4":13,"5":13},"f":{"0":13,"1":25,"2":201},"b":{"0":[13],"1":[0,25]}}
,"C:/FRONT/RS-React/secret-shop/src/components/Card/CardLoader.tsx": {"path":"C:/FRONT/RS-React/secret-shop/src/components/Card/CardLoader.tsx","statementMap":{"0":{"start":{"line":1,"column":45},"end":{"line":1,"column":null}},"1":{"start":{"line":3,"column":19},"end":{"line":20,"column":2}},"2":{"start":{"line":4,"column":2},"end":{"line":18,"column":null}},"3":{"start":{"line":20,"column":2},"end":{"line":3,"column":19}},"4":{"start":{"line":22,"column":26},"end":{"line":22,"column":null}}},"fnMap":{"0":{"name":"(anonymous_0)","decl":{"start":{"line":1,"column":45},"end":{"line":1,"column":null}},"loc":{"start":{"line":1,"column":45},"end":{"line":1,"column":null}}},"1":{"name":"(anonymous_1)","decl":{"start":{"line":3,"column":19},"end":{"line":3,"column":25}},"loc":{"start":{"line":3,"column":25},"end":{"line":20,"column":2}}}},"branchMap":{"0":{"loc":{"start":{"line":1,"column":45},"end":{"line":1,"column":null}},"type":"if","locations":[{"start":{"line":1,"column":45},"end":{"line":1,"column":null}}]}},"s":{"0":91,"1":13,"2":38,"3":13,"4":13},"f":{"0":13,"1":38},"b":{"0":[13]}}
,"C:/FRONT/RS-React/secret-shop/src/components/Card/CardModal.tsx": {"path":"C:/FRONT/RS-React/secret-shop/src/components/Card/CardModal.tsx","statementMap":{"0":{"start":{"line":1,"column":39},"end":{"line":1,"column":null}},"1":{"start":{"line":4,"column":18},"end":{"line":57,"column":2}},"2":{"start":{"line":5,"column":2},"end":{"line":55,"column":null}},"3":{"start":{"line":7,"column":52},"end":{"line":7,"column":71}},"4":{"start":{"line":9,"column":74},"end":{"line":9,"column":null}},"5":{"start":{"line":38,"column":46},"end":{"line":38,"column":52}},"6":{"start":{"line":41,"column":48},"end":{"line":41,"column":54}},"7":{"start":{"line":44,"column":50},"end":{"line":44,"column":56}},"8":{"start":{"line":57,"column":2},"end":{"line":4,"column":18}},"9":{"start":{"line":59,"column":25},"end":{"line":59,"column":null}}},"fnMap":{"0":{"name":"(anonymous_0)","decl":{"start":{"line":1,"column":39},"end":{"line":1,"column":null}},"loc":{"start":{"line":1,"column":39},"end":{"line":1,"column":null}}},"1":{"name":"(anonymous_1)","decl":{"start":{"line":4,"column":18},"end":{"line":4,"column":19}},"loc":{"start":{"line":4,"column":61},"end":{"line":57,"column":2}}},"2":{"name":"(anonymous_2)","decl":{"start":{"line":7,"column":46},"end":{"line":7,"column":52}},"loc":{"start":{"line":7,"column":52},"end":{"line":7,"column":71}}},"3":{"name":"(anonymous_3)","decl":{"start":{"line":9,"column":68},"end":{"line":9,"column":74}},"loc":{"start":{"line":9,"column":74},"end":{"line":9,"column":null}}},"4":{"name":"(anonymous_4)","decl":{"start":{"line":38,"column":40},"end":{"line":38,"column":46}},"loc":{"start":{"line":38,"column":46},"end":{"line":38,"column":52}}},"5":{"name":"(anonymous_5)","decl":{"start":{"line":41,"column":42},"end":{"line":41,"column":48}},"loc":{"start":{"line":41,"column":48},"end":{"line":41,"column":54}}},"6":{"name":"(anonymous_6)","decl":{"start":{"line":44,"column":44},"end":{"line":44,"column":50}},"loc":{"start":{"line":44,"column":50},"end":{"line":44,"column":56}}}},"branchMap":{"0":{"loc":{"start":{"line":1,"column":39},"end":{"line":1,"column":null}},"type":"if","locations":[{"start":{"line":1,"column":39},"end":{"line":1,"column":null}}]},"1":{"loc":{"start":{"line":15,"column":11},"end":{"line":26,"column":null}},"type":"binary-expr","locations":[{"start":{"line":15,"column":11},"end":{"line":15,"column":null}},{"start":{"line":16,"column":12},"end":{"line":26,"column":null}}]},"2":{"loc":{"start":{"line":31,"column":43},"end":{"line":31,"column":null}},"type":"binary-expr","locations":[{"start":{"line":31,"column":43},"end":{"line":31,"column":73}},{"start":{"line":31,"column":73},"end":{"line":31,"column":null}}]},"3":{"loc":{"start":{"line":47,"column":9},"end":{"line":52,"column":null}},"type":"binary-expr","locations":[{"start":{"line":47,"column":9},"end":{"line":47,"column":null}},{"start":{"line":48,"column":10},"end":{"line":52,"column":null}}]}},"s":{"0":91,"1":13,"2":8,"3":0,"4":2,"5":24,"6":696,"7":8,"8":13,"9":13},"f":{"0":13,"1":8,"2":0,"3":2,"4":24,"5":696,"6":8},"b":{"0":[13],"1":[8,8],"2":[8,8],"3":[8,8]}}
,"C:/FRONT/RS-React/secret-shop/src/components/Card/CardModalLoader.tsx": {"path":"C:/FRONT/RS-React/secret-shop/src/components/Card/CardModalLoader.tsx","statementMap":{"0":{"start":{"line":1,"column":51},"end":{"line":1,"column":null}},"1":{"start":{"line":3,"column":24},"end":{"line":10,"column":2}},"2":{"start":{"line":4,"column":2},"end":{"line":8,"column":null}},"3":{"start":{"line":10,"column":2},"end":{"line":3,"column":24}},"4":{"start":{"line":12,"column":31},"end":{"line":12,"column":null}}},"fnMap":{"0":{"name":"(anonymous_0)","decl":{"start":{"line":1,"column":51},"end":{"line":1,"column":null}},"loc":{"start":{"line":1,"column":51},"end":{"line":1,"column":null}}},"1":{"name":"(anonymous_1)","decl":{"start":{"line":3,"column":24},"end":{"line":3,"column":30}},"loc":{"start":{"line":3,"column":30},"end":{"line":10,"column":2}}}},"branchMap":{"0":{"loc":{"start":{"line":1,"column":51},"end":{"line":1,"column":null}},"type":"if","locations":[{"start":{"line":1,"column":51},"end":{"line":1,"column":null}}]}},"s":{"0":91,"1":13,"2":6,"3":13,"4":13},"f":{"0":13,"1":6},"b":{"0":[13]}}
,"C:/FRONT/RS-React/secret-shop/src/components/Card/EmptyResultMessage.tsx": {"path":"C:/FRONT/RS-React/secret-shop/src/components/Card/EmptyResultMessage.tsx","statementMap":{"0":{"start":{"line":1,"column":38},"end":{"line":1,"column":null}},"1":{"start":{"line":3,"column":27},"end":{"line":5,"column":2}},"2":{"start":{"line":4,"column":2},"end":{"line":4,"column":null}},"3":{"start":{"line":5,"column":2},"end":{"line":3,"column":27}},"4":{"start":{"line":7,"column":34},"end":{"line":7,"column":null}}},"fnMap":{"0":{"name":"(anonymous_0)","decl":{"start":{"line":1,"column":38},"end":{"line":1,"column":null}},"loc":{"start":{"line":1,"column":38},"end":{"line":1,"column":null}}},"1":{"name":"(anonymous_1)","decl":{"start":{"line":3,"column":27},"end":{"line":3,"column":33}},"loc":{"start":{"line":3,"column":33},"end":{"line":5,"column":2}}}},"branchMap":{"0":{"loc":{"start":{"line":1,"column":38},"end":{"line":1,"column":null}},"type":"if","locations":[{"start":{"line":1,"column":38},"end":{"line":1,"column":null}}]}},"s":{"0":91,"1":13,"2":0,"3":13,"4":13},"f":{"0":13,"1":0},"b":{"0":[13]}}
,"C:/FRONT/RS-React/secret-shop/src/components/Form/Form.tsx": {"path":"C:/FRONT/RS-React/secret-shop/src/components/Form/Form.tsx","statementMap":{"0":{"start":{"line":17,"column":13},"end":{"line":143,"column":2}},"1":{"start":{"line":17,"column":19},"end":{"line":17,"column":null}},"2":{"start":{"line":18,"column":19},"end":{"line":18,"column":null}},"3":{"start":{"line":24,"column":6},"end":{"line":26,"column":null}},"4":{"start":{"line":28,"column":19},"end":{"line":33,"column":null}},"5":{"start":{"line":29,"column":24},"end":{"line":29,"column":null}},"6":{"start":{"line":30,"column":4},"end":{"line":30,"column":null}},"7":{"start":{"line":31,"column":4},"end":{"line":31,"column":null}},"8":{"start":{"line":32,"column":4},"end":{"line":32,"column":null}},"9":{"start":{"line":35,"column":2},"end":{"line":141,"column":null}},"10":{"start":{"line":117,"column":15},"end":{"line":117,"column":null}},"11":{"start":{"line":143,"column":2},"end":{"line":24,"column":14}},"12":{"start":{"line":17,"column":10},"end":{"line":24,"column":14}},"13":{"start":{"line":24,"column":13},"end":{"line":17,"column":10}},"14":{"start":{"line":145,"column":20},"end":{"line":145,"column":null}}},"fnMap":{"0":{"name":"(anonymous_1)","decl":{"start":{"line":17,"column":13},"end":{"line":17,"column":19}},"loc":{"start":{"line":17,"column":19},"end":{"line":143,"column":2}}},"1":{"name":"(anonymous_2)","decl":{"start":{"line":28,"column":19},"end":{"line":28,"column":20}},"loc":{"start":{"line":28,"column":39},"end":{"line":33,"column":null}}},"2":{"name":"(anonymous_3)","decl":{"start":{"line":116,"column":22},"end":{"line":116,"column":null}},"loc":{"start":{"line":117,"column":15},"end":{"line":117,"column":null}}},"3":{"name":"(anonymous_4)","decl":{"start":{"line":17,"column":10},"end":{"line":17,"column":13}},"loc":{"start":{"line":17,"column":10},"end":{"line":24,"column":14}}}},"branchMap":{"0":{"loc":{"start":{"line":62,"column":16},"end":{"line":62,"column":null}},"type":"binary-expr","locations":[{"start":{"line":62,"column":16},"end":{"line":62,"column":43}},{"start":{"line":62,"column":43},"end":{"line":62,"column":null}}]},"1":{"loc":{"start":{"line":63,"column":18},"end":{"line":63,"column":null}},"type":"binary-expr","locations":[{"start":{"line":63,"column":18},"end":{"line":63,"column":47}},{"start":{"line":63,"column":47},"end":{"line":63,"column":null}}]},"2":{"loc":{"start":{"line":85,"column":16},"end":{"line":85,"column":null}},"type":"binary-expr","locations":[{"start":{"line":85,"column":16},"end":{"line":85,"column":43}},{"start":{"line":85,"column":43},"end":{"line":85,"column":null}}]},"3":{"loc":{"start":{"line":86,"column":18},"end":{"line":86,"column":null}},"type":"binary-expr","locations":[{"start":{"line":86,"column":18},"end":{"line":86,"column":47}},{"start":{"line":86,"column":47},"end":{"line":86,"column":null}}]},"4":{"loc":{"start":{"line":117,"column":15},"end":{"line":117,"column":null}},"type":"binary-expr","locations":[{"start":{"line":117,"column":15},"end":{"line":117,"column":35}},{"start":{"line":117,"column":35},"end":{"line":117,"column":73}},{"start":{"line":117,"column":73},"end":{"line":117,"column":null}}]}},"s":{"0":13,"1":9,"2":9,"3":9,"4":9,"5":1,"6":1,"7":1,"8":1,"9":9,"10":1,"11":13,"12":5,"13":13,"14":13},"f":{"0":9,"1":1,"2":1,"3":5},"b":{"0":[9,7],"1":[9,7],"2":[9,9],"3":[9,9],"4":[1,1,0]}}
,"C:/FRONT/RS-React/secret-shop/src/components/Form/FormCheckbox.tsx": {"path":"C:/FRONT/RS-React/secret-shop/src/components/Form/FormCheckbox.tsx","statementMap":{"0":{"start":{"line":1,"column":50},"end":{"line":1,"column":null}},"1":{"start":{"line":3,"column":21},"end":{"line":18,"column":2}},"2":{"start":{"line":4,"column":2},"end":{"line":16,"column":null}},"3":{"start":{"line":18,"column":2},"end":{"line":3,"column":21}},"4":{"start":{"line":20,"column":28},"end":{"line":20,"column":null}}},"fnMap":{"0":{"name":"(anonymous_0)","decl":{"start":{"line":1,"column":50},"end":{"line":1,"column":null}},"loc":{"start":{"line":1,"column":50},"end":{"line":1,"column":null}}},"1":{"name":"(anonymous_1)","decl":{"start":{"line":3,"column":21},"end":{"line":3,"column":22}},"loc":{"start":{"line":3,"column":72},"end":{"line":18,"column":2}}}},"branchMap":{"0":{"loc":{"start":{"line":1,"column":50},"end":{"line":1,"column":null}},"type":"if","locations":[{"start":{"line":1,"column":50},"end":{"line":1,"column":null}}]}},"s":{"0":91,"1":13,"2":9,"3":13,"4":13},"f":{"0":13,"1":9},"b":{"0":[13]}}
,"C:/FRONT/RS-React/secret-shop/src/components/Form/FormChekboxWrap.tsx": {"path":"C:/FRONT/RS-React/secret-shop/src/components/Form/FormChekboxWrap.tsx","statementMap":{"0":{"start":{"line":1,"column":57},"end":{"line":1,"column":null}},"1":{"start":{"line":4,"column":24},"end":{"line":19,"column":2}},"2":{"start":{"line":12,"column":2},"end":{"line":17,"column":null}},"3":{"start":{"line":19,"column":2},"end":{"line":4,"column":24}},"4":{"start":{"line":21,"column":31},"end":{"line":21,"column":null}}},"fnMap":{"0":{"name":"(anonymous_0)","decl":{"start":{"line":1,"column":57},"end":{"line":1,"column":null}},"loc":{"start":{"line":1,"column":57},"end":{"line":1,"column":null}}},"1":{"name":"(anonymous_1)","decl":{"start":{"line":4,"column":24},"end":{"line":4,"column":25}},"loc":{"start":{"line":11,"column":6},"end":{"line":19,"column":2}}}},"branchMap":{"0":{"loc":{"start":{"line":1,"column":57},"end":{"line":1,"column":null}},"type":"if","locations":[{"start":{"line":1,"column":57},"end":{"line":1,"column":null}}]},"1":{"loc":{"start":{"line":16,"column":7},"end":{"line":16,"column":null}},"type":"binary-expr","locations":[{"start":{"line":16,"column":7},"end":{"line":16,"column":16}},{"start":{"line":16,"column":16},"end":{"line":16,"column":null}}]}},"s":{"0":91,"1":13,"2":9,"3":13,"4":13},"f":{"0":13,"1":9},"b":{"0":[13],"1":[9,0]}}
,"C:/FRONT/RS-React/secret-shop/src/components/Form/FormDateInput.tsx": {"path":"C:/FRONT/RS-React/secret-shop/src/components/Form/FormDateInput.tsx","statementMap":{"0":{"start":{"line":1,"column":49},"end":{"line":1,"column":null}},"1":{"start":{"line":4,"column":22},"end":{"line":26,"column":2}},"2":{"start":{"line":12,"column":2},"end":{"line":24,"column":null}},"3":{"start":{"line":26,"column":2},"end":{"line":4,"column":22}},"4":{"start":{"line":28,"column":29},"end":{"line":28,"column":null}}},"fnMap":{"0":{"name":"(anonymous_0)","decl":{"start":{"line":1,"column":49},"end":{"line":1,"column":null}},"loc":{"start":{"line":1,"column":49},"end":{"line":1,"column":null}}},"1":{"name":"(anonymous_1)","decl":{"start":{"line":4,"column":22},"end":{"line":4,"column":23}},"loc":{"start":{"line":11,"column":50},"end":{"line":26,"column":2}}}},"branchMap":{"0":{"loc":{"start":{"line":1,"column":49},"end":{"line":1,"column":null}},"type":"if","locations":[{"start":{"line":1,"column":49},"end":{"line":1,"column":null}}]},"1":{"loc":{"start":{"line":23,"column":7},"end":{"line":23,"column":null}},"type":"binary-expr","locations":[{"start":{"line":23,"column":7},"end":{"line":23,"column":25}},{"start":{"line":23,"column":25},"end":{"line":23,"column":null}}]},"2":{"loc":{"start":{"line":23,"column":52},"end":{"line":23,"column":88}},"type":"binary-expr","locations":[{"start":{"line":23,"column":52},"end":{"line":23,"column":79}},{"start":{"line":23,"column":79},"end":{"line":23,"column":88}}]}},"s":{"0":91,"1":13,"2":9,"3":13,"4":13},"f":{"0":13,"1":9},"b":{"0":[13],"1":[9,2],"2":[2,0]}}
,"C:/FRONT/RS-React/secret-shop/src/components/Form/FormErrorMessage.tsx": {"path":"C:/FRONT/RS-React/secret-shop/src/components/Form/FormErrorMessage.tsx","statementMap":{"0":{"start":{"line":1,"column":57},"end":{"line":1,"column":null}},"1":{"start":{"line":3,"column":25},"end":{"line":4,"column":null}},"2":{"start":{"line":4,"column":2},"end":{"line":4,"column":null}},"3":{"start":{"line":5,"column":2},"end":{"line":3,"column":25}},"4":{"start":{"line":7,"column":32},"end":{"line":7,"column":null}}},"fnMap":{"0":{"name":"(anonymous_0)","decl":{"start":{"line":1,"column":57},"end":{"line":1,"column":null}},"loc":{"start":{"line":1,"column":57},"end":{"line":1,"column":null}}},"1":{"name":"(anonymous_1)","decl":{"start":{"line":3,"column":25},"end":{"line":3,"column":26}},"loc":{"start":{"line":4,"column":2},"end":{"line":4,"column":null}}}},"branchMap":{"0":{"loc":{"start":{"line":1,"column":57},"end":{"line":1,"column":null}},"type":"if","locations":[{"start":{"line":1,"column":57},"end":{"line":1,"column":null}}]}},"s":{"0":91,"1":13,"2":12,"3":13,"4":13},"f":{"0":13,"1":12},"b":{"0":[13]}}
,"C:/FRONT/RS-React/secret-shop/src/components/Form/FormFileInput.tsx": {"path":"C:/FRONT/RS-React/secret-shop/src/components/Form/FormFileInput.tsx","statementMap":{"0":{"start":{"line":1,"column":49},"end":{"line":1,"column":null}},"1":{"start":{"line":4,"column":22},"end":{"line":27,"column":2}},"2":{"start":{"line":12,"column":2},"end":{"line":25,"column":null}},"3":{"start":{"line":27,"column":2},"end":{"line":4,"column":22}},"4":{"start":{"line":29,"column":29},"end":{"line":29,"column":null}}},"fnMap":{"0":{"name":"(anonymous_0)","decl":{"start":{"line":1,"column":49},"end":{"line":1,"column":null}},"loc":{"start":{"line":1,"column":49},"end":{"line":1,"column":null}}},"1":{"name":"(anonymous_1)","decl":{"start":{"line":4,"column":22},"end":{"line":4,"column":23}},"loc":{"start":{"line":11,"column":50},"end":{"line":27,"column":2}}}},"branchMap":{"0":{"loc":{"start":{"line":1,"column":49},"end":{"line":1,"column":null}},"type":"if","locations":[{"start":{"line":1,"column":49},"end":{"line":1,"column":null}}]},"1":{"loc":{"start":{"line":24,"column":7},"end":{"line":24,"column":null}},"type":"binary-expr","locations":[{"start":{"line":24,"column":7},"end":{"line":24,"column":25}},{"start":{"line":24,"column":25},"end":{"line":24,"column":null}}]},"2":{"loc":{"start":{"line":24,"column":52},"end":{"line":24,"column":88}},"type":"binary-expr","locations":[{"start":{"line":24,"column":52},"end":{"line":24,"column":79}},{"start":{"line":24,"column":79},"end":{"line":24,"column":88}}]}},"s":{"0":91,"1":13,"2":9,"3":13,"4":13},"f":{"0":13,"1":9},"b":{"0":[13],"1":[9,2],"2":[2,0]}}
,"C:/FRONT/RS-React/secret-shop/src/components/Form/FormNumberInput.tsx": {"path":"C:/FRONT/RS-React/secret-shop/src/components/Form/FormNumberInput.tsx","statementMap":{"0":{"start":{"line":1,"column":49},"end":{"line":1,"column":null}},"1":{"start":{"line":4,"column":24},"end":{"line":26,"column":2}},"2":{"start":{"line":12,"column":2},"end":{"line":24,"column":null}},"3":{"start":{"line":26,"column":2},"end":{"line":4,"column":24}},"4":{"start":{"line":28,"column":31},"end":{"line":28,"column":null}}},"fnMap":{"0":{"name":"(anonymous_0)","decl":{"start":{"line":1,"column":49},"end":{"line":1,"column":null}},"loc":{"start":{"line":1,"column":49},"end":{"line":1,"column":null}}},"1":{"name":"(anonymous_1)","decl":{"start":{"line":4,"column":24},"end":{"line":4,"column":25}},"loc":{"start":{"line":11,"column":52},"end":{"line":26,"column":2}}}},"branchMap":{"0":{"loc":{"start":{"line":1,"column":49},"end":{"line":1,"column":null}},"type":"if","locations":[{"start":{"line":1,"column":49},"end":{"line":1,"column":null}}]},"1":{"loc":{"start":{"line":23,"column":7},"end":{"line":23,"column":null}},"type":"binary-expr","locations":[{"start":{"line":23,"column":7},"end":{"line":23,"column":25}},{"start":{"line":23,"column":25},"end":{"line":23,"column":null}}]},"2":{"loc":{"start":{"line":23,"column":52},"end":{"line":23,"column":88}},"type":"binary-expr","locations":[{"start":{"line":23,"column":52},"end":{"line":23,"column":79}},{"start":{"line":23,"column":79},"end":{"line":23,"column":88}}]}},"s":{"0":91,"1":13,"2":9,"3":13,"4":13},"f":{"0":13,"1":9},"b":{"0":[13],"1":[9,2],"2":[2,0]}}
,"C:/FRONT/RS-React/secret-shop/src/components/Form/FormRadio.tsx": {"path":"C:/FRONT/RS-React/secret-shop/src/components/Form/FormRadio.tsx","statementMap":{"0":{"start":{"line":1,"column":73},"end":{"line":1,"column":null}},"1":{"start":{"line":3,"column":18},"end":{"line":25,"column":2}},"2":{"start":{"line":10,"column":2},"end":{"line":23,"column":null}},"3":{"start":{"line":25,"column":2},"end":{"line":3,"column":18}},"4":{"start":{"line":27,"column":25},"end":{"line":27,"column":null}}},"fnMap":{"0":{"name":"(anonymous_0)","decl":{"start":{"line":1,"column":73},"end":{"line":1,"column":null}},"loc":{"start":{"line":1,"column":73},"end":{"line":1,"column":null}}},"1":{"name":"(anonymous_1)","decl":{"start":{"line":3,"column":18},"end":{"line":3,"column":19}},"loc":{"start":{"line":9,"column":46},"end":{"line":25,"column":2}}}},"branchMap":{"0":{"loc":{"start":{"line":1,"column":73},"end":{"line":1,"column":null}},"type":"if","locations":[{"start":{"line":1,"column":73},"end":{"line":1,"column":null}}]}},"s":{"0":91,"1":13,"2":18,"3":13,"4":13},"f":{"0":13,"1":18},"b":{"0":[13]}}
,"C:/FRONT/RS-React/secret-shop/src/components/Form/FormRadioWrap.tsx": {"path":"C:/FRONT/RS-React/secret-shop/src/components/Form/FormRadioWrap.tsx","statementMap":{"0":{"start":{"line":1,"column":57},"end":{"line":1,"column":null}},"1":{"start":{"line":4,"column":22},"end":{"line":19,"column":2}},"2":{"start":{"line":12,"column":2},"end":{"line":17,"column":null}},"3":{"start":{"line":19,"column":2},"end":{"line":4,"column":22}},"4":{"start":{"line":21,"column":29},"end":{"line":21,"column":null}}},"fnMap":{"0":{"name":"(anonymous_0)","decl":{"start":{"line":1,"column":57},"end":{"line":1,"column":null}},"loc":{"start":{"line":1,"column":57},"end":{"line":1,"column":null}}},"1":{"name":"(anonymous_1)","decl":{"start":{"line":4,"column":22},"end":{"line":4,"column":23}},"loc":{"start":{"line":11,"column":6},"end":{"line":19,"column":2}}}},"branchMap":{"0":{"loc":{"start":{"line":1,"column":57},"end":{"line":1,"column":null}},"type":"if","locations":[{"start":{"line":1,"column":57},"end":{"line":1,"column":null}}]},"1":{"loc":{"start":{"line":16,"column":7},"end":{"line":16,"column":null}},"type":"binary-expr","locations":[{"start":{"line":16,"column":7},"end":{"line":16,"column":16}},{"start":{"line":16,"column":16},"end":{"line":16,"column":null}}]}},"s":{"0":91,"1":13,"2":9,"3":13,"4":13},"f":{"0":13,"1":9},"b":{"0":[13],"1":[9,2]}}
,"C:/FRONT/RS-React/secret-shop/src/components/Form/FormSelect.tsx": {"path":"C:/FRONT/RS-React/secret-shop/src/components/Form/FormSelect.tsx","statementMap":{"0":{"start":{"line":1,"column":49},"end":{"line":1,"column":null}},"1":{"start":{"line":5,"column":19},"end":{"line":31,"column":2}},"2":{"start":{"line":13,"column":2},"end":{"line":29,"column":null}},"3":{"start":{"line":23,"column":10},"end":{"line":25,"column":null}},"4":{"start":{"line":31,"column":2},"end":{"line":5,"column":19}},"5":{"start":{"line":33,"column":26},"end":{"line":33,"column":null}}},"fnMap":{"0":{"name":"(anonymous_0)","decl":{"start":{"line":1,"column":49},"end":{"line":1,"column":null}},"loc":{"start":{"line":1,"column":49},"end":{"line":1,"column":null}}},"1":{"name":"(anonymous_1)","decl":{"start":{"line":5,"column":19},"end":{"line":5,"column":20}},"loc":{"start":{"line":12,"column":47},"end":{"line":31,"column":2}}},"2":{"name":"(anonymous_2)","decl":{"start":{"line":22,"column":28},"end":{"line":22,"column":null}},"loc":{"start":{"line":23,"column":10},"end":{"line":25,"column":null}}}},"branchMap":{"0":{"loc":{"start":{"line":1,"column":49},"end":{"line":1,"column":null}},"type":"if","locations":[{"start":{"line":1,"column":49},"end":{"line":1,"column":null}}]},"1":{"loc":{"start":{"line":28,"column":7},"end":{"line":28,"column":null}},"type":"binary-expr","locations":[{"start":{"line":28,"column":7},"end":{"line":28,"column":25}},{"start":{"line":28,"column":25},"end":{"line":28,"column":null}}]},"2":{"loc":{"start":{"line":28,"column":52},"end":{"line":28,"column":88}},"type":"binary-expr","locations":[{"start":{"line":28,"column":52},"end":{"line":28,"column":79}},{"start":{"line":28,"column":79},"end":{"line":28,"column":88}}]}},"s":{"0":91,"1":13,"2":9,"3":72,"4":13,"5":13},"f":{"0":13,"1":9,"2":72},"b":{"0":[13],"1":[9,2],"2":[2,0]}}
,"C:/FRONT/RS-React/secret-shop/src/components/Form/FormTextInput.tsx": {"path":"C:/FRONT/RS-React/secret-shop/src/components/Form/FormTextInput.tsx","statementMap":{"0":{"start":{"line":1,"column":49},"end":{"line":1,"column":null}},"1":{"start":{"line":4,"column":22},"end":{"line":26,"column":2}},"2":{"start":{"line":12,"column":2},"end":{"line":24,"column":null}},"3":{"start":{"line":26,"column":2},"end":{"line":4,"column":22}},"4":{"start":{"line":28,"column":29},"end":{"line":28,"column":null}}},"fnMap":{"0":{"name":"(anonymous_0)","decl":{"start":{"line":1,"column":49},"end":{"line":1,"column":null}},"loc":{"start":{"line":1,"column":49},"end":{"line":1,"column":null}}},"1":{"name":"(anonymous_1)","decl":{"start":{"line":4,"column":22},"end":{"line":4,"column":23}},"loc":{"start":{"line":11,"column":50},"end":{"line":26,"column":2}}}},"branchMap":{"0":{"loc":{"start":{"line":1,"column":49},"end":{"line":1,"column":null}},"type":"if","locations":[{"start":{"line":1,"column":49},"end":{"line":1,"column":null}}]},"1":{"loc":{"start":{"line":23,"column":7},"end":{"line":23,"column":null}},"type":"binary-expr","locations":[{"start":{"line":23,"column":7},"end":{"line":23,"column":25}},{"start":{"line":23,"column":25},"end":{"line":23,"column":null}}]},"2":{"loc":{"start":{"line":23,"column":52},"end":{"line":23,"column":88}},"type":"binary-expr","locations":[{"start":{"line":23,"column":52},"end":{"line":23,"column":79}},{"start":{"line":23,"column":79},"end":{"line":23,"column":88}}]}},"s":{"0":91,"1":13,"2":9,"3":13,"4":13},"f":{"0":13,"1":9},"b":{"0":[13],"1":[9,2],"2":[2,0]}}
,"C:/FRONT/RS-React/secret-shop/src/helper/helper.ts": {"path":"C:/FRONT/RS-React/secret-shop/src/helper/helper.ts","statementMap":{"0":{"start":{"line":1,"column":27},"end":{"line":10,"column":null}},"1":{"start":{"line":2,"column":2},"end":{"line":8,"column":null}},"2":{"start":{"line":3,"column":4},"end":{"line":3,"column":null}},"3":{"start":{"line":4,"column":2},"end":{"line":8,"column":null}},"4":{"start":{"line":5,"column":4},"end":{"line":5,"column":null}},"5":{"start":{"line":6,"column":2},"end":{"line":8,"column":null}},"6":{"start":{"line":7,"column":4},"end":{"line":7,"column":null}},"7":{"start":{"line":9,"column":2},"end":{"line":9,"column":null}}},"fnMap":{"0":{"name":"(anonymous_0)","decl":{"start":{"line":1,"column":27},"end":{"line":1,"column":28}},"loc":{"start":{"line":1,"column":47},"end":{"line":10,"column":null}}}},"branchMap":{"0":{"loc":{"start":{"line":2,"column":2},"end":{"line":8,"column":null}},"type":"if","locations":[{"start":{"line":2,"column":2},"end":{"line":8,"column":null}},{"start":{"line":4,"column":2},"end":{"line":8,"column":null}}]},"1":{"loc":{"start":{"line":4,"column":2},"end":{"line":8,"column":null}},"type":"if","locations":[{"start":{"line":4,"column":2},"end":{"line":8,"column":null}},{"start":{"line":6,"column":2},"end":{"line":8,"column":null}}]},"2":{"loc":{"start":{"line":6,"column":2},"end":{"line":8,"column":null}},"type":"if","locations":[{"start":{"line":6,"column":2},"end":{"line":8,"column":null}}]}},"s":{"0":13,"1":368,"2":0,"3":368,"4":0,"5":368,"6":270,"7":98},"f":{"0":368},"b":{"0":[0,368],"1":[0,368],"2":[270]}}
,"C:/FRONT/RS-React/secret-shop/src/hooks/redux.ts": {"path":"C:/FRONT/RS-React/secret-shop/src/hooks/redux.ts","statementMap":{"0":{"start":{"line":4,"column":30},"end":{"line":4,"column":null}},"1":{"start":{"line":4,"column":36},"end":{"line":4,"column":null}},"2":{"start":{"line":5,"column":63},"end":{"line":5,"column":null}}},"fnMap":{"0":{"name":"(anonymous_0)","decl":{"start":{"line":4,"column":30},"end":{"line":4,"column":36}},"loc":{"start":{"line":4,"column":36},"end":{"line":4,"column":null}}}},"branchMap":{},"s":{"0":13,"1":132,"2":13},"f":{"0":132},"b":{}}
,"C:/FRONT/RS-React/secret-shop/src/pages/AboutUsPage.tsx": {"path":"C:/FRONT/RS-React/secret-shop/src/pages/AboutUsPage.tsx","statementMap":{"0":{"start":{"line":1,"column":41},"end":{"line":1,"column":null}},"1":{"start":{"line":4,"column":20},"end":{"line":13,"column":2}},"2":{"start":{"line":5,"column":2},"end":{"line":11,"column":null}},"3":{"start":{"line":13,"column":2},"end":{"line":4,"column":20}},"4":{"start":{"line":15,"column":27},"end":{"line":15,"column":null}}},"fnMap":{"0":{"name":"(anonymous_0)","decl":{"start":{"line":1,"column":41},"end":{"line":1,"column":null}},"loc":{"start":{"line":1,"column":41},"end":{"line":1,"column":null}}},"1":{"name":"(anonymous_1)","decl":{"start":{"line":4,"column":20},"end":{"line":4,"column":21}},"loc":{"start":{"line":4,"column":52},"end":{"line":13,"column":2}}}},"branchMap":{"0":{"loc":{"start":{"line":1,"column":41},"end":{"line":1,"column":null}},"type":"if","locations":[{"start":{"line":1,"column":41},"end":{"line":1,"column":null}}]}},"s":{"0":91,"1":13,"2":6,"3":13,"4":13},"f":{"0":13,"1":6},"b":{"0":[13]}}
,"C:/FRONT/RS-React/secret-shop/src/pages/FormPage.tsx": {"path":"C:/FRONT/RS-React/secret-shop/src/pages/FormPage.tsx","statementMap":{"0":{"start":{"line":8,"column":17},"end":{"line":24,"column":2}},"1":{"start":{"line":8,"column":49},"end":{"line":8,"column":null}},"2":{"start":{"line":9,"column":21},"end":{"line":9,"column":null}},"3":{"start":{"line":9,"column":47},"end":{"line":9,"column":75}},"4":{"start":{"line":11,"column":2},"end":{"line":22,"column":null}},"5":{"start":{"line":24,"column":2},"end":{"line":9,"column":37}},"6":{"start":{"line":8,"column":14},"end":{"line":9,"column":37}},"7":{"start":{"line":9,"column":35},"end":{"line":8,"column":14}},"8":{"start":{"line":26,"column":24},"end":{"line":26,"column":null}}},"fnMap":{"0":{"name":"(anonymous_1)","decl":{"start":{"line":8,"column":17},"end":{"line":8,"column":18}},"loc":{"start":{"line":8,"column":49},"end":{"line":24,"column":2}}},"1":{"name":"(anonymous_2)","decl":{"start":{"line":9,"column":37},"end":{"line":9,"column":47}},"loc":{"start":{"line":9,"column":47},"end":{"line":9,"column":75}}},"2":{"name":"(anonymous_3)","decl":{"start":{"line":8,"column":14},"end":{"line":8,"column":17}},"loc":{"start":{"line":8,"column":14},"end":{"line":9,"column":37}}}},"branchMap":{"0":{"loc":{"start":{"line":18,"column":13},"end":{"line":18,"column":null}},"type":"binary-expr","locations":[{"start":{"line":18,"column":13},"end":{"line":18,"column":38}},{"start":{"line":18,"column":38},"end":{"line":18,"column":null}}]}},"s":{"0":13,"1":6,"2":6,"3":8,"4":6,"5":13,"6":5,"7":13,"8":13},"f":{"0":6,"1":8,"2":5},"b":{"0":[6,1]}}
,"C:/FRONT/RS-React/secret-shop/src/pages/MainPage.tsx": {"path":"C:/FRONT/RS-React/secret-shop/src/pages/MainPage.tsx","statementMap":{"0":{"start":{"line":11,"column":17},"end":{"line":48,"column":2}},"1":{"start":{"line":11,"column":49},"end":{"line":11,"column":null}},"2":{"start":{"line":12,"column":22},"end":{"line":12,"column":null}},"3":{"start":{"line":12,"column":48},"end":{"line":12,"column":78}},"4":{"start":{"line":14,"column":28},"end":{"line":14,"column":null}},"5":{"start":{"line":15,"column":30},"end":{"line":15,"column":null}},"6":{"start":{"line":17,"column":60},"end":{"line":17,"column":null}},"7":{"start":{"line":19,"column":4},"end":{"line":19,"column":null}},"8":{"start":{"line":21,"column":2},"end":{"line":33,"column":null}},"9":{"start":{"line":22,"column":4},"end":{"line":32,"column":null}},"10":{"start":{"line":23,"column":6},"end":{"line":23,"column":null}},"11":{"start":{"line":24,"column":6},"end":{"line":26,"column":null}},"12":{"start":{"line":25,"column":8},"end":{"line":25,"column":null}},"13":{"start":{"line":28,"column":6},"end":{"line":28,"column":null}},"14":{"start":{"line":29,"column":6},"end":{"line":31,"column":null}},"15":{"start":{"line":30,"column":8},"end":{"line":30,"column":null}},"16":{"start":{"line":35,"column":2},"end":{"line":46,"column":null}},"17":{"start":{"line":48,"column":2},"end":{"line":19,"column":38}},"18":{"start":{"line":11,"column":14},"end":{"line":19,"column":38}},"19":{"start":{"line":19,"column":37},"end":{"line":11,"column":14}},"20":{"start":{"line":50,"column":24},"end":{"line":50,"column":null}}},"fnMap":{"0":{"name":"(anonymous_1)","decl":{"start":{"line":11,"column":17},"end":{"line":11,"column":18}},"loc":{"start":{"line":11,"column":49},"end":{"line":48,"column":2}}},"1":{"name":"(anonymous_2)","decl":{"start":{"line":12,"column":38},"end":{"line":12,"column":48}},"loc":{"start":{"line":12,"column":48},"end":{"line":12,"column":78}}},"2":{"name":"(anonymous_3)","decl":{"start":{"line":21,"column":12},"end":{"line":21,"column":18}},"loc":{"start":{"line":21,"column":18},"end":{"line":33,"column":5}}},"3":{"name":"(anonymous_4)","decl":{"start":{"line":11,"column":14},"end":{"line":11,"column":17}},"loc":{"start":{"line":11,"column":14},"end":{"line":19,"column":38}}}},"branchMap":{"0":{"loc":{"start":{"line":22,"column":4},"end":{"line":32,"column":null}},"type":"if","locations":[{"start":{"line":22,"column":4},"end":{"line":32,"column":null}},{"start":{"line":27,"column":11},"end":{"line":32,"column":null}}]},"1":{"loc":{"start":{"line":24,"column":6},"end":{"line":26,"column":null}},"type":"if","locations":[{"start":{"line":24,"column":6},"end":{"line":26,"column":null}}]},"2":{"loc":{"start":{"line":29,"column":6},"end":{"line":31,"column":null}},"type":"if","locations":[{"start":{"line":29,"column":6},"end":{"line":31,"column":null}}]},"3":{"loc":{"start":{"line":42,"column":13},"end":{"line":42,"column":null}},"type":"cond-expr","locations":[{"start":{"line":42,"column":22},"end":{"line":42,"column":51}},{"start":{"line":42,"column":51},"end":{"line":42,"column":null}}]}},"s":{"0":13,"1":75,"2":75,"3":210,"4":75,"5":75,"6":75,"7":75,"8":75,"9":32,"10":18,"11":18,"12":6,"13":14,"14":14,"15":14,"16":75,"17":13,"18":6,"19":13,"20":13},"f":{"0":75,"1":210,"2":32,"3":6},"b":{"0":[18,14],"1":[6],"2":[14],"3":[25,50]}}
,"C:/FRONT/RS-React/secret-shop/src/pages/NotFoundPage.tsx": {"path":"C:/FRONT/RS-React/secret-shop/src/pages/NotFoundPage.tsx","statementMap":{"0":{"start":{"line":1,"column":36},"end":{"line":1,"column":null}},"1":{"start":{"line":5,"column":21},"end":{"line":16,"column":2}},"2":{"start":{"line":6,"column":2},"end":{"line":14,"column":null}},"3":{"start":{"line":16,"column":2},"end":{"line":5,"column":21}},"4":{"start":{"line":18,"column":28},"end":{"line":18,"column":null}}},"fnMap":{"0":{"name":"(anonymous_0)","decl":{"start":{"line":1,"column":36},"end":{"line":1,"column":null}},"loc":{"start":{"line":1,"column":36},"end":{"line":1,"column":null}}},"1":{"name":"(anonymous_1)","decl":{"start":{"line":5,"column":21},"end":{"line":5,"column":22}},"loc":{"start":{"line":5,"column":53},"end":{"line":16,"column":2}}}},"branchMap":{"0":{"loc":{"start":{"line":1,"column":36},"end":{"line":1,"column":null}},"type":"if","locations":[{"start":{"line":1,"column":36},"end":{"line":1,"column":null}}]}},"s":{"0":91,"1":13,"2":0,"3":13,"4":13},"f":{"0":13,"1":0},"b":{"0":[13]}}
,"C:/FRONT/RS-React/secret-shop/src/redux/store.ts": {"path":"C:/FRONT/RS-React/secret-shop/src/redux/store.ts","statementMap":{"0":{"start":{"line":6,"column":27},"end":{"line":10,"column":null}},"1":{"start":{"line":12,"column":26},"end":{"line":18,"column":null}},"2":{"start":{"line":13,"column":2},"end":{"line":17,"column":null}},"3":{"start":{"line":15,"column":42},"end":{"line":15,"column":null}}},"fnMap":{"0":{"name":"(anonymous_0)","decl":{"start":{"line":12,"column":26},"end":{"line":12,"column":27}},"loc":{"start":{"line":12,"column":74},"end":{"line":18,"column":null}}},"1":{"name":"(anonymous_1)","decl":{"start":{"line":15,"column":16},"end":{"line":15,"column":17}},"loc":{"start":{"line":15,"column":42},"end":{"line":15,"column":null}}}},"branchMap":{},"s":{"0":13,"1":13,"2":13,"3":13},"f":{"0":13,"1":13},"b":{}}
,"C:/FRONT/RS-React/secret-shop/src/redux/reducers/FormReducer.ts": {"path":"C:/FRONT/RS-React/secret-shop/src/redux/reducers/FormReducer.ts","statementMap":{"0":{"start":{"line":8,"column":35},"end":{"line":10,"column":null}},"1":{"start":{"line":12,"column":25},"end":{"line":20,"column":null}},"2":{"start":{"line":17,"column":6},"end":{"line":17,"column":null}},"3":{"start":{"line":22,"column":32},"end":{"line":22,"column":null}}},"fnMap":{"0":{"name":"(anonymous_0)","decl":{"start":{"line":16,"column":4},"end":{"line":16,"column":15}},"loc":{"start":{"line":16,"column":55},"end":{"line":18,"column":null}}}},"branchMap":{},"s":{"0":13,"1":13,"2":1,"3":13},"f":{"0":1},"b":{}}
,"C:/FRONT/RS-React/secret-shop/src/redux/reducers/SearchReducer.ts": {"path":"C:/FRONT/RS-React/secret-shop/src/redux/reducers/SearchReducer.ts","statementMap":{"0":{"start":{"line":3,"column":21},"end":{"line":5,"column":null}},"1":{"start":{"line":7,"column":27},"end":{"line":15,"column":null}},"2":{"start":{"line":12,"column":6},"end":{"line":12,"column":null}},"3":{"start":{"line":17,"column":34},"end":{"line":17,"column":null}}},"fnMap":{"0":{"name":"(anonymous_0)","decl":{"start":{"line":11,"column":4},"end":{"line":11,"column":11}},"loc":{"start":{"line":11,"column":49},"end":{"line":13,"column":null}}}},"branchMap":{},"s":{"0":13,"1":13,"2":5,"3":13},"f":{"0":5},"b":{}}
,"C:/FRONT/RS-React/secret-shop/src/services/MovieService.ts": {"path":"C:/FRONT/RS-React/secret-shop/src/services/MovieService.ts","statementMap":{"0":{"start":{"line":4,"column":16},"end":{"line":4,"column":null}},"1":{"start":{"line":6,"column":24},"end":{"line":41,"column":null}},"2":{"start":{"line":13,"column":25},"end":{"line":40,"column":null}},"3":{"start":{"line":15,"column":40},"end":{"line":22,"column":null}},"4":{"start":{"line":25,"column":53},"end":{"line":32,"column":null}},"5":{"start":{"line":35,"column":22},"end":{"line":38,"column":null}}},"fnMap":{"0":{"name":"(anonymous_0)","decl":{"start":{"line":13,"column":13},"end":{"line":13,"column":14}},"loc":{"start":{"line":13,"column":25},"end":{"line":40,"column":null}}},"1":{"name":"(anonymous_1)","decl":{"start":{"line":15,"column":13},"end":{"line":15,"column":14}},"loc":{"start":{"line":15,"column":40},"end":{"line":22,"column":null}}},"2":{"name":"(anonymous_2)","decl":{"start":{"line":25,"column":13},"end":{"line":25,"column":14}},"loc":{"start":{"line":25,"column":53},"end":{"line":32,"column":null}}},"3":{"name":"(anonymous_3)","decl":{"start":{"line":35,"column":13},"end":{"line":35,"column":14}},"loc":{"start":{"line":35,"column":22},"end":{"line":38,"column":null}}}},"branchMap":{"0":{"loc":{"start":{"line":15,"column":14},"end":{"line":15,"column":26}},"type":"default-arg","locations":[{"start":{"line":15,"column":22},"end":{"line":15,"column":26}}]},"1":{"loc":{"start":{"line":15,"column":26},"end":{"line":15,"column":40}},"type":"default-arg","locations":[{"start":{"line":15,"column":33},"end":{"line":15,"column":40}}]},"2":{"loc":{"start":{"line":25,"column":27},"end":{"line":25,"column":39}},"type":"default-arg","locations":[{"start":{"line":25,"column":35},"end":{"line":25,"column":39}}]},"3":{"loc":{"start":{"line":25,"column":39},"end":{"line":25,"column":53}},"type":"default-arg","locations":[{"start":{"line":25,"column":46},"end":{"line":25,"column":53}}]}},"s":{"0":13,"1":13,"2":13,"3":6,"4":11,"5":21},"f":{"0":13,"1":6,"2":11,"3":21},"b":{"0":[0],"1":[6],"2":[11],"3":[11]}}
}
