{"total": {"lines":{"total":236,"covered":174,"skipped":0,"pct":73.72},"statements":{"total":255,"covered":182,"skipped":0,"pct":71.37},"functions":{"total":92,"covered":60,"skipped":0,"pct":65.21},"branches":{"total":107,"covered":62,"skipped":0,"pct":57.94},"branchesTrue":{"total":0,"covered":0,"skipped":0,"pct":100}}
,"C:/FRONT/RS-React/secret-shop/src/App.tsx": {"lines":{"total":5,"covered":5,"skipped":0,"pct":100},"functions":{"total":2,"covered":2,"skipped":0,"pct":100},"statements":{"total":5,"covered":5,"skipped":0,"pct":100},"branches":{"total":1,"covered":1,"skipped":0,"pct":100}}
,"C:/FRONT/RS-React/secret-shop/src/entry-client.tsx": {"lines":{"total":3,"covered":3,"skipped":0,"pct":100},"functions":{"total":0,"covered":0,"skipped":0,"pct":100},"statements":{"total":3,"covered":3,"skipped":0,"pct":100},"branches":{"total":0,"covered":0,"skipped":0,"pct":100}}
,"C:/FRONT/RS-React/secret-shop/src/assets/rarityOptions.ts": {"lines":{"total":1,"covered":1,"skipped":0,"pct":100},"functions":{"total":0,"covered":0,"skipped":0,"pct":100},"statements":{"total":1,"covered":1,"skipped":0,"pct":100},"branches":{"total":0,"covered":0,"skipped":0,"pct":100}}
,"C:/FRONT/RS-React/secret-shop/src/components/CurrentPage.tsx": {"lines":{"total":5,"covered":5,"skipped":0,"pct":100},"functions":{"total":2,"covered":2,"skipped":0,"pct":100},"statements":{"total":5,"covered":5,"skipped":0,"pct":100},"branches":{"total":1,"covered":1,"skipped":0,"pct":100}}
,"C:/FRONT/RS-React/secret-shop/src/components/Footer.tsx": {"lines":{"total":5,"covered":5,"skipped":0,"pct":100},"functions":{"total":2,"covered":2,"skipped":0,"pct":100},"statements":{"total":5,"covered":5,"skipped":0,"pct":100},"branches":{"total":1,"covered":1,"skipped":0,"pct":100}}
,"C:/FRONT/RS-React/secret-shop/src/components/Header.tsx": {"lines":{"total":10,"covered":10,"skipped":0,"pct":100},"functions":{"total":6,"covered":6,"skipped":0,"pct":100},"statements":{"total":10,"covered":10,"skipped":0,"pct":100},"branches":{"total":3,"covered":3,"skipped":0,"pct":100}}
,"C:/FRONT/RS-React/secret-shop/src/components/Layout.tsx": {"lines":{"total":5,"covered":5,"skipped":0,"pct":100},"functions":{"total":2,"covered":2,"skipped":0,"pct":100},"statements":{"total":5,"covered":5,"skipped":0,"pct":100},"branches":{"total":1,"covered":1,"skipped":0,"pct":100}}
,"C:/FRONT/RS-React/secret-shop/src/components/Search.tsx": {"lines":{"total":14,"covered":4,"skipped":0,"pct":28.57},"functions":{"total":6,"covered":0,"skipped":0,"pct":0},"statements":{"total":18,"covered":4,"skipped":0,"pct":22.22},"branches":{"total":2,"covered":0,"skipped":0,"pct":0}}
,"C:/FRONT/RS-React/secret-shop/src/components/Card/CardFormItem.tsx": {"lines":{"total":5,"covered":5,"skipped":0,"pct":100},"functions":{"total":2,"covered":2,"skipped":0,"pct":100},"statements":{"total":5,"covered":5,"skipped":0,"pct":100},"branches":{"total":7,"covered":5,"skipped":0,"pct":71.42}}
,"C:/FRONT/RS-React/secret-shop/src/components/Card/CardFormList.tsx": {"lines":{"total":6,"covered":6,"skipped":0,"pct":100},"functions":{"total":3,"covered":3,"skipped":0,"pct":100},"statements":{"total":6,"covered":6,"skipped":0,"pct":100},"branches":{"total":1,"covered":1,"skipped":0,"pct":100}}
,"C:/FRONT/RS-React/secret-shop/src/components/Card/CardItem.tsx": {"lines":{"total":23,"covered":4,"skipped":0,"pct":17.39},"functions":{"total":5,"covered":0,"skipped":0,"pct":0},"statements":{"total":26,"covered":4,"skipped":0,"pct":15.38},"branches":{"total":13,"covered":0,"skipped":0,"pct":0}}
,"C:/FRONT/RS-React/secret-shop/src/components/Card/CardList.tsx": {"lines":{"total":6,"covered":4,"skipped":0,"pct":66.66},"functions":{"total":3,"covered":1,"skipped":0,"pct":33.33},"statements":{"total":6,"covered":4,"skipped":0,"pct":66.66},"branches":{"total":3,"covered":1,"skipped":0,"pct":33.33}}
,"C:/FRONT/RS-React/secret-shop/src/components/Card/CardLoader.tsx": {"lines":{"total":5,"covered":4,"skipped":0,"pct":80},"functions":{"total":2,"covered":1,"skipped":0,"pct":50},"statements":{"total":5,"covered":4,"skipped":0,"pct":80},"branches":{"total":1,"covered":1,"skipped":0,"pct":100}}
,"C:/FRONT/RS-React/secret-shop/src/components/Card/CardModal.tsx": {"lines":{"total":10,"covered":4,"skipped":0,"pct":40},"functions":{"total":7,"covered":1,"skipped":0,"pct":14.28},"statements":{"total":10,"covered":4,"skipped":0,"pct":40},"branches":{"total":7,"covered":1,"skipped":0,"pct":14.28}}
,"C:/FRONT/RS-React/secret-shop/src/components/Card/CardModalLoader.tsx": {"lines":{"total":5,"covered":4,"skipped":0,"pct":80},"functions":{"total":2,"covered":1,"skipped":0,"pct":50},"statements":{"total":5,"covered":4,"skipped":0,"pct":80},"branches":{"total":1,"covered":1,"skipped":0,"pct":100}}
,"C:/FRONT/RS-React/secret-shop/src/components/Card/EmptyResultMessage.tsx": {"lines":{"total":5,"covered":4,"skipped":0,"pct":80},"functions":{"total":2,"covered":1,"skipped":0,"pct":50},"statements":{"total":5,"covered":4,"skipped":0,"pct":80},"branches":{"total":1,"covered":1,"skipped":0,"pct":100}}
,"C:/FRONT/RS-React/secret-shop/src/components/Form/Form.tsx": {"lines":{"total":12,"covered":12,"skipped":0,"pct":100},"functions":{"total":4,"covered":4,"skipped":0,"pct":100},"statements":{"total":15,"covered":15,"skipped":0,"pct":100},"branches":{"total":11,"covered":10,"skipped":0,"pct":90.9}}
,"C:/FRONT/RS-React/secret-shop/src/components/Form/FormCheckbox.tsx": {"lines":{"total":5,"covered":5,"skipped":0,"pct":100},"functions":{"total":2,"covered":2,"skipped":0,"pct":100},"statements":{"total":5,"covered":5,"skipped":0,"pct":100},"branches":{"total":1,"covered":1,"skipped":0,"pct":100}}
,"C:/FRONT/RS-React/secret-shop/src/components/Form/FormChekboxWrap.tsx": {"lines":{"total":5,"covered":5,"skipped":0,"pct":100},"functions":{"total":2,"covered":2,"skipped":0,"pct":100},"statements":{"total":5,"covered":5,"skipped":0,"pct":100},"branches":{"total":3,"covered":2,"skipped":0,"pct":66.66}}
,"C:/FRONT/RS-React/secret-shop/src/components/Form/FormDateInput.tsx": {"lines":{"total":5,"covered":5,"skipped":0,"pct":100},"functions":{"total":2,"covered":2,"skipped":0,"pct":100},"statements":{"total":5,"covered":5,"skipped":0,"pct":100},"branches":{"total":5,"covered":4,"skipped":0,"pct":80}}
,"C:/FRONT/RS-React/secret-shop/src/components/Form/FormErrorMessage.tsx": {"lines":{"total":5,"covered":5,"skipped":0,"pct":100},"functions":{"total":2,"covered":2,"skipped":0,"pct":100},"statements":{"total":5,"covered":5,"skipped":0,"pct":100},"branches":{"total":1,"covered":1,"skipped":0,"pct":100}}
,"C:/FRONT/RS-React/secret-shop/src/components/Form/FormFileInput.tsx": {"lines":{"total":5,"covered":5,"skipped":0,"pct":100},"functions":{"total":2,"covered":2,"skipped":0,"pct":100},"statements":{"total":5,"covered":5,"skipped":0,"pct":100},"branches":{"total":5,"covered":4,"skipped":0,"pct":80}}
,"C:/FRONT/RS-React/secret-shop/src/components/Form/FormNumberInput.tsx": {"lines":{"total":5,"covered":5,"skipped":0,"pct":100},"functions":{"total":2,"covered":2,"skipped":0,"pct":100},"statements":{"total":5,"covered":5,"skipped":0,"pct":100},"branches":{"total":5,"covered":4,"skipped":0,"pct":80}}
,"C:/FRONT/RS-React/secret-shop/src/components/Form/FormRadio.tsx": {"lines":{"total":5,"covered":5,"skipped":0,"pct":100},"functions":{"total":2,"covered":2,"skipped":0,"pct":100},"statements":{"total":5,"covered":5,"skipped":0,"pct":100},"branches":{"total":1,"covered":1,"skipped":0,"pct":100}}
,"C:/FRONT/RS-React/secret-shop/src/components/Form/FormRadioWrap.tsx": {"lines":{"total":5,"covered":5,"skipped":0,"pct":100},"functions":{"total":2,"covered":2,"skipped":0,"pct":100},"statements":{"total":5,"covered":5,"skipped":0,"pct":100},"branches":{"total":3,"covered":3,"skipped":0,"pct":100}}
,"C:/FRONT/RS-React/secret-shop/src/components/Form/FormSelect.tsx": {"lines":{"total":6,"covered":6,"skipped":0,"pct":100},"functions":{"total":3,"covered":3,"skipped":0,"pct":100},"statements":{"total":6,"covered":6,"skipped":0,"pct":100},"branches":{"total":5,"covered":4,"skipped":0,"pct":80}}
,"C:/FRONT/RS-React/secret-shop/src/components/Form/FormTextInput.tsx": {"lines":{"total":5,"covered":5,"skipped":0,"pct":100},"functions":{"total":2,"covered":2,"skipped":0,"pct":100},"statements":{"total":5,"covered":5,"skipped":0,"pct":100},"branches":{"total":5,"covered":4,"skipped":0,"pct":80}}
,"C:/FRONT/RS-React/secret-shop/src/helper/helper.ts": {"lines":{"total":8,"covered":5,"skipped":0,"pct":62.5},"functions":{"total":1,"covered":1,"skipped":0,"pct":100},"statements":{"total":8,"covered":5,"skipped":0,"pct":62.5},"branches":{"total":5,"covered":2,"skipped":0,"pct":40}}
,"C:/FRONT/RS-React/secret-shop/src/hooks/redux.ts": {"lines":{"total":2,"covered":2,"skipped":0,"pct":100},"functions":{"total":1,"covered":1,"skipped":0,"pct":100},"statements":{"total":3,"covered":3,"skipped":0,"pct":100},"branches":{"total":0,"covered":0,"skipped":0,"pct":100}}
,"C:/FRONT/RS-React/secret-shop/src/pages/AboutUsPage.tsx": {"lines":{"total":5,"covered":4,"skipped":0,"pct":80},"functions":{"total":2,"covered":1,"skipped":0,"pct":50},"statements":{"total":5,"covered":4,"skipped":0,"pct":80},"branches":{"total":1,"covered":1,"skipped":0,"pct":100}}
,"C:/FRONT/RS-React/secret-shop/src/pages/FormPage.tsx": {"lines":{"total":5,"covered":5,"skipped":0,"pct":100},"functions":{"total":3,"covered":3,"skipped":0,"pct":100},"statements":{"total":9,"covered":9,"skipped":0,"pct":100},"branches":{"total":2,"covered":2,"skipped":0,"pct":100}}
,"C:/FRONT/RS-React/secret-shop/src/pages/MainPage.tsx": {"lines":{"total":17,"covered":4,"skipped":0,"pct":23.52},"functions":{"total":4,"covered":0,"skipped":0,"pct":0},"statements":{"total":21,"covered":4,"skipped":0,"pct":19.04},"branches":{"total":6,"covered":0,"skipped":0,"pct":0}}
,"C:/FRONT/RS-React/secret-shop/src/pages/NotFoundPage.tsx": {"lines":{"total":5,"covered":4,"skipped":0,"pct":80},"functions":{"total":2,"covered":1,"skipped":0,"pct":50},"statements":{"total":5,"covered":4,"skipped":0,"pct":80},"branches":{"total":1,"covered":1,"skipped":0,"pct":100}}
,"C:/FRONT/RS-React/secret-shop/src/redux/store.ts": {"lines":{"total":4,"covered":4,"skipped":0,"pct":100},"functions":{"total":2,"covered":2,"skipped":0,"pct":100},"statements":{"total":4,"covered":4,"skipped":0,"pct":100},"branches":{"total":0,"covered":0,"skipped":0,"pct":100}}
,"C:/FRONT/RS-React/secret-shop/src/redux/reducers/FormReducer.ts": {"lines":{"total":4,"covered":4,"skipped":0,"pct":100},"functions":{"total":1,"covered":1,"skipped":0,"pct":100},"statements":{"total":4,"covered":4,"skipped":0,"pct":100},"branches":{"total":0,"covered":0,"skipped":0,"pct":100}}
,"C:/FRONT/RS-React/secret-shop/src/redux/reducers/SearchReducer.ts": {"lines":{"total":4,"covered":3,"skipped":0,"pct":75},"functions":{"total":1,"covered":0,"skipped":0,"pct":0},"statements":{"total":4,"covered":3,"skipped":0,"pct":75},"branches":{"total":0,"covered":0,"skipped":0,"pct":100}}
,"C:/FRONT/RS-React/secret-shop/src/services/MovieService.ts": {"lines":{"total":6,"covered":3,"skipped":0,"pct":50},"functions":{"total":4,"covered":1,"skipped":0,"pct":25},"statements":{"total":6,"covered":3,"skipped":0,"pct":50},"branches":{"total":4,"covered":0,"skipped":0,"pct":0}}
}
