TN:
SF:src\App.tsx
FN:1,(anonymous_0)
FN:15,(anonymous_1)
FNF:2
FNH:2
FNDA:15,(anonymous_0)
FNDA:15,(anonymous_1)
DA:1,105
DA:15,15
DA:16,15
DA:28,15
DA:30,15
LF:5
LH:5
BRDA:1,0,0,15
BRF:1
BRH:1
end_of_record
TN:
SF:src\entry-client.tsx
FNF:0
FNH:0
DA:16,15
DA:17,15
DA:19,15
LF:3
LH:3
BRF:0
BRH:0
end_of_record
TN:
SF:src\assets\rarityOptions.ts
FNF:0
FNH:0
DA:1,15
LF:1
LH:1
BRF:0
BRH:0
end_of_record
TN:
SF:src\components\CurrentPage.tsx
FN:1,(anonymous_0)
FN:3,(anonymous_1)
FNF:2
FNH:2
FNDA:15,(anonymous_0)
FNDA:82,(anonymous_1)
DA:1,105
DA:3,15
DA:4,82
DA:9,15
DA:11,15
LF:5
LH:5
BRDA:1,0,0,15
BRF:1
BRH:1
end_of_record
TN:
SF:src\components\Footer.tsx
FN:1,(anonymous_0)
FN:4,(anonymous_1)
FNF:2
FNH:2
FNDA:15,(anonymous_0)
FNDA:15,(anonymous_1)
DA:1,105
DA:4,15
DA:5,15
DA:17,15
DA:19,15
LF:5
LH:5
BRDA:1,0,0,15
BRF:1
BRH:1
end_of_record
TN:
SF:src\components\Header.tsx
FN:1,(anonymous_0)
FN:7,(anonymous_1)
FN:8,(anonymous_2)
FN:21,(anonymous_3)
FN:24,(anonymous_4)
FN:27,(anonymous_5)
FNF:6
FNH:6
FNDA:15,(anonymous_0)
FNDA:82,(anonymous_1)
FNDA:246,(anonymous_2)
FNDA:82,(anonymous_3)
FNDA:82,(anonymous_4)
FNDA:82,(anonymous_5)
DA:1,105
DA:7,15
DA:8,82
DA:9,246
DA:12,82
DA:21,82
DA:24,82
DA:27,82
DA:34,15
DA:36,15
LF:10
LH:10
BRDA:1,0,0,15
BRDA:9,1,0,81
BRDA:9,1,1,165
BRF:3
BRH:3
end_of_record
TN:
SF:src\components\Layout.tsx
FN:1,(anonymous_0)
FN:4,(anonymous_1)
FNF:2
FNH:2
FNDA:15,(anonymous_0)
FNDA:15,(anonymous_1)
DA:1,105
DA:4,15
DA:5,15
DA:11,15
DA:13,15
LF:5
LH:5
BRDA:1,0,0,15
BRF:1
BRH:1
end_of_record
TN:
SF:src\components\Search.tsx
FN:6,(anonymous_1)
FN:8,(anonymous_2)
FN:12,(anonymous_3)
FN:17,(anonymous_4)
FN:25,(anonymous_5)
FN:6,(anonymous_6)
FNF:6
FNH:6
FNDA:127,(anonymous_1)
FNDA:251,(anonymous_2)
FNDA:60,(anonymous_3)
FNDA:5,(anonymous_4)
FNDA:5,(anonymous_5)
FNDA:6,(anonymous_6)
DA:6,127
DA:7,127
DA:8,251
DA:10,127
DA:12,127
DA:13,60
DA:14,60
DA:17,127
DA:18,5
DA:19,5
DA:22,127
DA:25,5
DA:41,15
DA:43,15
LF:14
LH:14
BRDA:10,0,0,127
BRDA:10,0,1,0
BRF:2
BRH:1
end_of_record
TN:
SF:src\components\Card\CardFormItem.tsx
FN:1,(anonymous_0)
FN:5,(anonymous_1)
FNF:2
FNH:2
FNDA:15,(anonymous_0)
FNDA:2,(anonymous_1)
DA:1,105
DA:5,15
DA:6,2
DA:33,15
DA:35,15
LF:5
LH:5
BRDA:1,0,0,15
BRDA:10,1,0,2
BRDA:10,1,1,2
BRDA:22,2,0,2
BRDA:22,2,1,0
BRDA:27,3,0,2
BRDA:27,3,1,0
BRF:7
BRH:5
end_of_record
TN:
SF:src\components\Card\CardFormList.tsx
FN:1,(anonymous_0)
FN:5,(anonymous_1)
FN:10,(anonymous_2)
FNF:3
FNH:3
FNDA:15,(anonymous_0)
FNDA:2,(anonymous_1)
FNDA:2,(anonymous_2)
DA:1,105
DA:5,15
DA:6,2
DA:11,2
DA:16,15
DA:18,15
LF:6
LH:6
BRDA:1,0,0,15
BRF:1
BRH:1
end_of_record
TN:
SF:src\components\Card\CardItem.tsx
FN:11,(anonymous_1)
FN:18,(anonymous_2)
FN:29,(anonymous_3)
FN:46,(anonymous_4)
FN:11,(anonymous_5)
FNF:5
FNH:5
FNDA:492,(anonymous_1)
FNDA:3,(anonymous_2)
FNDA:172,(anonymous_3)
FNDA:3,(anonymous_4)
FNDA:6,(anonymous_5)
DA:11,492
DA:12,492
DA:13,492
DA:14,492
DA:15,492
DA:16,492
DA:18,492
DA:19,3
DA:20,3
DA:21,3
DA:23,3
DA:29,492
DA:30,172
DA:31,6
DA:32,6
DA:33,6
DA:34,3
DA:35,3
DA:40,492
DA:44,492
DA:46,3
DA:73,15
DA:75,15
LF:23
LH:23
BRDA:30,0,0,6
BRDA:33,1,0,3
BRDA:40,2,0,8
BRDA:40,2,1,484
BRDA:48,3,0,492
BRDA:48,3,1,6
BRDA:52,4,0,492
BRDA:52,4,1,0
BRDA:62,5,0,492
BRDA:62,5,1,418
BRDA:70,6,0,492
BRDA:70,6,1,8
BRDA:70,6,2,8
BRF:13
BRH:12
end_of_record
TN:
SF:src\components\Card\CardList.tsx
FN:1,(anonymous_0)
FN:6,(anonymous_1)
FN:14,(anonymous_2)
FNF:3
FNH:3
FNDA:15,(anonymous_0)
FNDA:35,(anonymous_1)
FNDA:321,(anonymous_2)
DA:1,105
DA:6,15
DA:7,35
DA:14,321
DA:19,15
DA:21,15
LF:6
LH:6
BRDA:1,0,0,15
BRDA:11,1,0,0
BRDA:11,1,1,35
BRF:3
BRH:2
end_of_record
TN:
SF:src\components\Card\CardLoader.tsx
FN:1,(anonymous_0)
FN:3,(anonymous_1)
FNF:2
FNH:2
FNDA:15,(anonymous_0)
FNDA:32,(anonymous_1)
DA:1,105
DA:3,15
DA:4,32
DA:20,15
DA:22,15
LF:5
LH:5
BRDA:1,0,0,15
BRF:1
BRH:1
end_of_record
TN:
SF:src\components\Card\CardModal.tsx
FN:1,(anonymous_0)
FN:4,(anonymous_1)
FN:7,(anonymous_2)
FN:9,(anonymous_3)
FN:38,(anonymous_4)
FN:41,(anonymous_5)
FN:44,(anonymous_6)
FNF:7
FNH:6
FNDA:15,(anonymous_0)
FNDA:8,(anonymous_1)
FNDA:0,(anonymous_2)
FNDA:2,(anonymous_3)
FNDA:24,(anonymous_4)
FNDA:696,(anonymous_5)
FNDA:8,(anonymous_6)
DA:1,105
DA:4,15
DA:5,8
DA:7,0
DA:9,2
DA:38,24
DA:41,696
DA:44,8
DA:57,15
DA:59,15
LF:10
LH:9
BRDA:1,0,0,15
BRDA:15,1,0,8
BRDA:15,1,1,8
BRDA:31,2,0,8
BRDA:31,2,1,8
BRDA:47,3,0,8
BRDA:47,3,1,8
BRF:7
BRH:7
end_of_record
TN:
SF:src\components\Card\CardModalLoader.tsx
FN:1,(anonymous_0)
FN:3,(anonymous_1)
FNF:2
FNH:2
FNDA:15,(anonymous_0)
FNDA:6,(anonymous_1)
DA:1,105
DA:3,15
DA:4,6
DA:10,15
DA:12,15
LF:5
LH:5
BRDA:1,0,0,15
BRF:1
BRH:1
end_of_record
TN:
SF:src\components\Card\EmptyResultMessage.tsx
FN:1,(anonymous_0)
FN:3,(anonymous_1)
FNF:2
FNH:1
FNDA:15,(anonymous_0)
FNDA:0,(anonymous_1)
DA:1,105
DA:3,15
DA:4,0
DA:5,15
DA:7,15
LF:5
LH:4
BRDA:1,0,0,15
BRF:1
BRH:1
end_of_record
TN:
SF:src\components\Form\Form.tsx
FN:17,(anonymous_1)
FN:28,(anonymous_2)
FN:116,(anonymous_3)
FN:17,(anonymous_4)
FNF:4
FNH:4
FNDA:12,(anonymous_1)
FNDA:2,(anonymous_2)
FNDA:2,(anonymous_3)
FNDA:6,(anonymous_4)
DA:17,15
DA:18,12
DA:24,15
DA:28,12
DA:29,2
DA:30,2
DA:31,2
DA:32,2
DA:35,12
DA:117,2
DA:143,15
DA:145,15
LF:12
LH:12
BRDA:62,0,0,12
BRDA:62,0,1,10
BRDA:63,1,0,12
BRDA:63,1,1,10
BRDA:85,2,0,12
BRDA:85,2,1,12
BRDA:86,3,0,12
BRDA:86,3,1,12
BRDA:117,4,0,2
BRDA:117,4,1,2
BRDA:117,4,2,0
BRF:11
BRH:10
end_of_record
TN:
SF:src\components\Form\FormCheckbox.tsx
FN:1,(anonymous_0)
FN:3,(anonymous_1)
FNF:2
FNH:2
FNDA:15,(anonymous_0)
FNDA:12,(anonymous_1)
DA:1,105
DA:3,15
DA:4,12
DA:18,15
DA:20,15
LF:5
LH:5
BRDA:1,0,0,15
BRF:1
BRH:1
end_of_record
TN:
SF:src\components\Form\FormChekboxWrap.tsx
FN:1,(anonymous_0)
FN:4,(anonymous_1)
FNF:2
FNH:2
FNDA:15,(anonymous_0)
FNDA:12,(anonymous_1)
DA:1,105
DA:4,15
DA:12,12
DA:19,15
DA:21,15
LF:5
LH:5
BRDA:1,0,0,15
BRDA:16,1,0,12
BRDA:16,1,1,0
BRF:3
BRH:2
end_of_record
TN:
SF:src\components\Form\FormDateInput.tsx
FN:1,(anonymous_0)
FN:4,(anonymous_1)
FNF:2
FNH:2
FNDA:15,(anonymous_0)
FNDA:12,(anonymous_1)
DA:1,105
DA:4,15
DA:12,12
DA:26,15
DA:28,15
LF:5
LH:5
BRDA:1,0,0,15
BRDA:23,1,0,12
BRDA:23,1,1,2
BRDA:23,2,0,2
BRDA:23,2,1,0
BRF:5
BRH:4
end_of_record
TN:
SF:src\components\Form\FormErrorMessage.tsx
FN:1,(anonymous_0)
FN:3,(anonymous_1)
FNF:2
FNH:2
FNDA:15,(anonymous_0)
FNDA:12,(anonymous_1)
DA:1,105
DA:3,15
DA:4,12
DA:5,15
DA:7,15
LF:5
LH:5
BRDA:1,0,0,15
BRF:1
BRH:1
end_of_record
TN:
SF:src\components\Form\FormFileInput.tsx
FN:1,(anonymous_0)
FN:4,(anonymous_1)
FNF:2
FNH:2
FNDA:15,(anonymous_0)
FNDA:12,(anonymous_1)
DA:1,105
DA:4,15
DA:12,12
DA:27,15
DA:29,15
LF:5
LH:5
BRDA:1,0,0,15
BRDA:24,1,0,12
BRDA:24,1,1,2
BRDA:24,2,0,2
BRDA:24,2,1,0
BRF:5
BRH:4
end_of_record
TN:
SF:src\components\Form\FormNumberInput.tsx
FN:1,(anonymous_0)
FN:4,(anonymous_1)
FNF:2
FNH:2
FNDA:15,(anonymous_0)
FNDA:12,(anonymous_1)
DA:1,105
DA:4,15
DA:12,12
DA:26,15
DA:28,15
LF:5
LH:5
BRDA:1,0,0,15
BRDA:23,1,0,12
BRDA:23,1,1,2
BRDA:23,2,0,2
BRDA:23,2,1,0
BRF:5
BRH:4
end_of_record
TN:
SF:src\components\Form\FormRadio.tsx
FN:1,(anonymous_0)
FN:3,(anonymous_1)
FNF:2
FNH:2
FNDA:15,(anonymous_0)
FNDA:24,(anonymous_1)
DA:1,105
DA:3,15
DA:10,24
DA:25,15
DA:27,15
LF:5
LH:5
BRDA:1,0,0,15
BRF:1
BRH:1
end_of_record
TN:
SF:src\components\Form\FormRadioWrap.tsx
FN:1,(anonymous_0)
FN:4,(anonymous_1)
FNF:2
FNH:2
FNDA:15,(anonymous_0)
FNDA:12,(anonymous_1)
DA:1,105
DA:4,15
DA:12,12
DA:19,15
DA:21,15
LF:5
LH:5
BRDA:1,0,0,15
BRDA:16,1,0,12
BRDA:16,1,1,2
BRF:3
BRH:3
end_of_record
TN:
SF:src\components\Form\FormSelect.tsx
FN:1,(anonymous_0)
FN:5,(anonymous_1)
FN:22,(anonymous_2)
FNF:3
FNH:3
FNDA:15,(anonymous_0)
FNDA:12,(anonymous_1)
FNDA:96,(anonymous_2)
DA:1,105
DA:5,15
DA:13,12
DA:23,96
DA:31,15
DA:33,15
LF:6
LH:6
BRDA:1,0,0,15
BRDA:28,1,0,12
BRDA:28,1,1,2
BRDA:28,2,0,2
BRDA:28,2,1,0
BRF:5
BRH:4
end_of_record
TN:
SF:src\components\Form\FormTextInput.tsx
FN:1,(anonymous_0)
FN:4,(anonymous_1)
FNF:2
FNH:2
FNDA:15,(anonymous_0)
FNDA:12,(anonymous_1)
DA:1,105
DA:4,15
DA:12,12
DA:26,15
DA:28,15
LF:5
LH:5
BRDA:1,0,0,15
BRDA:23,1,0,12
BRDA:23,1,1,2
BRDA:23,2,0,2
BRDA:23,2,1,0
BRF:5
BRH:4
end_of_record
TN:
SF:src\helper\helper.ts
FN:1,(anonymous_0)
FNF:1
FNH:1
FNDA:494,(anonymous_0)
DA:1,15
DA:2,494
DA:3,0
DA:4,494
DA:5,0
DA:6,494
DA:7,370
DA:9,124
LF:8
LH:6
BRDA:2,0,0,0
BRDA:2,0,1,494
BRDA:4,1,0,0
BRDA:4,1,1,494
BRDA:6,2,0,370
BRF:5
BRH:3
end_of_record
TN:
SF:src\hooks\redux.ts
FN:4,(anonymous_0)
FNF:1
FNH:1
FNDA:139,(anonymous_0)
DA:4,139
DA:5,15
LF:2
LH:2
BRF:0
BRH:0
end_of_record
TN:
SF:src\pages\AboutUsPage.tsx
FN:1,(anonymous_0)
FN:4,(anonymous_1)
FNF:2
FNH:2
FNDA:15,(anonymous_0)
FNDA:6,(anonymous_1)
DA:1,105
DA:4,15
DA:5,6
DA:13,15
DA:15,15
LF:5
LH:5
BRDA:1,0,0,15
BRF:1
BRH:1
end_of_record
TN:
SF:src\pages\FormPage.tsx
FN:8,(anonymous_1)
FN:9,(anonymous_2)
FN:8,(anonymous_3)
FNF:3
FNH:3
FNDA:8,(anonymous_1)
FNDA:12,(anonymous_2)
FNDA:6,(anonymous_3)
DA:8,15
DA:9,15
DA:11,8
DA:24,15
DA:26,15
LF:5
LH:5
BRDA:18,0,0,8
BRDA:18,0,1,2
BRF:2
BRH:2
end_of_record
TN:
SF:src\pages\MainPage.tsx
FN:11,(anonymous_1)
FN:12,(anonymous_2)
FN:21,(anonymous_3)
FN:11,(anonymous_4)
FNF:4
FNH:4
FNDA:73,(anonymous_1)
FNDA:212,(anonymous_2)
FNDA:31,(anonymous_3)
FNDA:6,(anonymous_4)
DA:11,73
DA:12,212
DA:14,73
DA:15,73
DA:17,73
DA:19,73
DA:21,73
DA:22,31
DA:23,17
DA:24,17
DA:25,11
DA:28,14
DA:29,14
DA:30,14
DA:35,73
DA:48,15
DA:50,15
LF:17
LH:17
BRDA:22,0,0,17
BRDA:22,0,1,14
BRDA:24,1,0,11
BRDA:29,2,0,14
BRDA:42,3,0,35
BRDA:42,3,1,38
BRF:6
BRH:6
end_of_record
TN:
SF:src\pages\NotFoundPage.tsx
FN:1,(anonymous_0)
FN:5,(anonymous_1)
FNF:2
FNH:2
FNDA:15,(anonymous_0)
FNDA:1,(anonymous_1)
DA:1,105
DA:5,15
DA:6,1
DA:16,15
DA:18,15
LF:5
LH:5
BRDA:1,0,0,15
BRF:1
BRH:1
end_of_record
TN:
SF:src\redux\store.ts
FN:12,(anonymous_0)
FN:15,(anonymous_1)
FNF:2
FNH:2
FNDA:15,(anonymous_0)
FNDA:15,(anonymous_1)
DA:6,15
DA:12,15
DA:13,15
DA:15,15
LF:4
LH:4
BRF:0
BRH:0
end_of_record
TN:
SF:src\redux\reducers\FormReducer.ts
FN:16,(anonymous_0)
FNF:1
FNH:1
FNDA:2,(anonymous_0)
DA:8,15
DA:12,15
DA:17,2
DA:22,15
LF:4
LH:4
BRF:0
BRH:0
end_of_record
TN:
SF:src\redux\reducers\SearchReducer.ts
FN:11,(anonymous_0)
FNF:1
FNH:1
FNDA:5,(anonymous_0)
DA:3,15
DA:7,15
DA:12,5
DA:17,15
LF:4
LH:4
BRF:0
BRH:0
end_of_record
TN:
SF:src\services\MovieService.ts
FN:13,(anonymous_0)
FN:15,(anonymous_1)
FN:25,(anonymous_2)
FN:35,(anonymous_3)
FNF:4
FNH:4
FNDA:15,(anonymous_0)
FNDA:6,(anonymous_1)
FNDA:11,(anonymous_2)
FNDA:21,(anonymous_3)
DA:4,15
DA:6,15
DA:13,15
DA:15,6
DA:25,11
DA:35,21
LF:6
LH:6
BRDA:15,0,0,0
BRDA:15,1,0,6
BRDA:25,2,0,11
BRDA:25,3,0,11
BRF:4
BRH:3
end_of_record
