TN:
SF:src\App.tsx
FN:1,(anonymous_0)
FN:15,(anonymous_1)
FNF:2
FNH:2
FNDA:13,(anonymous_0)
FNDA:13,(anonymous_1)
DA:1,91
DA:15,13
DA:16,13
DA:28,13
DA:30,13
LF:5
LH:5
BRDA:1,0,0,13
BRF:1
BRH:1
end_of_record
TN:
SF:src\entry-client.tsx
FNF:0
FNH:0
DA:16,13
DA:17,13
DA:19,13
LF:3
LH:3
BRF:0
BRH:0
end_of_record
TN:
SF:src\assets\rarityOptions.ts
FNF:0
FNH:0
DA:1,13
LF:1
LH:1
BRF:0
BRH:0
end_of_record
TN:
SF:src\components\CurrentPage.tsx
FN:1,(anonymous_0)
FN:3,(anonymous_1)
FNF:2
FNH:2
FNDA:13,(anonymous_0)
FNDA:75,(anonymous_1)
DA:1,91
DA:3,13
DA:4,75
DA:9,13
DA:11,13
LF:5
LH:5
BRDA:1,0,0,13
BRF:1
BRH:1
end_of_record
TN:
SF:src\components\Footer.tsx
FN:1,(anonymous_0)
FN:4,(anonymous_1)
FNF:2
FNH:2
FNDA:13,(anonymous_0)
FNDA:13,(anonymous_1)
DA:1,91
DA:4,13
DA:5,13
DA:17,13
DA:19,13
LF:5
LH:5
BRDA:1,0,0,13
BRF:1
BRH:1
end_of_record
TN:
SF:src\components\Header.tsx
FN:1,(anonymous_0)
FN:7,(anonymous_1)
FN:8,(anonymous_2)
FN:21,(anonymous_3)
FN:24,(anonymous_4)
FN:27,(anonymous_5)
FNF:6
FNH:6
FNDA:13,(anonymous_0)
FNDA:75,(anonymous_1)
FNDA:225,(anonymous_2)
FNDA:75,(anonymous_3)
FNDA:75,(anonymous_4)
FNDA:75,(anonymous_5)
DA:1,91
DA:7,13
DA:8,75
DA:9,225
DA:12,75
DA:21,75
DA:24,75
DA:27,75
DA:34,13
DA:36,13
LF:10
LH:10
BRDA:1,0,0,13
BRDA:9,1,0,75
BRDA:9,1,1,150
BRF:3
BRH:3
end_of_record
TN:
SF:src\components\Layout.tsx
FN:1,(anonymous_0)
FN:4,(anonymous_1)
FNF:2
FNH:2
FNDA:13,(anonymous_0)
FNDA:13,(anonymous_1)
DA:1,91
DA:4,13
DA:5,13
DA:11,13
DA:13,13
LF:5
LH:5
BRDA:1,0,0,13
BRF:1
BRH:1
end_of_record
TN:
SF:src\components\Search.tsx
FN:6,(anonymous_1)
FN:8,(anonymous_2)
FN:12,(anonymous_3)
FN:17,(anonymous_4)
FN:25,(anonymous_5)
FN:6,(anonymous_6)
FNF:6
FNH:6
FNDA:123,(anonymous_1)
FNDA:243,(anonymous_2)
FNDA:60,(anonymous_3)
FNDA:5,(anonymous_4)
FNDA:5,(anonymous_5)
FNDA:6,(anonymous_6)
DA:6,123
DA:7,123
DA:8,243
DA:10,123
DA:12,123
DA:13,60
DA:14,60
DA:17,123
DA:18,5
DA:19,5
DA:22,123
DA:25,5
DA:41,13
DA:43,13
LF:14
LH:14
BRDA:10,0,0,123
BRDA:10,0,1,0
BRF:2
BRH:1
end_of_record
TN:
SF:src\components\Card\CardFormItem.tsx
FN:1,(anonymous_0)
FN:5,(anonymous_1)
FNF:2
FNH:2
FNDA:13,(anonymous_0)
FNDA:1,(anonymous_1)
DA:1,91
DA:5,13
DA:6,1
DA:33,13
DA:35,13
LF:5
LH:5
BRDA:1,0,0,13
BRDA:10,1,0,1
BRDA:10,1,1,1
BRDA:22,2,0,1
BRDA:22,2,1,0
BRDA:27,3,0,1
BRDA:27,3,1,0
BRF:7
BRH:5
end_of_record
TN:
SF:src\components\Card\CardFormList.tsx
FN:1,(anonymous_0)
FN:5,(anonymous_1)
FN:10,(anonymous_2)
FNF:3
FNH:3
FNDA:13,(anonymous_0)
FNDA:1,(anonymous_1)
FNDA:1,(anonymous_2)
DA:1,91
DA:5,13
DA:6,1
DA:11,1
DA:16,13
DA:18,13
LF:6
LH:6
BRDA:1,0,0,13
BRF:1
BRH:1
end_of_record
TN:
SF:src\components\Card\CardItem.tsx
FN:11,(anonymous_1)
FN:18,(anonymous_2)
FN:29,(anonymous_3)
FN:46,(anonymous_4)
FN:11,(anonymous_5)
FNF:5
FNH:5
FNDA:367,(anonymous_1)
FNDA:3,(anonymous_2)
FNDA:167,(anonymous_3)
FNDA:3,(anonymous_4)
FNDA:6,(anonymous_5)
DA:11,367
DA:12,367
DA:13,367
DA:14,367
DA:15,367
DA:16,367
DA:18,367
DA:19,3
DA:20,3
DA:21,3
DA:23,3
DA:29,367
DA:30,167
DA:31,6
DA:32,6
DA:33,6
DA:34,3
DA:35,3
DA:40,367
DA:44,367
DA:46,3
DA:73,13
DA:75,13
LF:23
LH:23
BRDA:30,0,0,6
BRDA:33,1,0,3
BRDA:40,2,0,8
BRDA:40,2,1,359
BRDA:48,3,0,367
BRDA:48,3,1,6
BRDA:52,4,0,367
BRDA:52,4,1,0
BRDA:62,5,0,367
BRDA:62,5,1,313
BRDA:70,6,0,367
BRDA:70,6,1,8
BRDA:70,6,2,8
BRF:13
BRH:12
end_of_record
TN:
SF:src\components\Card\CardList.tsx
FN:1,(anonymous_0)
FN:6,(anonymous_1)
FN:14,(anonymous_2)
FNF:3
FNH:3
FNDA:13,(anonymous_0)
FNDA:25,(anonymous_1)
FNDA:201,(anonymous_2)
DA:1,91
DA:6,13
DA:7,25
DA:14,201
DA:19,13
DA:21,13
LF:6
LH:6
BRDA:1,0,0,13
BRDA:11,1,0,0
BRDA:11,1,1,25
BRF:3
BRH:2
end_of_record
TN:
SF:src\components\Card\CardLoader.tsx
FN:1,(anonymous_0)
FN:3,(anonymous_1)
FNF:2
FNH:2
FNDA:13,(anonymous_0)
FNDA:38,(anonymous_1)
DA:1,91
DA:3,13
DA:4,38
DA:20,13
DA:22,13
LF:5
LH:5
BRDA:1,0,0,13
BRF:1
BRH:1
end_of_record
TN:
SF:src\components\Card\CardModal.tsx
FN:1,(anonymous_0)
FN:4,(anonymous_1)
FN:7,(anonymous_2)
FN:9,(anonymous_3)
FN:38,(anonymous_4)
FN:41,(anonymous_5)
FN:44,(anonymous_6)
FNF:7
FNH:6
FNDA:13,(anonymous_0)
FNDA:8,(anonymous_1)
FNDA:0,(anonymous_2)
FNDA:2,(anonymous_3)
FNDA:24,(anonymous_4)
FNDA:696,(anonymous_5)
FNDA:8,(anonymous_6)
DA:1,91
DA:4,13
DA:5,8
DA:7,0
DA:9,2
DA:38,24
DA:41,696
DA:44,8
DA:57,13
DA:59,13
LF:10
LH:9
BRDA:1,0,0,13
BRDA:15,1,0,8
BRDA:15,1,1,8
BRDA:31,2,0,8
BRDA:31,2,1,8
BRDA:47,3,0,8
BRDA:47,3,1,8
BRF:7
BRH:7
end_of_record
TN:
SF:src\components\Card\CardModalLoader.tsx
FN:1,(anonymous_0)
FN:3,(anonymous_1)
FNF:2
FNH:2
FNDA:13,(anonymous_0)
FNDA:6,(anonymous_1)
DA:1,91
DA:3,13
DA:4,6
DA:10,13
DA:12,13
LF:5
LH:5
BRDA:1,0,0,13
BRF:1
BRH:1
end_of_record
TN:
SF:src\components\Card\EmptyResultMessage.tsx
FN:1,(anonymous_0)
FN:3,(anonymous_1)
FNF:2
FNH:1
FNDA:13,(anonymous_0)
FNDA:0,(anonymous_1)
DA:1,91
DA:3,13
DA:4,0
DA:5,13
DA:7,13
LF:5
LH:4
BRDA:1,0,0,13
BRF:1
BRH:1
end_of_record
TN:
SF:src\components\Form\Form.tsx
FN:17,(anonymous_1)
FN:28,(anonymous_2)
FN:116,(anonymous_3)
FN:17,(anonymous_4)
FNF:4
FNH:4
FNDA:9,(anonymous_1)
FNDA:1,(anonymous_2)
FNDA:1,(anonymous_3)
FNDA:5,(anonymous_4)
DA:17,13
DA:18,9
DA:24,13
DA:28,9
DA:29,1
DA:30,1
DA:31,1
DA:32,1
DA:35,9
DA:117,1
DA:143,13
DA:145,13
LF:12
LH:12
BRDA:62,0,0,9
BRDA:62,0,1,7
BRDA:63,1,0,9
BRDA:63,1,1,7
BRDA:85,2,0,9
BRDA:85,2,1,9
BRDA:86,3,0,9
BRDA:86,3,1,9
BRDA:117,4,0,1
BRDA:117,4,1,1
BRDA:117,4,2,0
BRF:11
BRH:10
end_of_record
TN:
SF:src\components\Form\FormCheckbox.tsx
FN:1,(anonymous_0)
FN:3,(anonymous_1)
FNF:2
FNH:2
FNDA:13,(anonymous_0)
FNDA:9,(anonymous_1)
DA:1,91
DA:3,13
DA:4,9
DA:18,13
DA:20,13
LF:5
LH:5
BRDA:1,0,0,13
BRF:1
BRH:1
end_of_record
TN:
SF:src\components\Form\FormChekboxWrap.tsx
FN:1,(anonymous_0)
FN:4,(anonymous_1)
FNF:2
FNH:2
FNDA:13,(anonymous_0)
FNDA:9,(anonymous_1)
DA:1,91
DA:4,13
DA:12,9
DA:19,13
DA:21,13
LF:5
LH:5
BRDA:1,0,0,13
BRDA:16,1,0,9
BRDA:16,1,1,0
BRF:3
BRH:2
end_of_record
TN:
SF:src\components\Form\FormDateInput.tsx
FN:1,(anonymous_0)
FN:4,(anonymous_1)
FNF:2
FNH:2
FNDA:13,(anonymous_0)
FNDA:9,(anonymous_1)
DA:1,91
DA:4,13
DA:12,9
DA:26,13
DA:28,13
LF:5
LH:5
BRDA:1,0,0,13
BRDA:23,1,0,9
BRDA:23,1,1,2
BRDA:23,2,0,2
BRDA:23,2,1,0
BRF:5
BRH:4
end_of_record
TN:
SF:src\components\Form\FormErrorMessage.tsx
FN:1,(anonymous_0)
FN:3,(anonymous_1)
FNF:2
FNH:2
FNDA:13,(anonymous_0)
FNDA:12,(anonymous_1)
DA:1,91
DA:3,13
DA:4,12
DA:5,13
DA:7,13
LF:5
LH:5
BRDA:1,0,0,13
BRF:1
BRH:1
end_of_record
TN:
SF:src\components\Form\FormFileInput.tsx
FN:1,(anonymous_0)
FN:4,(anonymous_1)
FNF:2
FNH:2
FNDA:13,(anonymous_0)
FNDA:9,(anonymous_1)
DA:1,91
DA:4,13
DA:12,9
DA:27,13
DA:29,13
LF:5
LH:5
BRDA:1,0,0,13
BRDA:24,1,0,9
BRDA:24,1,1,2
BRDA:24,2,0,2
BRDA:24,2,1,0
BRF:5
BRH:4
end_of_record
TN:
SF:src\components\Form\FormNumberInput.tsx
FN:1,(anonymous_0)
FN:4,(anonymous_1)
FNF:2
FNH:2
FNDA:13,(anonymous_0)
FNDA:9,(anonymous_1)
DA:1,91
DA:4,13
DA:12,9
DA:26,13
DA:28,13
LF:5
LH:5
BRDA:1,0,0,13
BRDA:23,1,0,9
BRDA:23,1,1,2
BRDA:23,2,0,2
BRDA:23,2,1,0
BRF:5
BRH:4
end_of_record
TN:
SF:src\components\Form\FormRadio.tsx
FN:1,(anonymous_0)
FN:3,(anonymous_1)
FNF:2
FNH:2
FNDA:13,(anonymous_0)
FNDA:18,(anonymous_1)
DA:1,91
DA:3,13
DA:10,18
DA:25,13
DA:27,13
LF:5
LH:5
BRDA:1,0,0,13
BRF:1
BRH:1
end_of_record
TN:
SF:src\components\Form\FormRadioWrap.tsx
FN:1,(anonymous_0)
FN:4,(anonymous_1)
FNF:2
FNH:2
FNDA:13,(anonymous_0)
FNDA:9,(anonymous_1)
DA:1,91
DA:4,13
DA:12,9
DA:19,13
DA:21,13
LF:5
LH:5
BRDA:1,0,0,13
BRDA:16,1,0,9
BRDA:16,1,1,2
BRF:3
BRH:3
end_of_record
TN:
SF:src\components\Form\FormSelect.tsx
FN:1,(anonymous_0)
FN:5,(anonymous_1)
FN:22,(anonymous_2)
FNF:3
FNH:3
FNDA:13,(anonymous_0)
FNDA:9,(anonymous_1)
FNDA:72,(anonymous_2)
DA:1,91
DA:5,13
DA:13,9
DA:23,72
DA:31,13
DA:33,13
LF:6
LH:6
BRDA:1,0,0,13
BRDA:28,1,0,9
BRDA:28,1,1,2
BRDA:28,2,0,2
BRDA:28,2,1,0
BRF:5
BRH:4
end_of_record
TN:
SF:src\components\Form\FormTextInput.tsx
FN:1,(anonymous_0)
FN:4,(anonymous_1)
FNF:2
FNH:2
FNDA:13,(anonymous_0)
FNDA:9,(anonymous_1)
DA:1,91
DA:4,13
DA:12,9
DA:26,13
DA:28,13
LF:5
LH:5
BRDA:1,0,0,13
BRDA:23,1,0,9
BRDA:23,1,1,2
BRDA:23,2,0,2
BRDA:23,2,1,0
BRF:5
BRH:4
end_of_record
TN:
SF:src\helper\helper.ts
FN:1,(anonymous_0)
FNF:1
FNH:1
FNDA:368,(anonymous_0)
DA:1,13
DA:2,368
DA:3,0
DA:4,368
DA:5,0
DA:6,368
DA:7,270
DA:9,98
LF:8
LH:6
BRDA:2,0,0,0
BRDA:2,0,1,368
BRDA:4,1,0,0
BRDA:4,1,1,368
BRDA:6,2,0,270
BRF:5
BRH:3
end_of_record
TN:
SF:src\hooks\redux.ts
FN:4,(anonymous_0)
FNF:1
FNH:1
FNDA:132,(anonymous_0)
DA:4,132
DA:5,13
LF:2
LH:2
BRF:0
BRH:0
end_of_record
TN:
SF:src\pages\AboutUsPage.tsx
FN:1,(anonymous_0)
FN:4,(anonymous_1)
FNF:2
FNH:2
FNDA:13,(anonymous_0)
FNDA:6,(anonymous_1)
DA:1,91
DA:4,13
DA:5,6
DA:13,13
DA:15,13
LF:5
LH:5
BRDA:1,0,0,13
BRF:1
BRH:1
end_of_record
TN:
SF:src\pages\FormPage.tsx
FN:8,(anonymous_1)
FN:9,(anonymous_2)
FN:8,(anonymous_3)
FNF:3
FNH:3
FNDA:6,(anonymous_1)
FNDA:8,(anonymous_2)
FNDA:5,(anonymous_3)
DA:8,13
DA:9,13
DA:11,6
DA:24,13
DA:26,13
LF:5
LH:5
BRDA:18,0,0,6
BRDA:18,0,1,1
BRF:2
BRH:2
end_of_record
TN:
SF:src\pages\MainPage.tsx
FN:11,(anonymous_1)
FN:12,(anonymous_2)
FN:21,(anonymous_3)
FN:11,(anonymous_4)
FNF:4
FNH:4
FNDA:75,(anonymous_1)
FNDA:210,(anonymous_2)
FNDA:32,(anonymous_3)
FNDA:6,(anonymous_4)
DA:11,75
DA:12,210
DA:14,75
DA:15,75
DA:17,75
DA:19,75
DA:21,75
DA:22,32
DA:23,18
DA:24,18
DA:25,6
DA:28,14
DA:29,14
DA:30,14
DA:35,75
DA:48,13
DA:50,13
LF:17
LH:17
BRDA:22,0,0,18
BRDA:22,0,1,14
BRDA:24,1,0,6
BRDA:29,2,0,14
BRDA:42,3,0,25
BRDA:42,3,1,50
BRF:6
BRH:6
end_of_record
TN:
SF:src\pages\NotFoundPage.tsx
FN:1,(anonymous_0)
FN:5,(anonymous_1)
FNF:2
FNH:1
FNDA:13,(anonymous_0)
FNDA:0,(anonymous_1)
DA:1,91
DA:5,13
DA:6,0
DA:16,13
DA:18,13
LF:5
LH:4
BRDA:1,0,0,13
BRF:1
BRH:1
end_of_record
TN:
SF:src\redux\store.ts
FN:12,(anonymous_0)
FN:15,(anonymous_1)
FNF:2
FNH:2
FNDA:13,(anonymous_0)
FNDA:13,(anonymous_1)
DA:6,13
DA:12,13
DA:13,13
DA:15,13
LF:4
LH:4
BRF:0
BRH:0
end_of_record
TN:
SF:src\redux\reducers\FormReducer.ts
FN:16,(anonymous_0)
FNF:1
FNH:1
FNDA:1,(anonymous_0)
DA:8,13
DA:12,13
DA:17,1
DA:22,13
LF:4
LH:4
BRF:0
BRH:0
end_of_record
TN:
SF:src\redux\reducers\SearchReducer.ts
FN:11,(anonymous_0)
FNF:1
FNH:1
FNDA:5,(anonymous_0)
DA:3,13
DA:7,13
DA:12,5
DA:17,13
LF:4
LH:4
BRF:0
BRH:0
end_of_record
TN:
SF:src\services\MovieService.ts
FN:13,(anonymous_0)
FN:15,(anonymous_1)
FN:25,(anonymous_2)
FN:35,(anonymous_3)
FNF:4
FNH:4
FNDA:13,(anonymous_0)
FNDA:6,(anonymous_1)
FNDA:11,(anonymous_2)
FNDA:21,(anonymous_3)
DA:4,13
DA:6,13
DA:13,13
DA:15,6
DA:25,11
DA:35,21
LF:6
LH:6
BRDA:15,0,0,0
BRDA:15,1,0,6
BRDA:25,2,0,11
BRDA:25,3,0,11
BRF:4
BRH:3
end_of_record
